2026-06-05T23:55:07+0100 [INFO] Total unitaries: 0 = 0 (left) + 0 (right)
2026-06-05T23:55:07+0100 [INFO] Pass: ElidePermutations - 0.02766 (ms)
2026-06-05T23:55:07+0100 [INFO] Pass: SabreSwap - 25.32697 (ms)
2026-06-05T23:55:07+0100 [INFO] Pass: ElidePermutations - 0.00906 (ms)
2026-06-05T23:55:07+0100 [INFO] Pass: SabreSwap - 21.77143 (ms)
2026-06-05T23:55:07+0100 [INFO] [start compressing] -> {'max_bond': 1, 'max_links': 4, 'total_elems': 256, 'total_shapes': 382, 'total_links': 254, 'num_tensors': 64}
2026-06-05T23:55:08+0100 [INFO] [1L/683](swap: 3, u: 0 | c_u: 0 | t_u_l: 0/0 | t_u_r: 0/0 | t_u: 0/0) -> {'max_bond': 1, 'max_links': 4, 'total_elems': 256, 'total_shapes': 382, 'total_links': 254, 'num_tensors': 64}
2026-06-05T23:55:08+0100 [INFO] [2L/683](swap: 6, u: 0 | c_u: 0 | t_u_l: 0/0 | t_u_r: 0/0 | t_u: 0/0) -> {'max_bond': 4, 'max_links': 4, 'total_elems': 328, 'total_shapes': 400, 'total_links': 254, 'num_tensors': 64}
2026-06-05T23:55:08+0100 [INFO] [3L/683](swap: 13, u: 0 | c_u: 0 | t_u_l: 0/0 | t_u_r: 0/0 | t_u: 0/0) -> {'max_bond': 4, 'max_links': 4, 'total_elems': 508, 'total_shapes': 436, 'total_links': 254, 'num_tensors': 64}
2026-06-05T23:55:08+0100 [INFO] [1R/665](swap: 8, u: 0 | c_u: 0 | t_u_l: 0/0 | t_u_r: 0/0 | t_u: 0/0) -> {'max_bond': 4, 'max_links': 4, 'total_elems': 604, 'total_shapes': 460, 'total_links': 254, 'num_tensors': 64}
2026-06-05T23:55:08+0100 [INFO] [2R/665](swap: 10, u: 0 | c_u: 0 | t_u_l: 0/0 | t_u_r: 0/0 | t_u: 0/0) -> {'max_bond': 4, 'max_links': 4, 'total_elems': 1132, 'total_shapes': 520, 'total_links': 254, 'num_tensors': 64}
2026-06-05T23:55:09+0100 [INFO] [4L/683](swap: 14, u: 0 | c_u: 0 | t_u_l: 0/0 | t_u_r: 0/0 | t_u: 0/0) -> {'max_bond': 4, 'max_links': 4, 'total_elems': 1756, 'total_shapes': 568, 'total_links': 254, 'num_tensors': 64}
2026-06-05T23:55:09+0100 [INFO] [3R/665](swap: 11, u: 0 | c_u: 0 | t_u_l: 0/0 | t_u_r: 0/0 | t_u: 0/0) -> {'max_bond': 16, 'max_links': 4, 'total_elems': 2944, 'total_shapes': 658, 'total_links': 254, 'num_tensors': 64}
2026-06-05T23:55:09+0100 [INFO] [5L/683](swap: 14, u: 0 | c_u: 0 | t_u_l: 0/0 | t_u_r: 0/0 | t_u: 0/0) -> {'max_bond': 16, 'max_links': 4, 'total_elems': 4396, 'total_shapes': 724, 'total_links': 254, 'num_tensors': 64}
2026-06-05T23:55:09+0100 [INFO] [6L/683](swap: 12, u: 0 | c_u: 0 | t_u_l: 0/0 | t_u_r: 0/0 | t_u: 0/0) -> {'max_bond': 16, 'max_links': 4, 'total_elems': 7452, 'total_shapes': 888, 'total_links': 254, 'num_tensors': 64}
2026-06-05T23:55:10+0100 [INFO] [4R/665](swap: 11, u: 0 | c_u: 0 | t_u_l: 0/0 | t_u_r: 0/0 | t_u: 0/0) -> {'max_bond': 16, 'max_links': 4, 'total_elems': 11640, 'total_shapes': 1008, 'total_links': 254, 'num_tensors': 64}
2026-06-05T23:55:10+0100 [INFO] [5R/665](swap: 9, u: 0 | c_u: 0 | t_u_l: 0/0 | t_u_r: 0/0 | t_u: 0/0) -> {'max_bond': 64, 'max_links': 4, 'total_elems': 20760, 'total_shapes': 1182, 'total_links': 254, 'num_tensors': 64}
2026-06-05T23:55:10+0100 [INFO] [7L/683](swap: 12, u: 0 | c_u: 0 | t_u_l: 0/0 | t_u_r: 0/0 | t_u: 0/0) -> {'max_bond': 64, 'max_links': 4, 'total_elems': 30516, 'total_shapes': 1362, 'total_links': 254, 'num_tensors': 64}
2026-06-05T23:55:11+0100 [INFO] [6R/665](swap: 9, u: 0 | c_u: 0 | t_u_l: 0/0 | t_u_r: 0/0 | t_u: 0/0) -> {'max_bond': 64, 'max_links': 4, 'total_elems': 63156, 'total_shapes': 1602, 'total_links': 254, 'num_tensors': 64}
2026-06-05T23:55:11+0100 [INFO] [7R/665](swap: 8, u: 0 | c_u: 0 | t_u_l: 0/0 | t_u_r: 0/0 | t_u: 0/0) -> {'max_bond': 64, 'max_links': 4, 'total_elems': 65076, 'total_shapes': 1650, 'total_links': 254, 'num_tensors': 64}
2026-06-05T23:55:11+0100 [INFO] [8R/665](swap: 6, u: 0 | c_u: 0 | t_u_l: 0/0 | t_u_r: 0/0 | t_u: 0/0) -> {'max_bond': 64, 'max_links': 4, 'total_elems': 71280, 'total_shapes': 1752, 'total_links': 254, 'num_tensors': 64}
2026-06-05T23:55:12+0100 [INFO] [9R/665](swap: 7, u: 0 | c_u: 0 | t_u_l: 0/0 | t_u_r: 0/0 | t_u: 0/0) -> {'max_bond': 64, 'max_links': 4, 'total_elems': 112524, 'total_shapes': 1992, 'total_links': 254, 'num_tensors': 64}
2026-06-05T23:55:12+0100 [INFO] [10R/665](swap: 9, u: 0 | c_u: 0 | t_u_l: 0/0 | t_u_r: 0/0 | t_u: 0/0) -> {'max_bond': 64, 'max_links': 4, 'total_elems': 116292, 'total_shapes': 2100, 'total_links': 254, 'num_tensors': 64}
2026-06-05T23:55:12+0100 [INFO] [11R/665](swap: 6, u: 0 | c_u: 0 | t_u_l: 0/0 | t_u_r: 0/0 | t_u: 0/0) -> {'max_bond': 64, 'max_links': 4, 'total_elems': 120228, 'total_shapes': 2202, 'total_links': 254, 'num_tensors': 64}
2026-06-05T23:55:13+0100 [INFO] [12R/665](swap: 6, u: 0 | c_u: 0 | t_u_l: 0/0 | t_u_r: 0/0 | t_u: 0/0) -> {'max_bond': 64, 'max_links': 4, 'total_elems': 124068, 'total_shapes': 2298, 'total_links': 254, 'num_tensors': 64}
2026-06-05T23:55:14+0100 [INFO] [13R/665](swap: 6, u: 0 | c_u: 0 | t_u_l: 0/0 | t_u_r: 0/0 | t_u: 0/0) -> {'max_bond': 64, 'max_links': 4, 'total_elems': 148580, 'total_shapes': 2546, 'total_links': 254, 'num_tensors': 64}
2026-06-05T23:55:14+0100 [INFO] [8L/683](swap: 12, u: 0 | c_u: 0 | t_u_l: 0/0 | t_u_r: 0/0 | t_u: 0/0) -> {'max_bond': 64, 'max_links': 4, 'total_elems': 143204, 'total_shapes': 2498, 'total_links': 254, 'num_tensors': 64}
2026-06-05T23:55:15+0100 [INFO] [14R/665](swap: 6, u: 0 | c_u: 0 | t_u_l: 0/0 | t_u_r: 0/0 | t_u: 0/0) -> {'max_bond': 256, 'max_links': 4, 'total_elems': 269156, 'total_shapes': 3170, 'total_links': 254, 'num_tensors': 64}
2026-06-05T23:55:16+0100 [INFO] [9L/683](swap: 12, u: 0 | c_u: 0 | t_u_l: 0/0 | t_u_r: 0/0 | t_u: 0/0) -> {'max_bond': 256, 'max_links': 4, 'total_elems': 315556, 'total_shapes': 3402, 'total_links': 254, 'num_tensors': 64}
2026-06-05T23:55:17+0100 [INFO] [15R/665](swap: 7, u: 0 | c_u: 0 | t_u_l: 0/0 | t_u_r: 0/0 | t_u: 0/0) -> {'max_bond': 256, 'max_links': 4, 'total_elems': 565604, 'total_shapes': 3954, 'total_links': 254, 'num_tensors': 64}
2026-06-05T23:55:18+0100 [INFO] [10L/683](swap: 13, u: 0 | c_u: 0 | t_u_l: 0/0 | t_u_r: 0/0 | t_u: 0/0) -> {'max_bond': 256, 'max_links': 4, 'total_elems': 572324, 'total_shapes': 4090, 'total_links': 254, 'num_tensors': 64}
2026-06-05T23:55:19+0100 [INFO] [11L/683](swap: 12, u: 0 | c_u: 0 | t_u_l: 0/0 | t_u_r: 0/0 | t_u: 0/0) -> {'max_bond': 256, 'max_links': 4, 'total_elems': 715556, 'total_shapes': 4858, 'total_links': 254, 'num_tensors': 64}
2026-06-05T23:55:20+0100 [INFO] [16R/665](swap: 7, u: 0 | c_u: 0 | t_u_l: 0/0 | t_u_r: 0/0 | t_u: 0/0) -> {'max_bond': 256, 'max_links': 4, 'total_elems': 622372, 'total_shapes': 4506, 'total_links': 254, 'num_tensors': 64}
2026-06-05T23:55:21+0100 [INFO] [17R/665](swap: 7, u: 0 | c_u: 0 | t_u_l: 0/0 | t_u_r: 0/0 | t_u: 0/0) -> {'max_bond': 256, 'max_links': 4, 'total_elems': 918308, 'total_shapes': 5178, 'total_links': 254, 'num_tensors': 64}
2026-06-05T23:55:22+0100 [INFO]     [start unswap] -> {'max_bond': 256, 'max_links': 4, 'total_elems': 918308, 'total_shapes': 5178, 'total_links': 254, 'num_tensors': 64}
2026-06-05T23:55:31+0100 [INFO]     [0 | both | 0](new_swaps: 12 | total: 12) -> {'max_bond': 480, 'max_links': 4, 'total_elems': 1322916, 'total_shapes': 5650, 'total_links': 254, 'num_tensors': 64}
2026-06-05T23:55:34+0100 [INFO]     [0 | both | 1](new_swaps: 19 | total: 31) -> {'max_bond': 376, 'max_links': 4, 'total_elems': 902996, 'total_shapes': 4102, 'total_links': 254, 'num_tensors': 64}
2026-06-05T23:55:35+0100 [INFO]     [0 | left | 0](new_swaps: 11 | total: 42) -> {'max_bond': 346, 'max_links': 4, 'total_elems': 788876, 'total_shapes': 3710, 'total_links': 254, 'num_tensors': 64}
2026-06-05T23:55:35+0100 [INFO]     [0 | left | 1](new_swaps: 16 | total: 58) -> {'max_bond': 323, 'max_links': 4, 'total_elems': 678584, 'total_shapes': 3212, 'total_links': 254, 'num_tensors': 64}
2026-06-05T23:55:36+0100 [INFO]     [0 | right | 0](new_swaps: 10 | total: 68) -> {'max_bond': 303, 'max_links': 4, 'total_elems': 611800, 'total_shapes': 2974, 'total_links': 254, 'num_tensors': 64}
2026-06-05T23:55:37+0100 [INFO]     [0 | right | 1](new_swaps: 7 | total: 75) -> {'max_bond': 286, 'max_links': 4, 'total_elems': 557444, 'total_shapes': 2810, 'total_links': 254, 'num_tensors': 64}
2026-06-05T23:55:38+0100 [INFO]     [1 | both | 0](new_swaps: 11 | total: 11) -> {'max_bond': 258, 'max_links': 4, 'total_elems': 448292, 'total_shapes': 2430, 'total_links': 254, 'num_tensors': 64}
2026-06-05T23:55:39+0100 [INFO]     [1 | both | 1](new_swaps: 9 | total: 20) -> {'max_bond': 233, 'max_links': 4, 'total_elems': 352128, 'total_shapes': 2088, 'total_links': 254, 'num_tensors': 64}
2026-06-05T23:55:40+0100 [INFO]     [1 | left | 0](new_swaps: 6 | total: 26) -> {'max_bond': 221, 'max_links': 4, 'total_elems': 315724, 'total_shapes': 1976, 'total_links': 254, 'num_tensors': 64}
2026-06-05T23:55:40+0100 [INFO]     [1 | left | 1](new_swaps: 6 | total: 32) -> {'max_bond': 210, 'max_links': 4, 'total_elems': 281636, 'total_shapes': 1884, 'total_links': 254, 'num_tensors': 64}
2026-06-05T23:55:40+0100 [INFO]     [1 | right | 0](new_swaps: 4 | total: 36) -> {'max_bond': 199, 'max_links': 4, 'total_elems': 246168, 'total_shapes': 1798, 'total_links': 254, 'num_tensors': 64}
2026-06-05T23:55:41+0100 [INFO]     [1 | right | 1](new_swaps: 4 | total: 40) -> {'max_bond': 187, 'max_links': 4, 'total_elems': 212452, 'total_shapes': 1714, 'total_links': 254, 'num_tensors': 64}
2026-06-05T23:55:42+0100 [INFO]     [2 | both | 0](new_swaps: 7 | total: 7) -> {'max_bond': 163, 'max_links': 4, 'total_elems': 145812, 'total_shapes': 1482, 'total_links': 254, 'num_tensors': 64}
2026-06-05T23:55:42+0100 [INFO]     [2 | both | 1](new_swaps: 9 | total: 16) -> {'max_bond': 147, 'max_links': 4, 'total_elems': 101460, 'total_shapes': 1298, 'total_links': 254, 'num_tensors': 64}
2026-06-05T23:55:43+0100 [INFO]     [2 | left | 0](new_swaps: 4 | total: 20) -> {'max_bond': 142, 'max_links': 4, 'total_elems': 91332, 'total_shapes': 1254, 'total_links': 254, 'num_tensors': 64}
[2026-06-05T23:55:43.310] error: *** STEP 34608847.0 ON erc-hpc-vm063 CANCELLED AT 2026-06-05T23:55:43 DUE to SIGNAL Terminated ***
[2026-06-05T23:55:43.312] error: *** JOB 34608847 ON erc-hpc-vm063 CANCELLED AT 2026-06-05T23:55:43 DUE to SIGNAL Terminated ***
