2026-06-05T23:55:37+0100 [INFO] Total unitaries: 0 = 0 (left) + 0 (right)
2026-06-05T23:55:37+0100 [INFO] Pass: ElidePermutations - 0.02670 (ms)
2026-06-05T23:55:37+0100 [INFO] Pass: SabreSwap - 27.55928 (ms)
2026-06-05T23:55:37+0100 [INFO] Pass: ElidePermutations - 0.61727 (ms)
2026-06-05T23:55:37+0100 [INFO] Pass: SabreSwap - 29.18768 (ms)
2026-06-05T23:55:37+0100 [INFO] [start compressing] -> {'max_bond': 1, 'max_links': 4, 'total_elems': 192, 'total_shapes': 286, 'total_links': 190, 'num_tensors': 48}
2026-06-05T23:55:38+0100 [INFO] [1L/820](swap: 3, u: 0 | c_u: 0 | t_u_l: 0/0 | t_u_r: 0/0 | t_u: 0/0) -> {'max_bond': 1, 'max_links': 4, 'total_elems': 192, 'total_shapes': 286, 'total_links': 190, 'num_tensors': 48}
2026-06-05T23:55:38+0100 [INFO] [2L/820](swap: 6, u: 0 | c_u: 0 | t_u_l: 0/0 | t_u_r: 0/0 | t_u: 0/0) -> {'max_bond': 4, 'max_links': 4, 'total_elems': 284, 'total_shapes': 306, 'total_links': 190, 'num_tensors': 48}
2026-06-05T23:55:38+0100 [INFO] [3L/820](swap: 8, u: 0 | c_u: 0 | t_u_l: 0/0 | t_u_r: 0/0 | t_u: 0/0) -> {'max_bond': 4, 'max_links': 4, 'total_elems': 496, 'total_shapes': 344, 'total_links': 190, 'num_tensors': 48}
2026-06-05T23:55:38+0100 [INFO] [1R/827](swap: 6, u: 0 | c_u: 0 | t_u_l: 0/0 | t_u_r: 0/0 | t_u: 0/0) -> {'max_bond': 4, 'max_links': 4, 'total_elems': 652, 'total_shapes': 368, 'total_links': 190, 'num_tensors': 48}
2026-06-05T23:55:38+0100 [INFO] [2R/827](swap: 9, u: 0 | c_u: 0 | t_u_l: 0/0 | t_u_r: 0/0 | t_u: 0/0) -> {'max_bond': 4, 'max_links': 4, 'total_elems': 1036, 'total_shapes': 410, 'total_links': 190, 'num_tensors': 48}
2026-06-05T23:55:38+0100 [INFO] [4L/820](swap: 10, u: 0 | c_u: 0 | t_u_l: 0/0 | t_u_r: 0/0 | t_u: 0/0) -> {'max_bond': 4, 'max_links': 4, 'total_elems': 1440, 'total_shapes': 454, 'total_links': 190, 'num_tensors': 48}
2026-06-05T23:55:38+0100 [INFO] [3R/827](swap: 11, u: 0 | c_u: 0 | t_u_l: 0/0 | t_u_r: 0/0 | t_u: 0/0) -> {'max_bond': 16, 'max_links': 4, 'total_elems': 2560, 'total_shapes': 530, 'total_links': 190, 'num_tensors': 48}
2026-06-05T23:55:38+0100 [INFO] [5L/820](swap: 7, u: 0 | c_u: 0 | t_u_l: 0/0 | t_u_r: 0/0 | t_u: 0/0) -> {'max_bond': 16, 'max_links': 4, 'total_elems': 3804, 'total_shapes': 610, 'total_links': 190, 'num_tensors': 48}
2026-06-05T23:55:39+0100 [INFO] [6L/820](swap: 7, u: 0 | c_u: 0 | t_u_l: 0/0 | t_u_r: 0/0 | t_u: 0/0) -> {'max_bond': 16, 'max_links': 4, 'total_elems': 6552, 'total_shapes': 712, 'total_links': 190, 'num_tensors': 48}
2026-06-05T23:55:39+0100 [INFO] [4R/827](swap: 10, u: 0 | c_u: 0 | t_u_l: 0/0 | t_u_r: 0/0 | t_u: 0/0) -> {'max_bond': 16, 'max_links': 4, 'total_elems': 11544, 'total_shapes': 868, 'total_links': 190, 'num_tensors': 48}
2026-06-05T23:55:39+0100 [INFO] [5R/827](swap: 10, u: 0 | c_u: 0 | t_u_l: 0/0 | t_u_r: 0/0 | t_u: 0/0) -> {'max_bond': 16, 'max_links': 4, 'total_elems': 17436, 'total_shapes': 982, 'total_links': 190, 'num_tensors': 48}
2026-06-05T23:55:39+0100 [INFO] [7L/820](swap: 6, u: 0 | c_u: 0 | t_u_l: 0/0 | t_u_r: 0/0 | t_u: 0/0) -> {'max_bond': 64, 'max_links': 4, 'total_elems': 31580, 'total_shapes': 1182, 'total_links': 190, 'num_tensors': 48}
2026-06-05T23:55:39+0100 [INFO] [8L/820](swap: 6, u: 0 | c_u: 0 | t_u_l: 0/0 | t_u_r: 0/0 | t_u: 0/0) -> {'max_bond': 64, 'max_links': 4, 'total_elems': 33792, 'total_shapes': 1216, 'total_links': 190, 'num_tensors': 48}
2026-06-05T23:55:40+0100 [INFO] [9L/820](swap: 7, u: 0 | c_u: 0 | t_u_l: 0/0 | t_u_r: 0/0 | t_u: 0/0) -> {'max_bond': 64, 'max_links': 4, 'total_elems': 42024, 'total_shapes': 1380, 'total_links': 190, 'num_tensors': 48}
2026-06-05T23:55:40+0100 [INFO] [6R/827](swap: 7, u: 0 | c_u: 0 | t_u_l: 0/0 | t_u_r: 0/0 | t_u: 0/0) -> {'max_bond': 64, 'max_links': 4, 'total_elems': 59940, 'total_shapes': 1626, 'total_links': 190, 'num_tensors': 48}
2026-06-05T23:55:40+0100 [INFO] [10L/820](swap: 9, u: 0 | c_u: 0 | t_u_l: 0/0 | t_u_r: 0/0 | t_u: 0/0) -> {'max_bond': 64, 'max_links': 4, 'total_elems': 98212, 'total_shapes': 2062, 'total_links': 190, 'num_tensors': 48}
2026-06-05T23:55:40+0100 [INFO] [7R/827](swap: 5, u: 0 | c_u: 0 | t_u_l: 0/0 | t_u_r: 0/0 | t_u: 0/0) -> {'max_bond': 64, 'max_links': 4, 'total_elems': 145348, 'total_shapes': 2380, 'total_links': 190, 'num_tensors': 48}
2026-06-05T23:55:41+0100 [INFO] [8R/827](swap: 2, u: 0 | c_u: 0 | t_u_l: 0/0 | t_u_r: 0/0 | t_u: 0/0) -> {'max_bond': 64, 'max_links': 4, 'total_elems': 152004, 'total_shapes': 2436, 'total_links': 190, 'num_tensors': 48}
2026-06-05T23:55:41+0100 [INFO] [9R/827](swap: 3, u: 0 | c_u: 0 | t_u_l: 0/0 | t_u_r: 0/0 | t_u: 0/0) -> {'max_bond': 64, 'max_links': 4, 'total_elems': 139716, 'total_shapes': 2372, 'total_links': 190, 'num_tensors': 48}
2026-06-05T23:55:42+0100 [INFO] [10R/827](swap: 3, u: 0 | c_u: 0 | t_u_l: 0/0 | t_u_r: 0/0 | t_u: 0/0) -> {'max_bond': 64, 'max_links': 4, 'total_elems': 156420, 'total_shapes': 2412, 'total_links': 190, 'num_tensors': 48}
2026-06-05T23:55:42+0100 [INFO] [11R/827](swap: 3, u: 0 | c_u: 0 | t_u_l: 0/0 | t_u_r: 0/0 | t_u: 0/0) -> {'max_bond': 64, 'max_links': 4, 'total_elems': 175428, 'total_shapes': 2532, 'total_links': 190, 'num_tensors': 48}
2026-06-05T23:55:43+0100 [INFO] [12R/827](swap: 4, u: 0 | c_u: 0 | t_u_l: 0/0 | t_u_r: 0/0 | t_u: 0/0) -> {'max_bond': 128, 'max_links': 4, 'total_elems': 190724, 'total_shapes': 2620, 'total_links': 190, 'num_tensors': 48}
2026-06-05T23:55:43+0100 [INFO] [13R/827](swap: 4, u: 0 | c_u: 0 | t_u_l: 0/0 | t_u_r: 0/0 | t_u: 0/0) -> {'max_bond': 128, 'max_links': 4, 'total_elems': 189188, 'total_shapes': 2604, 'total_links': 190, 'num_tensors': 48}
2026-06-05T23:55:44+0100 [INFO] [14R/827](swap: 4, u: 0 | c_u: 0 | t_u_l: 0/0 | t_u_r: 0/0 | t_u: 0/0) -> {'max_bond': 128, 'max_links': 4, 'total_elems': 252164, 'total_shapes': 3020, 'total_links': 190, 'num_tensors': 48}
2026-06-05T23:55:44+0100 [INFO] [15R/827](swap: 5, u: 0 | c_u: 0 | t_u_l: 0/0 | t_u_r: 0/0 | t_u: 0/0) -> {'max_bond': 128, 'max_links': 4, 'total_elems': 452228, 'total_shapes': 3460, 'total_links': 190, 'num_tensors': 48}
2026-06-05T23:55:46+0100 [INFO] [16R/827](swap: 4, u: 0 | c_u: 0 | t_u_l: 0/0 | t_u_r: 0/0 | t_u: 0/0) -> {'max_bond': 511, 'max_links': 4, 'total_elems': 844932, 'total_shapes': 4234, 'total_links': 190, 'num_tensors': 48}
2026-06-05T23:55:47+0100 [INFO] [17R/827](swap: 5, u: 0 | c_u: 0 | t_u_l: 0/0 | t_u_r: 0/0 | t_u: 0/0) -> {'max_bond': 510, 'max_links': 4, 'total_elems': 855812, 'total_shapes': 4328, 'total_links': 190, 'num_tensors': 48}
[2026-06-05T23:55:49.010] error: *** STEP 34608864.0 ON erc-hpc-comp204 CANCELLED AT 2026-06-05T23:55:49 DUE to SIGNAL Terminated ***
[2026-06-05T23:55:49.011] error: *** JOB 34608864 ON erc-hpc-comp204 CANCELLED AT 2026-06-05T23:55:49 DUE to SIGNAL Terminated ***
