2026-06-05T23:23:33+0100 [INFO] Total unitaries: 0 = 0 (left) + 0 (right)
2026-06-05T23:23:33+0100 [INFO] Pass: ElidePermutations - 0.03171 (ms)
2026-06-05T23:23:33+0100 [INFO] Pass: SabreSwap - 6.00553 (ms)
2026-06-05T23:23:33+0100 [INFO] Pass: ElidePermutations - 0.23437 (ms)
2026-06-05T23:23:33+0100 [INFO] Pass: SabreSwap - 2.71297 (ms)
2026-06-05T23:23:33+0100 [INFO] [start compressing] -> {'max_bond': 1, 'max_links': 4, 'total_elems': 64, 'total_shapes': 94, 'total_links': 62, 'num_tensors': 16}
2026-06-05T23:23:34+0100 [INFO] [1L/132](swap: 2, u: 0 | c_u: 0 | t_u_l: 0/0 | t_u_r: 0/0 | t_u: 0/0) -> {'max_bond': 1, 'max_links': 4, 'total_elems': 64, 'total_shapes': 94, 'total_links': 62, 'num_tensors': 16}
2026-06-05T23:23:34+0100 [INFO] [2L/132](swap: 0, u: 0 | c_u: 0 | t_u_l: 0/0 | t_u_r: 0/0 | t_u: 0/0) -> {'max_bond': 4, 'max_links': 4, 'total_elems': 112, 'total_shapes': 106, 'total_links': 62, 'num_tensors': 16}
2026-06-05T23:23:34+0100 [INFO] [1R/102](swap: 4, u: 0 | c_u: 0 | t_u_l: 0/0 | t_u_r: 0/0 | t_u: 0/0) -> {'max_bond': 4, 'max_links': 4, 'total_elems': 112, 'total_shapes': 106, 'total_links': 62, 'num_tensors': 16}
2026-06-05T23:23:34+0100 [INFO] [3L/132](swap: 1, u: 0 | c_u: 0 | t_u_l: 0/0 | t_u_r: 0/0 | t_u: 0/0) -> {'max_bond': 4, 'max_links': 4, 'total_elems': 112, 'total_shapes': 106, 'total_links': 62, 'num_tensors': 16}
2026-06-05T23:23:34+0100 [INFO] [2R/102](swap: 1, u: 0 | c_u: 0 | t_u_l: 0/0 | t_u_r: 0/0 | t_u: 0/0) -> {'max_bond': 4, 'max_links': 4, 'total_elems': 136, 'total_shapes': 112, 'total_links': 62, 'num_tensors': 16}
2026-06-05T23:23:34+0100 [INFO] [4L/132](swap: 2, u: 0 | c_u: 0 | t_u_l: 0/0 | t_u_r: 0/0 | t_u: 0/0) -> {'max_bond': 4, 'max_links': 4, 'total_elems': 180, 'total_shapes': 120, 'total_links': 62, 'num_tensors': 16}
2026-06-05T23:23:34+0100 [INFO] [5L/132](swap: 2, u: 0 | c_u: 0 | t_u_l: 0/0 | t_u_r: 0/0 | t_u: 0/0) -> {'max_bond': 4, 'max_links': 4, 'total_elems': 132, 'total_shapes': 108, 'total_links': 62, 'num_tensors': 16}
2026-06-05T23:23:34+0100 [INFO] [3R/102](swap: 2, u: 0 | c_u: 0 | t_u_l: 0/0 | t_u_r: 0/0 | t_u: 0/0) -> {'max_bond': 4, 'max_links': 4, 'total_elems': 192, 'total_shapes': 120, 'total_links': 62, 'num_tensors': 16}
2026-06-05T23:23:34+0100 [INFO] [6L/132](swap: 1, u: 0 | c_u: 0 | t_u_l: 0/0 | t_u_r: 0/0 | t_u: 0/0) -> {'max_bond': 4, 'max_links': 4, 'total_elems': 212, 'total_shapes': 122, 'total_links': 62, 'num_tensors': 16}
2026-06-05T23:23:34+0100 [INFO] [4R/102](swap: 1, u: 0 | c_u: 0 | t_u_l: 0/0 | t_u_r: 0/0 | t_u: 0/0) -> {'max_bond': 4, 'max_links': 4, 'total_elems': 272, 'total_shapes': 128, 'total_links': 62, 'num_tensors': 16}
2026-06-05T23:23:34+0100 [INFO] [5R/102](swap: 1, u: 0 | c_u: 0 | t_u_l: 0/0 | t_u_r: 0/0 | t_u: 0/0) -> {'max_bond': 4, 'max_links': 4, 'total_elems': 332, 'total_shapes': 134, 'total_links': 62, 'num_tensors': 16}
2026-06-05T23:23:34+0100 [INFO] [6R/102](swap: 1, u: 0 | c_u: 0 | t_u_l: 0/0 | t_u_r: 0/0 | t_u: 0/0) -> {'max_bond': 4, 'max_links': 4, 'total_elems': 392, 'total_shapes': 140, 'total_links': 62, 'num_tensors': 16}
2026-06-05T23:23:34+0100 [INFO] [7L/132](swap: 0, u: 0 | c_u: 0 | t_u_l: 0/0 | t_u_r: 0/0 | t_u: 0/0) -> {'max_bond': 4, 'max_links': 4, 'total_elems': 456, 'total_shapes': 144, 'total_links': 62, 'num_tensors': 16}
2026-06-05T23:23:34+0100 [INFO] [8L/132](swap: 1, u: 0 | c_u: 0 | t_u_l: 0/0 | t_u_r: 0/0 | t_u: 0/0) -> {'max_bond': 4, 'max_links': 4, 'total_elems': 456, 'total_shapes': 144, 'total_links': 62, 'num_tensors': 16}
2026-06-05T23:23:34+0100 [INFO] [9L/132](swap: 2, u: 0 | c_u: 0 | t_u_l: 0/0 | t_u_r: 0/0 | t_u: 0/0) -> {'max_bond': 4, 'max_links': 4, 'total_elems': 496, 'total_shapes': 148, 'total_links': 62, 'num_tensors': 16}
2026-06-05T23:23:34+0100 [INFO] [10L/132](swap: 2, u: 0 | c_u: 0 | t_u_l: 0/0 | t_u_r: 0/0 | t_u: 0/0) -> {'max_bond': 4, 'max_links': 4, 'total_elems': 496, 'total_shapes': 148, 'total_links': 62, 'num_tensors': 16}
2026-06-05T23:23:34+0100 [INFO] [11L/132](swap: 2, u: 0 | c_u: 0 | t_u_l: 0/0 | t_u_r: 0/0 | t_u: 0/0) -> {'max_bond': 4, 'max_links': 4, 'total_elems': 556, 'total_shapes': 154, 'total_links': 62, 'num_tensors': 16}
2026-06-05T23:23:34+0100 [INFO] [7R/102](swap: 1, u: 0 | c_u: 0 | t_u_l: 0/0 | t_u_r: 0/0 | t_u: 0/0) -> {'max_bond': 4, 'max_links': 4, 'total_elems': 652, 'total_shapes': 160, 'total_links': 62, 'num_tensors': 16}
2026-06-05T23:23:34+0100 [INFO] [8R/102](swap: 2, u: 0 | c_u: 0 | t_u_l: 0/0 | t_u_r: 0/0 | t_u: 0/0) -> {'max_bond': 4, 'max_links': 4, 'total_elems': 652, 'total_shapes': 160, 'total_links': 62, 'num_tensors': 16}
2026-06-05T23:23:35+0100 [INFO] [9R/102](swap: 1, u: 0 | c_u: 0 | t_u_l: 0/0 | t_u_r: 0/0 | t_u: 0/0) -> {'max_bond': 4, 'max_links': 4, 'total_elems': 684, 'total_shapes': 162, 'total_links': 62, 'num_tensors': 16}
2026-06-05T23:23:35+0100 [INFO] [10R/102](swap: 2, u: 0 | c_u: 0 | t_u_l: 0/0 | t_u_r: 0/0 | t_u: 0/0) -> {'max_bond': 16, 'max_links': 4, 'total_elems': 1164, 'total_shapes': 194, 'total_links': 62, 'num_tensors': 16}
2026-06-05T23:23:35+0100 [INFO] [11R/102](swap: 1, u: 0 | c_u: 0 | t_u_l: 0/0 | t_u_r: 0/0 | t_u: 0/0) -> {'max_bond': 16, 'max_links': 4, 'total_elems': 2220, 'total_shapes': 222, 'total_links': 62, 'num_tensors': 16}
2026-06-05T23:23:35+0100 [INFO] [12R/102](swap: 2, u: 0 | c_u: 0 | t_u_l: 0/0 | t_u_r: 0/0 | t_u: 0/0) -> {'max_bond': 16, 'max_links': 4, 'total_elems': 3564, 'total_shapes': 270, 'total_links': 62, 'num_tensors': 16}
2026-06-05T23:23:35+0100 [INFO] [13R/102](swap: 1, u: 0 | c_u: 0 | t_u_l: 0/0 | t_u_r: 0/0 | t_u: 0/0) -> {'max_bond': 16, 'max_links': 4, 'total_elems': 3884, 'total_shapes': 278, 'total_links': 62, 'num_tensors': 16}
2026-06-05T23:23:35+0100 [INFO] [14R/102](swap: 2, u: 0 | c_u: 0 | t_u_l: 0/0 | t_u_r: 0/0 | t_u: 0/0) -> {'max_bond': 16, 'max_links': 4, 'total_elems': 3884, 'total_shapes': 278, 'total_links': 62, 'num_tensors': 16}
2026-06-05T23:23:35+0100 [INFO] [15R/102](swap: 1, u: 0 | c_u: 0 | t_u_l: 0/0 | t_u_r: 0/0 | t_u: 0/0) -> {'max_bond': 16, 'max_links': 4, 'total_elems': 4844, 'total_shapes': 302, 'total_links': 62, 'num_tensors': 16}
2026-06-05T23:23:35+0100 [INFO] [16R/102](swap: 1, u: 0 | c_u: 0 | t_u_l: 0/0 | t_u_r: 0/0 | t_u: 0/0) -> {'max_bond': 16, 'max_links': 4, 'total_elems': 5288, 'total_shapes': 316, 'total_links': 62, 'num_tensors': 16}
2026-06-05T23:23:35+0100 [INFO] [12L/132](swap: 1, u: 0 | c_u: 0 | t_u_l: 0/0 | t_u_r: 0/0 | t_u: 0/0) -> {'max_bond': 16, 'max_links': 4, 'total_elems': 6440, 'total_shapes': 340, 'total_links': 62, 'num_tensors': 16}
2026-06-05T23:23:35+0100 [INFO] [13L/132](swap: 0, u: 0 | c_u: 0 | t_u_l: 0/0 | t_u_r: 0/0 | t_u: 0/0) -> {'max_bond': 16, 'max_links': 4, 'total_elems': 6440, 'total_shapes': 340, 'total_links': 62, 'num_tensors': 16}
2026-06-05T23:23:35+0100 [INFO] [14L/132](swap: 0, u: 0 | c_u: 0 | t_u_l: 0/0 | t_u_r: 0/0 | t_u: 0/0) -> {'max_bond': 16, 'max_links': 4, 'total_elems': 6440, 'total_shapes': 340, 'total_links': 62, 'num_tensors': 16}
2026-06-05T23:23:35+0100 [INFO] [15L/132](swap: 0, u: 0 | c_u: 0 | t_u_l: 0/0 | t_u_r: 0/0 | t_u: 0/0) -> {'max_bond': 16, 'max_links': 4, 'total_elems': 6440, 'total_shapes': 340, 'total_links': 62, 'num_tensors': 16}
2026-06-05T23:23:35+0100 [INFO] [16L/132](swap: 1, u: 0 | c_u: 0 | t_u_l: 0/0 | t_u_r: 0/0 | t_u: 0/0) -> {'max_bond': 16, 'max_links': 4, 'total_elems': 6440, 'total_shapes': 340, 'total_links': 62, 'num_tensors': 16}
2026-06-05T23:23:35+0100 [INFO] [17L/132](swap: 2, u: 0 | c_u: 0 | t_u_l: 0/0 | t_u_r: 0/0 | t_u: 0/0) -> {'max_bond': 16, 'max_links': 4, 'total_elems': 7208, 'total_shapes': 356, 'total_links': 62, 'num_tensors': 16}
2026-06-05T23:23:35+0100 [INFO] [17R/102](swap: 0, u: 0 | c_u: 0 | t_u_l: 0/0 | t_u_r: 0/0 | t_u: 0/0) -> {'max_bond': 32, 'max_links': 4, 'total_elems': 9256, 'total_shapes': 388, 'total_links': 62, 'num_tensors': 16}
2026-06-05T23:23:35+0100 [INFO] [18R/102](swap: 2, u: 0 | c_u: 0 | t_u_l: 0/0 | t_u_r: 0/0 | t_u: 0/0) -> {'max_bond': 32, 'max_links': 4, 'total_elems': 10280, 'total_shapes': 404, 'total_links': 62, 'num_tensors': 16}
2026-06-05T23:23:36+0100 [INFO] [19R/102](swap: 2, u: 0 | c_u: 0 | t_u_l: 0/0 | t_u_r: 0/0 | t_u: 0/0) -> {'max_bond': 64, 'max_links': 4, 'total_elems': 16328, 'total_shapes': 496, 'total_links': 62, 'num_tensors': 16}
2026-06-05T23:23:36+0100 [INFO] [20R/102](swap: 3, u: 0 | c_u: 0 | t_u_l: 0/0 | t_u_r: 0/0 | t_u: 0/0) -> {'max_bond': 64, 'max_links': 4, 'total_elems': 31376, 'total_shapes': 580, 'total_links': 62, 'num_tensors': 16}
2026-06-05T23:23:36+0100 [INFO] [18L/132](swap: 3, u: 0 | c_u: 0 | t_u_l: 0/0 | t_u_r: 0/0 | t_u: 0/0) -> {'max_bond': 64, 'max_links': 4, 'total_elems': 46736, 'total_shapes': 676, 'total_links': 62, 'num_tensors': 16}
2026-06-05T23:23:36+0100 [INFO] [21R/102](swap: 4, u: 0 | c_u: 0 | t_u_l: 0/0 | t_u_r: 0/0 | t_u: 0/0) -> {'max_bond': 64, 'max_links': 4, 'total_elems': 65348, 'total_shapes': 790, 'total_links': 62, 'num_tensors': 16}
2026-06-05T23:23:36+0100 [INFO] [22R/102](swap: 5, u: 0 | c_u: 0 | t_u_l: 0/0 | t_u_r: 0/0 | t_u: 0/0) -> {'max_bond': 64, 'max_links': 4, 'total_elems': 77088, 'total_shapes': 896, 'total_links': 62, 'num_tensors': 16}
2026-06-05T23:23:36+0100 [INFO] [23R/102](swap: 4, u: 0 | c_u: 0 | t_u_l: 0/0 | t_u_r: 0/0 | t_u: 0/0) -> {'max_bond': 64, 'max_links': 4, 'total_elems': 86112, 'total_shapes': 1064, 'total_links': 62, 'num_tensors': 16}
2026-06-05T23:23:37+0100 [INFO] [24R/102](swap: 2, u: 0 | c_u: 0 | t_u_l: 0/0 | t_u_r: 0/0 | t_u: 0/0) -> {'max_bond': 64, 'max_links': 4, 'total_elems': 109472, 'total_shapes': 1216, 'total_links': 62, 'num_tensors': 16}
2026-06-05T23:23:37+0100 [INFO] [25R/102](swap: 3, u: 0 | c_u: 0 | t_u_l: 0/0 | t_u_r: 0/0 | t_u: 0/0) -> {'max_bond': 128, 'max_links': 4, 'total_elems': 150944, 'total_shapes': 1440, 'total_links': 62, 'num_tensors': 16}
2026-06-05T23:23:38+0100 [INFO] [26R/102](swap: 2, u: 0 | c_u: 0 | t_u_l: 0/0 | t_u_r: 0/0 | t_u: 0/0) -> {'max_bond': 128, 'max_links': 4, 'total_elems': 152096, 'total_shapes': 1456, 'total_links': 62, 'num_tensors': 16}
2026-06-05T23:23:38+0100 [INFO] [27R/102](swap: 1, u: 0 | c_u: 0 | t_u_l: 0/0 | t_u_r: 0/0 | t_u: 0/0) -> {'max_bond': 128, 'max_links': 4, 'total_elems': 176672, 'total_shapes': 1552, 'total_links': 62, 'num_tensors': 16}
2026-06-05T23:23:39+0100 [INFO] [28R/102](swap: 1, u: 0 | c_u: 0 | t_u_l: 0/0 | t_u_r: 0/0 | t_u: 0/0) -> {'max_bond': 256, 'max_links': 4, 'total_elems': 274976, 'total_shapes': 1936, 'total_links': 62, 'num_tensors': 16}
2026-06-05T23:23:39+0100 [INFO] [29R/102](swap: 2, u: 0 | c_u: 0 | t_u_l: 0/0 | t_u_r: 0/0 | t_u: 0/0) -> {'max_bond': 256, 'max_links': 4, 'total_elems': 569888, 'total_shapes': 2320, 'total_links': 62, 'num_tensors': 16}
2026-06-05T23:23:40+0100 [INFO] [30R/102](swap: 2, u: 0 | c_u: 0 | t_u_l: 0/0 | t_u_r: 0/0 | t_u: 0/0) -> {'max_bond': 256, 'max_links': 4, 'total_elems': 563744, 'total_shapes': 2320, 'total_links': 62, 'num_tensors': 16}
2026-06-05T23:23:41+0100 [INFO] [31R/102](swap: 3, u: 0 | c_u: 0 | t_u_l: 0/0 | t_u_r: 0/0 | t_u: 0/0) -> {'max_bond': 256, 'max_links': 4, 'total_elems': 612896, 'total_shapes': 2576, 'total_links': 62, 'num_tensors': 16}
2026-06-05T23:23:41+0100 [INFO] [32R/102](swap: 3, u: 0 | c_u: 0 | t_u_l: 0/0 | t_u_r: 0/0 | t_u: 0/0) -> {'max_bond': 256, 'max_links': 4, 'total_elems': 711200, 'total_shapes': 2768, 'total_links': 62, 'num_tensors': 16}
2026-06-05T23:23:43+0100 [INFO] [33R/102](swap: 3, u: 0 | c_u: 0 | t_u_l: 0/0 | t_u_r: 0/0 | t_u: 0/0) -> {'max_bond': 256, 'max_links': 4, 'total_elems': 808736, 'total_shapes': 3022, 'total_links': 62, 'num_tensors': 16}
2026-06-05T23:23:44+0100 [INFO] [34R/102](swap: 2, u: 0 | c_u: 0 | t_u_l: 0/0 | t_u_r: 0/0 | t_u: 0/0) -> {'max_bond': 256, 'max_links': 4, 'total_elems': 807968, 'total_shapes': 3020, 'total_links': 62, 'num_tensors': 16}
2026-06-05T23:23:45+0100 [INFO] [35R/102](swap: 1, u: 0 | c_u: 0 | t_u_l: 0/0 | t_u_r: 0/0 | t_u: 0/0) -> {'max_bond': 256, 'max_links': 4, 'total_elems': 807200, 'total_shapes': 3018, 'total_links': 62, 'num_tensors': 16}
2026-06-05T23:23:47+0100 [INFO] [36R/102](swap: 1, u: 0 | c_u: 0 | t_u_l: 0/0 | t_u_r: 0/0 | t_u: 0/0) -> {'max_bond': 256, 'max_links': 4, 'total_elems': 904736, 'total_shapes': 3400, 'total_links': 62, 'num_tensors': 16}
2026-06-05T23:23:48+0100 [INFO]     [start unswap] -> {'max_bond': 256, 'max_links': 4, 'total_elems': 904736, 'total_shapes': 3400, 'total_links': 62, 'num_tensors': 16}
2026-06-05T23:23:57+0100 [INFO]     [0 | both | 0](new_swaps: 4 | total: 4) -> {'max_bond': 256, 'max_links': 4, 'total_elems': 1373216, 'total_shapes': 3716, 'total_links': 62, 'num_tensors': 16}
2026-06-05T23:24:00+0100 [INFO]     [0 | both | 1](new_swaps: 9 | total: 13) -> {'max_bond': 256, 'max_links': 4, 'total_elems': 914848, 'total_shapes': 2784, 'total_links': 62, 'num_tensors': 16}
2026-06-05T23:24:03+0100 [INFO]     [0 | left | 0](new_swaps: 4 | total: 17) -> {'max_bond': 256, 'max_links': 4, 'total_elems': 422488, 'total_shapes': 2094, 'total_links': 62, 'num_tensors': 16}
2026-06-05T23:24:04+0100 [INFO]     [0 | left | 1](new_swaps: 5 | total: 22) -> {'max_bond': 255, 'max_links': 4, 'total_elems': 271576, 'total_shapes': 1690, 'total_links': 62, 'num_tensors': 16}
2026-06-05T23:24:05+0100 [INFO]     [0 | right | 0](new_swaps: 4 | total: 26) -> {'max_bond': 254, 'max_links': 4, 'total_elems': 236248, 'total_shapes': 1384, 'total_links': 62, 'num_tensors': 16}
2026-06-05T23:24:05+0100 [INFO]     [0 | right | 1](new_swaps: 3 | total: 29) -> {'max_bond': 128, 'max_links': 4, 'total_elems': 86296, 'total_shapes': 948, 'total_links': 62, 'num_tensors': 16}
2026-06-05T23:24:05+0100 [INFO]     [1 | both | 0](new_swaps: 3 | total: 3) -> {'max_bond': 64, 'max_links': 4, 'total_elems': 36376, 'total_shapes': 644, 'total_links': 62, 'num_tensors': 16}
2026-06-05T23:24:05+0100 [INFO]     [1 | both | 1](new_swaps: 4 | total: 7) -> {'max_bond': 64, 'max_links': 4, 'total_elems': 23592, 'total_shapes': 520, 'total_links': 62, 'num_tensors': 16}
2026-06-05T23:24:06+0100 [INFO]     [1 | left | 0](new_swaps: 1 | total: 8) -> {'max_bond': 32, 'max_links': 4, 'total_elems': 11304, 'total_shapes': 424, 'total_links': 62, 'num_tensors': 16}
2026-06-05T23:24:06+0100 [INFO]     [1 | left | 1](new_swaps: 3 | total: 11) -> {'max_bond': 32, 'max_links': 4, 'total_elems': 8104, 'total_shapes': 364, 'total_links': 62, 'num_tensors': 16}
2026-06-05T23:24:06+0100 [INFO]     [1 | right | 0](new_swaps: 2 | total: 13) -> {'max_bond': 32, 'max_links': 4, 'total_elems': 7948, 'total_shapes': 350, 'total_links': 62, 'num_tensors': 16}
2026-06-05T23:24:06+0100 [INFO]     [1 | right | 1](new_swaps: 0 | total: 13) -> {'max_bond': 32, 'max_links': 4, 'total_elems': 7948, 'total_shapes': 350, 'total_links': 62, 'num_tensors': 16}
2026-06-05T23:24:06+0100 [INFO]     [2 | both | 0](new_swaps: 3 | total: 3) -> {'max_bond': 32, 'max_links': 4, 'total_elems': 7420, 'total_shapes': 322, 'total_links': 62, 'num_tensors': 16}
2026-06-05T23:24:06+0100 [INFO]     [2 | both | 1](new_swaps: 0 | total: 3) -> {'max_bond': 32, 'max_links': 4, 'total_elems': 7420, 'total_shapes': 322, 'total_links': 62, 'num_tensors': 16}
2026-06-05T23:24:06+0100 [INFO]     [2 | left | 0](new_swaps: 0 | total: 3) -> {'max_bond': 32, 'max_links': 4, 'total_elems': 7420, 'total_shapes': 322, 'total_links': 62, 'num_tensors': 16}
2026-06-05T23:24:06+0100 [INFO]     [2 | left | 1](new_swaps: 2 | total: 5) -> {'max_bond': 32, 'max_links': 4, 'total_elems': 7096, 'total_shapes': 308, 'total_links': 62, 'num_tensors': 16}
2026-06-05T23:24:06+0100 [INFO]     [2 | right | 0](new_swaps: 0 | total: 5) -> {'max_bond': 32, 'max_links': 4, 'total_elems': 7096, 'total_shapes': 308, 'total_links': 62, 'num_tensors': 16}
2026-06-05T23:24:06+0100 [INFO]     [2 | right | 1](new_swaps: 0 | total: 5) -> {'max_bond': 32, 'max_links': 4, 'total_elems': 7096, 'total_shapes': 308, 'total_links': 62, 'num_tensors': 16}
2026-06-05T23:24:07+0100 [INFO]     [3 | both | 0](new_swaps: 1 | total: 1) -> {'max_bond': 32, 'max_links': 4, 'total_elems': 7084, 'total_shapes': 306, 'total_links': 62, 'num_tensors': 16}
2026-06-05T23:24:07+0100 [INFO]     [3 | both | 1](new_swaps: 0 | total: 1) -> {'max_bond': 32, 'max_links': 4, 'total_elems': 7084, 'total_shapes': 306, 'total_links': 62, 'num_tensors': 16}
2026-06-05T23:24:07+0100 [INFO]     [3 | left | 0](new_swaps: 1 | total: 2) -> {'max_bond': 32, 'max_links': 4, 'total_elems': 5932, 'total_shapes': 290, 'total_links': 62, 'num_tensors': 16}
2026-06-05T23:24:07+0100 [INFO]     [3 | left | 1](new_swaps: 1 | total: 3) -> {'max_bond': 16, 'max_links': 4, 'total_elems': 4396, 'total_shapes': 258, 'total_links': 62, 'num_tensors': 16}
2026-06-05T23:24:07+0100 [INFO]     [3 | right | 0](new_swaps: 0 | total: 3) -> {'max_bond': 16, 'max_links': 4, 'total_elems': 4396, 'total_shapes': 258, 'total_links': 62, 'num_tensors': 16}
2026-06-05T23:24:07+0100 [INFO]     [3 | right | 1](new_swaps: 0 | total: 3) -> {'max_bond': 16, 'max_links': 4, 'total_elems': 4396, 'total_shapes': 258, 'total_links': 62, 'num_tensors': 16}
2026-06-05T23:24:07+0100 [INFO]     [4 | both | 0](new_swaps: 0 | total: 0) -> {'max_bond': 16, 'max_links': 4, 'total_elems': 4396, 'total_shapes': 258, 'total_links': 62, 'num_tensors': 16}
2026-06-05T23:24:07+0100 [INFO]     [4 | both | 1](new_swaps: 0 | total: 0) -> {'max_bond': 16, 'max_links': 4, 'total_elems': 4396, 'total_shapes': 258, 'total_links': 62, 'num_tensors': 16}
2026-06-05T23:24:07+0100 [INFO]     [4 | left | 0](new_swaps: 1 | total: 1) -> {'max_bond': 16, 'max_links': 4, 'total_elems': 3372, 'total_shapes': 242, 'total_links': 62, 'num_tensors': 16}
2026-06-05T23:24:07+0100 [INFO]     [4 | left | 1](new_swaps: 0 | total: 1) -> {'max_bond': 16, 'max_links': 4, 'total_elems': 3372, 'total_shapes': 242, 'total_links': 62, 'num_tensors': 16}
2026-06-05T23:24:07+0100 [INFO]     [4 | right | 0](new_swaps: 0 | total: 1) -> {'max_bond': 16, 'max_links': 4, 'total_elems': 3372, 'total_shapes': 242, 'total_links': 62, 'num_tensors': 16}
2026-06-05T23:24:07+0100 [INFO]     [4 | right | 1](new_swaps: 0 | total: 1) -> {'max_bond': 16, 'max_links': 4, 'total_elems': 3372, 'total_shapes': 242, 'total_links': 62, 'num_tensors': 16}
2026-06-05T23:24:07+0100 [INFO]     [5 | both | 0](new_swaps: 0 | total: 0) -> {'max_bond': 16, 'max_links': 4, 'total_elems': 3372, 'total_shapes': 242, 'total_links': 62, 'num_tensors': 16}
2026-06-05T23:24:07+0100 [INFO]     [5 | both | 1](new_swaps: 0 | total: 0) -> {'max_bond': 16, 'max_links': 4, 'total_elems': 3372, 'total_shapes': 242, 'total_links': 62, 'num_tensors': 16}
2026-06-05T23:24:08+0100 [INFO]     [5 | left | 0](new_swaps: 0 | total: 0) -> {'max_bond': 16, 'max_links': 4, 'total_elems': 3372, 'total_shapes': 242, 'total_links': 62, 'num_tensors': 16}
2026-06-05T23:24:08+0100 [INFO]     [5 | left | 1](new_swaps: 0 | total: 0) -> {'max_bond': 16, 'max_links': 4, 'total_elems': 3372, 'total_shapes': 242, 'total_links': 62, 'num_tensors': 16}
2026-06-05T23:24:08+0100 [INFO]     [5 | right | 0](new_swaps: 0 | total: 0) -> {'max_bond': 16, 'max_links': 4, 'total_elems': 3372, 'total_shapes': 242, 'total_links': 62, 'num_tensors': 16}
2026-06-05T23:24:08+0100 [INFO]     [5 | right | 1](new_swaps: 0 | total: 0) -> {'max_bond': 16, 'max_links': 4, 'total_elems': 3372, 'total_shapes': 242, 'total_links': 62, 'num_tensors': 16}
2026-06-05T23:24:08+0100 [INFO]     [end unswap] -> {'max_bond': 16, 'max_links': 4, 'total_elems': 3372, 'total_shapes': 242, 'total_links': 62, 'num_tensors': 16}
2026-06-05T23:24:08+0100 [INFO] Pass: ElidePermutations - 0.16832 (ms)
2026-06-05T23:24:08+0100 [INFO] Pass: SabreSwap - 2.64454 (ms)
2026-06-05T23:24:08+0100 [INFO] Pass: ElidePermutations - 0.12088 (ms)
2026-06-05T23:24:08+0100 [INFO] Pass: SabreSwap - 2.23565 (ms)
2026-06-05T23:24:08+0100 [INFO] [1L/111](swap: 4, u: 0 | c_u: 0 | t_u_l: 0/0 | t_u_r: 0/0 | t_u: 0/0) -> {'max_bond': 16, 'max_links': 4, 'total_elems': 3372, 'total_shapes': 242, 'total_links': 62, 'num_tensors': 16}
2026-06-05T23:24:08+0100 [INFO] [2L/111](swap: 3, u: 0 | c_u: 0 | t_u_l: 0/0 | t_u_r: 0/0 | t_u: 0/0) -> {'max_bond': 16, 'max_links': 4, 'total_elems': 3628, 'total_shapes': 262, 'total_links': 62, 'num_tensors': 16}
2026-06-05T23:24:08+0100 [INFO] [1R/87](swap: 5, u: 0 | c_u: 0 | t_u_l: 0/0 | t_u_r: 0/0 | t_u: 0/0) -> {'max_bond': 32, 'max_links': 4, 'total_elems': 5368, 'total_shapes': 306, 'total_links': 62, 'num_tensors': 16}
2026-06-05T23:24:08+0100 [INFO] [2R/87](swap: 4, u: 0 | c_u: 0 | t_u_l: 0/0 | t_u_r: 0/0 | t_u: 0/0) -> {'max_bond': 32, 'max_links': 4, 'total_elems': 8560, 'total_shapes': 364, 'total_links': 62, 'num_tensors': 16}
2026-06-05T23:24:08+0100 [INFO] [3R/87](swap: 1, u: 0 | c_u: 0 | t_u_l: 0/0 | t_u_r: 0/0 | t_u: 0/0) -> {'max_bond': 32, 'max_links': 4, 'total_elems': 11632, 'total_shapes': 412, 'total_links': 62, 'num_tensors': 16}
2026-06-05T23:24:08+0100 [INFO] [4R/87](swap: 1, u: 0 | c_u: 0 | t_u_l: 0/0 | t_u_r: 0/0 | t_u: 0/0) -> {'max_bond': 32, 'max_links': 4, 'total_elems': 14192, 'total_shapes': 444, 'total_links': 62, 'num_tensors': 16}
2026-06-05T23:24:08+0100 [INFO] [5R/87](swap: 0, u: 0 | c_u: 0 | t_u_l: 0/0 | t_u_r: 0/0 | t_u: 0/0) -> {'max_bond': 32, 'max_links': 4, 'total_elems': 16240, 'total_shapes': 460, 'total_links': 62, 'num_tensors': 16}
2026-06-05T23:24:08+0100 [INFO] [6R/87](swap: 1, u: 0 | c_u: 0 | t_u_l: 0/0 | t_u_r: 0/0 | t_u: 0/0) -> {'max_bond': 64, 'max_links': 4, 'total_elems': 22384, 'total_shapes': 524, 'total_links': 62, 'num_tensors': 16}
2026-06-05T23:24:08+0100 [INFO] [7R/87](swap: 0, u: 0 | c_u: 0 | t_u_l: 0/0 | t_u_r: 0/0 | t_u: 0/0) -> {'max_bond': 64, 'max_links': 4, 'total_elems': 22384, 'total_shapes': 524, 'total_links': 62, 'num_tensors': 16}
2026-06-05T23:24:08+0100 [INFO] [8R/87](swap: 1, u: 0 | c_u: 0 | t_u_l: 0/0 | t_u_r: 0/0 | t_u: 0/0) -> {'max_bond': 64, 'max_links': 4, 'total_elems': 28528, 'total_shapes': 556, 'total_links': 62, 'num_tensors': 16}
2026-06-05T23:24:09+0100 [INFO] [9R/87](swap: 2, u: 0 | c_u: 0 | t_u_l: 0/0 | t_u_r: 0/0 | t_u: 0/0) -> {'max_bond': 64, 'max_links': 4, 'total_elems': 36720, 'total_shapes': 620, 'total_links': 62, 'num_tensors': 16}
2026-06-05T23:24:09+0100 [INFO] [10R/87](swap: 2, u: 0 | c_u: 0 | t_u_l: 0/0 | t_u_r: 0/0 | t_u: 0/0) -> {'max_bond': 96, 'max_links': 4, 'total_elems': 44912, 'total_shapes': 684, 'total_links': 62, 'num_tensors': 16}
2026-06-05T23:24:09+0100 [INFO] [3L/111](swap: 1, u: 0 | c_u: 0 | t_u_l: 0/0 | t_u_r: 0/0 | t_u: 0/0) -> {'max_bond': 128, 'max_links': 4, 'total_elems': 106316, 'total_shapes': 870, 'total_links': 62, 'num_tensors': 16}
2026-06-05T23:24:09+0100 [INFO] [4L/111](swap: 2, u: 0 | c_u: 0 | t_u_l: 0/0 | t_u_r: 0/0 | t_u: 0/0) -> {'max_bond': 128, 'max_links': 4, 'total_elems': 106316, 'total_shapes': 870, 'total_links': 62, 'num_tensors': 16}
2026-06-05T23:24:09+0100 [INFO] [5L/111](swap: 3, u: 0 | c_u: 0 | t_u_l: 0/0 | t_u_r: 0/0 | t_u: 0/0) -> {'max_bond': 128, 'max_links': 4, 'total_elems': 147516, 'total_shapes': 1010, 'total_links': 62, 'num_tensors': 16}
2026-06-05T23:24:10+0100 [INFO] [6L/111](swap: 2, u: 0 | c_u: 0 | t_u_l: 0/0 | t_u_r: 0/0 | t_u: 0/0) -> {'max_bond': 128, 'max_links': 4, 'total_elems': 166020, 'total_shapes': 1078, 'total_links': 62, 'num_tensors': 16}
2026-06-05T23:24:10+0100 [INFO] [7L/111](swap: 2, u: 0 | c_u: 0 | t_u_l: 0/0 | t_u_r: 0/0 | t_u: 0/0) -> {'max_bond': 255, 'max_links': 4, 'total_elems': 268164, 'total_shapes': 1364, 'total_links': 62, 'num_tensors': 16}
2026-06-05T23:24:10+0100 [INFO] [8L/111](swap: 3, u: 0 | c_u: 0 | t_u_l: 0/0 | t_u_r: 0/0 | t_u: 0/0) -> {'max_bond': 254, 'max_links': 4, 'total_elems': 340612, 'total_shapes': 1490, 'total_links': 62, 'num_tensors': 16}
2026-06-05T23:24:11+0100 [INFO] [9L/111](swap: 2, u: 0 | c_u: 0 | t_u_l: 0/0 | t_u_r: 0/0 | t_u: 0/0) -> {'max_bond': 253, 'max_links': 4, 'total_elems': 339684, 'total_shapes': 1492, 'total_links': 62, 'num_tensors': 16}
2026-06-05T23:24:11+0100 [INFO] [10L/111](swap: 2, u: 0 | c_u: 0 | t_u_l: 0/0 | t_u_r: 0/0 | t_u: 0/0) -> {'max_bond': 252, 'max_links': 4, 'total_elems': 265956, 'total_shapes': 1362, 'total_links': 62, 'num_tensors': 16}
2026-06-05T23:24:11+0100 [INFO] [11L/111](swap: 3, u: 0 | c_u: 0 | t_u_l: 0/0 | t_u_r: 0/0 | t_u: 0/0) -> {'max_bond': 251, 'max_links': 4, 'total_elems': 266724, 'total_shapes': 1400, 'total_links': 62, 'num_tensors': 16}
2026-06-05T23:24:12+0100 [INFO] [12L/111](swap: 1, u: 0 | c_u: 0 | t_u_l: 0/0 | t_u_r: 0/0 | t_u: 0/0) -> {'max_bond': 248, 'max_links': 4, 'total_elems': 265124, 'total_shapes': 1410, 'total_links': 62, 'num_tensors': 16}
2026-06-05T23:24:12+0100 [INFO] [13L/111](swap: 1, u: 0 | c_u: 0 | t_u_l: 0/0 | t_u_r: 0/0 | t_u: 0/0) -> {'max_bond': 246, 'max_links': 4, 'total_elems': 263588, 'total_shapes': 1406, 'total_links': 62, 'num_tensors': 16}
2026-06-05T23:24:12+0100 [INFO] [14L/111](swap: 0, u: 0 | c_u: 0 | t_u_l: 0/0 | t_u_r: 0/0 | t_u: 0/0) -> {'max_bond': 245, 'max_links': 4, 'total_elems': 266660, 'total_shapes': 1452, 'total_links': 62, 'num_tensors': 16}
2026-06-05T23:24:12+0100 [INFO] [15L/111](swap: 0, u: 0 | c_u: 0 | t_u_l: 0/0 | t_u_r: 0/0 | t_u: 0/0) -> {'max_bond': 244, 'max_links': 4, 'total_elems': 265892, 'total_shapes': 1450, 'total_links': 62, 'num_tensors': 16}
2026-06-05T23:24:12+0100 [INFO] [16L/111](swap: 1, u: 0 | c_u: 0 | t_u_l: 0/0 | t_u_r: 0/0 | t_u: 0/0) -> {'max_bond': 243, 'max_links': 4, 'total_elems': 265124, 'total_shapes': 1448, 'total_links': 62, 'num_tensors': 16}
2026-06-05T23:24:13+0100 [INFO] [17L/111](swap: 2, u: 0 | c_u: 0 | t_u_l: 0/0 | t_u_r: 0/0 | t_u: 0/0) -> {'max_bond': 242, 'max_links': 4, 'total_elems': 313508, 'total_shapes': 1638, 'total_links': 62, 'num_tensors': 16}
2026-06-05T23:24:13+0100 [INFO] [18L/111](swap: 3, u: 0 | c_u: 0 | t_u_l: 0/0 | t_u_r: 0/0 | t_u: 0/0) -> {'max_bond': 383, 'max_links': 4, 'total_elems': 606628, 'total_shapes': 2210, 'total_links': 62, 'num_tensors': 16}
2026-06-05T23:24:14+0100 [INFO]     [start unswap] -> {'max_bond': 383, 'max_links': 4, 'total_elems': 606628, 'total_shapes': 2210, 'total_links': 62, 'num_tensors': 16}
2026-06-05T23:24:17+0100 [INFO]     [0 | both | 0](new_swaps: 2 | total: 2) -> {'max_bond': 383, 'max_links': 4, 'total_elems': 606628, 'total_shapes': 2210, 'total_links': 62, 'num_tensors': 16}
2026-06-05T23:24:18+0100 [INFO]     [0 | both | 1](new_swaps: 1 | total: 3) -> {'max_bond': 509, 'max_links': 4, 'total_elems': 1548404, 'total_shapes': 2952, 'total_links': 62, 'num_tensors': 16}
2026-06-05T23:24:23+0100 [INFO]     [0 | left | 0](new_swaps: 6 | total: 9) -> {'max_bond': 380, 'max_links': 4, 'total_elems': 597924, 'total_shapes': 2156, 'total_links': 62, 'num_tensors': 16}
2026-06-05T23:24:24+0100 [INFO]     [0 | left | 1](new_swaps: 3 | total: 12) -> {'max_bond': 128, 'max_links': 4, 'total_elems': 224132, 'total_shapes': 1364, 'total_links': 62, 'num_tensors': 16}
2026-06-05T23:24:24+0100 [INFO]     [0 | right | 0](new_swaps: 2 | total: 14) -> {'max_bond': 128, 'max_links': 4, 'total_elems': 219204, 'total_shapes': 1350, 'total_links': 62, 'num_tensors': 16}
2026-06-05T23:24:25+0100 [INFO]     [0 | right | 1](new_swaps: 2 | total: 16) -> {'max_bond': 128, 'max_links': 4, 'total_elems': 216032, 'total_shapes': 1340, 'total_links': 62, 'num_tensors': 16}
2026-06-05T23:24:25+0100 [INFO]     [1 | both | 0](new_swaps: 4 | total: 4) -> {'max_bond': 127, 'max_links': 4, 'total_elems': 163284, 'total_shapes': 1136, 'total_links': 62, 'num_tensors': 16}
2026-06-05T23:24:26+0100 [INFO]     [1 | both | 1](new_swaps: 2 | total: 6) -> {'max_bond': 127, 'max_links': 4, 'total_elems': 156336, 'total_shapes': 1078, 'total_links': 62, 'num_tensors': 16}
2026-06-05T23:24:26+0100 [INFO]     [1 | left | 0](new_swaps: 2 | total: 8) -> {'max_bond': 127, 'max_links': 4, 'total_elems': 155356, 'total_shapes': 1064, 'total_links': 62, 'num_tensors': 16}
2026-06-05T23:24:26+0100 [INFO]     [1 | left | 1](new_swaps: 1 | total: 9) -> {'max_bond': 127, 'max_links': 4, 'total_elems': 155356, 'total_shapes': 1064, 'total_links': 62, 'num_tensors': 16}
2026-06-05T23:24:26+0100 [INFO]     [1 | right | 0](new_swaps: 3 | total: 12) -> {'max_bond': 127, 'max_links': 4, 'total_elems': 150720, 'total_shapes': 1044, 'total_links': 62, 'num_tensors': 16}
2026-06-05T23:24:27+0100 [INFO]     [1 | right | 1](new_swaps: 1 | total: 13) -> {'max_bond': 127, 'max_links': 4, 'total_elems': 130656, 'total_shapes': 978, 'total_links': 62, 'num_tensors': 16}
2026-06-05T23:24:27+0100 [INFO]     [2 | both | 0](new_swaps: 2 | total: 2) -> {'max_bond': 127, 'max_links': 4, 'total_elems': 130656, 'total_shapes': 978, 'total_links': 62, 'num_tensors': 16}
2026-06-05T23:24:27+0100 [INFO]     [2 | both | 1](new_swaps: 1 | total: 3) -> {'max_bond': 127, 'max_links': 4, 'total_elems': 130656, 'total_shapes': 978, 'total_links': 62, 'num_tensors': 16}
2026-06-05T23:24:27+0100 [INFO]     [2 | left | 0](new_swaps: 0 | total: 3) -> {'max_bond': 127, 'max_links': 4, 'total_elems': 130656, 'total_shapes': 978, 'total_links': 62, 'num_tensors': 16}
2026-06-05T23:24:27+0100 [INFO]     [2 | left | 1](new_swaps: 2 | total: 5) -> {'max_bond': 127, 'max_links': 4, 'total_elems': 111328, 'total_shapes': 914, 'total_links': 62, 'num_tensors': 16}
2026-06-05T23:24:28+0100 [INFO]     [2 | right | 0](new_swaps: 4 | total: 9) -> {'max_bond': 121, 'max_links': 4, 'total_elems': 106336, 'total_shapes': 896, 'total_links': 62, 'num_tensors': 16}
2026-06-05T23:24:28+0100 [INFO]     [2 | right | 1](new_swaps: 1 | total: 10) -> {'max_bond': 121, 'max_links': 4, 'total_elems': 106336, 'total_shapes': 896, 'total_links': 62, 'num_tensors': 16}
2026-06-05T23:24:28+0100 [INFO]     [3 | both | 0](new_swaps: 1 | total: 1) -> {'max_bond': 121, 'max_links': 4, 'total_elems': 106336, 'total_shapes': 896, 'total_links': 62, 'num_tensors': 16}
2026-06-05T23:24:28+0100 [INFO]     [3 | both | 1](new_swaps: 2 | total: 3) -> {'max_bond': 121, 'max_links': 4, 'total_elems': 106336, 'total_shapes': 896, 'total_links': 62, 'num_tensors': 16}
2026-06-05T23:24:28+0100 [INFO]     [3 | left | 0](new_swaps: 1 | total: 4) -> {'max_bond': 121, 'max_links': 4, 'total_elems': 106336, 'total_shapes': 896, 'total_links': 62, 'num_tensors': 16}
2026-06-05T23:24:28+0100 [INFO]     [3 | left | 1](new_swaps: 1 | total: 5) -> {'max_bond': 121, 'max_links': 4, 'total_elems': 106336, 'total_shapes': 896, 'total_links': 62, 'num_tensors': 16}
2026-06-05T23:24:28+0100 [INFO]     [3 | right | 0](new_swaps: 1 | total: 6) -> {'max_bond': 121, 'max_links': 4, 'total_elems': 106336, 'total_shapes': 896, 'total_links': 62, 'num_tensors': 16}
2026-06-05T23:24:29+0100 [INFO]     [3 | right | 1](new_swaps: 1 | total: 7) -> {'max_bond': 121, 'max_links': 4, 'total_elems': 106336, 'total_shapes': 896, 'total_links': 62, 'num_tensors': 16}
2026-06-05T23:24:29+0100 [INFO]     [end unswap] -> {'max_bond': 121, 'max_links': 4, 'total_elems': 106336, 'total_shapes': 896, 'total_links': 62, 'num_tensors': 16}
2026-06-05T23:24:29+0100 [INFO] Pass: ElidePermutations - 0.42868 (ms)
2026-06-05T23:24:29+0100 [INFO] Pass: SabreSwap - 1.99103 (ms)
2026-06-05T23:24:29+0100 [INFO] Pass: ElidePermutations - 0.13304 (ms)
2026-06-05T23:24:29+0100 [INFO] Pass: SabreSwap - 1.80793 (ms)
2026-06-05T23:24:29+0100 [INFO] [1L/93](swap: 3, u: 0 | c_u: 0 | t_u_l: 0/0 | t_u_r: 0/0 | t_u: 0/0) -> {'max_bond': 115, 'max_links': 4, 'total_elems': 100728, 'total_shapes': 876, 'total_links': 62, 'num_tensors': 16}
2026-06-05T23:24:29+0100 [INFO] [2L/93](swap: 4, u: 0 | c_u: 0 | t_u_l: 0/0 | t_u_r: 0/0 | t_u: 0/0) -> {'max_bond': 128, 'max_links': 4, 'total_elems': 107552, 'total_shapes': 918, 'total_links': 62, 'num_tensors': 16}
2026-06-05T23:24:29+0100 [INFO] [1R/74](swap: 3, u: 0 | c_u: 0 | t_u_l: 0/0 | t_u_r: 0/0 | t_u: 0/0) -> {'max_bond': 128, 'max_links': 4, 'total_elems': 147576, 'total_shapes': 1050, 'total_links': 62, 'num_tensors': 16}
2026-06-05T23:24:29+0100 [INFO] [3L/93](swap: 1, u: 0 | c_u: 0 | t_u_l: 0/0 | t_u_r: 0/0 | t_u: 0/0) -> {'max_bond': 212, 'max_links': 4, 'total_elems': 239844, 'total_shapes': 1360, 'total_links': 62, 'num_tensors': 16}
2026-06-05T23:24:30+0100 [INFO] [4L/93](swap: 1, u: 0 | c_u: 0 | t_u_l: 0/0 | t_u_r: 0/0 | t_u: 0/0) -> {'max_bond': 211, 'max_links': 4, 'total_elems': 238140, 'total_shapes': 1356, 'total_links': 62, 'num_tensors': 16}
2026-06-05T23:24:30+0100 [INFO] [5L/93](swap: 1, u: 0 | c_u: 0 | t_u_l: 0/0 | t_u_r: 0/0 | t_u: 0/0) -> {'max_bond': 210, 'max_links': 4, 'total_elems': 236188, 'total_shapes': 1352, 'total_links': 62, 'num_tensors': 16}
2026-06-05T23:24:30+0100 [INFO] [6L/93](swap: 2, u: 0 | c_u: 0 | t_u_l: 0/0 | t_u_r: 0/0 | t_u: 0/0) -> {'max_bond': 209, 'max_links': 4, 'total_elems': 283408, 'total_shapes': 1450, 'total_links': 62, 'num_tensors': 16}
2026-06-05T23:24:31+0100 [INFO] [2R/74](swap: 3, u: 0 | c_u: 0 | t_u_l: 0/0 | t_u_r: 0/0 | t_u: 0/0) -> {'max_bond': 207, 'max_links': 4, 'total_elems': 360988, 'total_shapes': 1604, 'total_links': 62, 'num_tensors': 16}
2026-06-05T23:24:31+0100 [INFO] [3R/74](swap: 1, u: 0 | c_u: 0 | t_u_l: 0/0 | t_u_r: 0/0 | t_u: 0/0) -> {'max_bond': 205, 'max_links': 4, 'total_elems': 356484, 'total_shapes': 1596, 'total_links': 62, 'num_tensors': 16}
2026-06-05T23:24:31+0100 [INFO] [4R/74](swap: 2, u: 0 | c_u: 0 | t_u_l: 0/0 | t_u_r: 0/0 | t_u: 0/0) -> {'max_bond': 203, 'max_links': 4, 'total_elems': 378544, 'total_shapes': 1658, 'total_links': 62, 'num_tensors': 16}
2026-06-05T23:24:32+0100 [INFO] [5R/74](swap: 1, u: 0 | c_u: 0 | t_u_l: 0/0 | t_u_r: 0/0 | t_u: 0/0) -> {'max_bond': 202, 'max_links': 4, 'total_elems': 396564, 'total_shapes': 1718, 'total_links': 62, 'num_tensors': 16}
2026-06-05T23:24:32+0100 [INFO] [6R/74](swap: 0, u: 0 | c_u: 0 | t_u_l: 0/0 | t_u_r: 0/0 | t_u: 0/0) -> {'max_bond': 201, 'max_links': 4, 'total_elems': 395300, 'total_shapes': 1716, 'total_links': 62, 'num_tensors': 16}
2026-06-05T23:24:32+0100 [INFO] [7R/74](swap: 1, u: 0 | c_u: 0 | t_u_l: 0/0 | t_u_r: 0/0 | t_u: 0/0) -> {'max_bond': 200, 'max_links': 4, 'total_elems': 394036, 'total_shapes': 1714, 'total_links': 62, 'num_tensors': 16}
2026-06-05T23:24:32+0100 [INFO] [8R/74](swap: 1, u: 0 | c_u: 0 | t_u_l: 0/0 | t_u_r: 0/0 | t_u: 0/0) -> {'max_bond': 199, 'max_links': 4, 'total_elems': 467464, 'total_shapes': 1854, 'total_links': 62, 'num_tensors': 16}
2026-06-05T23:24:34+0100 [INFO] [7L/93](swap: 2, u: 0 | c_u: 0 | t_u_l: 0/0 | t_u_r: 0/0 | t_u: 0/0) -> {'max_bond': 196, 'max_links': 4, 'total_elems': 589608, 'total_shapes': 2124, 'total_links': 62, 'num_tensors': 16}
2026-06-05T23:24:35+0100 [INFO] [8L/93](swap: 2, u: 0 | c_u: 0 | t_u_l: 0/0 | t_u_r: 0/0 | t_u: 0/0) -> {'max_bond': 194, 'max_links': 4, 'total_elems': 481620, 'total_shapes': 1918, 'total_links': 62, 'num_tensors': 16}
2026-06-05T23:24:36+0100 [INFO] [9L/93](swap: 0, u: 0 | c_u: 0 | t_u_l: 0/0 | t_u_r: 0/0 | t_u: 0/0) -> {'max_bond': 192, 'max_links': 4, 'total_elems': 474560, 'total_shapes': 1906, 'total_links': 62, 'num_tensors': 16}
2026-06-05T23:24:36+0100 [INFO] [9R/74](swap: 1, u: 0 | c_u: 0 | t_u_l: 0/0 | t_u_r: 0/0 | t_u: 0/0) -> {'max_bond': 191, 'max_links': 4, 'total_elems': 469684, 'total_shapes': 1898, 'total_links': 62, 'num_tensors': 16}
2026-06-05T23:24:36+0100 [INFO] [10R/74](swap: 0, u: 0 | c_u: 0 | t_u_l: 0/0 | t_u_r: 0/0 | t_u: 0/0) -> {'max_bond': 190, 'max_links': 4, 'total_elems': 467444, 'total_shapes': 1894, 'total_links': 62, 'num_tensors': 16}
2026-06-05T23:24:38+0100 [INFO] [11R/74](swap: 1, u: 0 | c_u: 0 | t_u_l: 0/0 | t_u_r: 0/0 | t_u: 0/0) -> {'max_bond': 188, 'max_links': 4, 'total_elems': 463716, 'total_shapes': 1888, 'total_links': 62, 'num_tensors': 16}
2026-06-05T23:24:38+0100 [INFO] [12R/74](swap: 2, u: 0 | c_u: 0 | t_u_l: 0/0 | t_u_r: 0/0 | t_u: 0/0) -> {'max_bond': 191, 'max_links': 4, 'total_elems': 367708, 'total_shapes': 1716, 'total_links': 62, 'num_tensors': 16}
2026-06-05T23:24:39+0100 [INFO] [13R/74](swap: 3, u: 0 | c_u: 0 | t_u_l: 0/0 | t_u_r: 0/0 | t_u: 0/0) -> {'max_bond': 189, 'max_links': 4, 'total_elems': 318572, 'total_shapes': 1616, 'total_links': 62, 'num_tensors': 16}
2026-06-05T23:24:39+0100 [INFO] [10L/93](swap: 1, u: 0 | c_u: 0 | t_u_l: 0/0 | t_u_r: 0/0 | t_u: 0/0) -> {'max_bond': 188, 'max_links': 4, 'total_elems': 314116, 'total_shapes': 1608, 'total_links': 62, 'num_tensors': 16}
2026-06-05T23:24:40+0100 [INFO] [11L/93](swap: 1, u: 0 | c_u: 0 | t_u_l: 0/0 | t_u_r: 0/0 | t_u: 0/0) -> {'max_bond': 187, 'max_links': 4, 'total_elems': 310816, 'total_shapes': 1602, 'total_links': 62, 'num_tensors': 16}
2026-06-05T23:24:41+0100 [INFO] [12L/93](swap: 2, u: 0 | c_u: 0 | t_u_l: 0/0 | t_u_r: 0/0 | t_u: 0/0) -> {'max_bond': 186, 'max_links': 4, 'total_elems': 307532, 'total_shapes': 1596, 'total_links': 62, 'num_tensors': 16}
2026-06-05T23:24:41+0100 [INFO] [13L/93](swap: 2, u: 0 | c_u: 0 | t_u_l: 0/0 | t_u_r: 0/0 | t_u: 0/0) -> {'max_bond': 185, 'max_links': 4, 'total_elems': 249836, 'total_shapes': 1464, 'total_links': 62, 'num_tensors': 16}
2026-06-05T23:24:42+0100 [INFO] [14L/93](swap: 1, u: 0 | c_u: 0 | t_u_l: 0/0 | t_u_r: 0/0 | t_u: 0/0) -> {'max_bond': 96, 'max_links': 4, 'total_elems': 146868, 'total_shapes': 1174, 'total_links': 62, 'num_tensors': 16}
2026-06-05T23:24:42+0100 [INFO] [15L/93](swap: 2, u: 0 | c_u: 0 | t_u_l: 0/0 | t_u_r: 0/0 | t_u: 0/0) -> {'max_bond': 96, 'max_links': 4, 'total_elems': 126388, 'total_shapes': 1094, 'total_links': 62, 'num_tensors': 16}
2026-06-05T23:24:42+0100 [INFO] [16L/93](swap: 1, u: 0 | c_u: 0 | t_u_l: 0/0 | t_u_r: 0/0 | t_u: 0/0) -> {'max_bond': 96, 'max_links': 4, 'total_elems': 112308, 'total_shapes': 1054, 'total_links': 62, 'num_tensors': 16}
2026-06-05T23:24:42+0100 [INFO] [14R/74](swap: 2, u: 0 | c_u: 0 | t_u_l: 0/0 | t_u_r: 0/0 | t_u: 0/0) -> {'max_bond': 96, 'max_links': 4, 'total_elems': 104852, 'total_shapes': 1022, 'total_links': 62, 'num_tensors': 16}
2026-06-05T23:24:43+0100 [INFO] [17L/93](swap: 0, u: 0 | c_u: 0 | t_u_l: 0/0 | t_u_r: 0/0 | t_u: 0/0) -> {'max_bond': 96, 'max_links': 4, 'total_elems': 117452, 'total_shapes': 1092, 'total_links': 62, 'num_tensors': 16}
2026-06-05T23:24:43+0100 [INFO] [18L/93](swap: 0, u: 0 | c_u: 0 | t_u_l: 0/0 | t_u_r: 0/0 | t_u: 0/0) -> {'max_bond': 96, 'max_links': 4, 'total_elems': 114576, 'total_shapes': 1082, 'total_links': 62, 'num_tensors': 16}
2026-06-05T23:24:43+0100 [INFO] [15R/74](swap: 1, u: 0 | c_u: 0 | t_u_l: 0/0 | t_u_r: 0/0 | t_u: 0/0) -> {'max_bond': 96, 'max_links': 4, 'total_elems': 133956, 'total_shapes': 1144, 'total_links': 62, 'num_tensors': 16}
2026-06-05T23:24:43+0100 [INFO] [16R/74](swap: 1, u: 0 | c_u: 0 | t_u_l: 0/0 | t_u_r: 0/0 | t_u: 0/0) -> {'max_bond': 96, 'max_links': 4, 'total_elems': 131004, 'total_shapes': 1120, 'total_links': 62, 'num_tensors': 16}
2026-06-05T23:24:43+0100 [INFO] [17R/74](swap: 0, u: 0 | c_u: 0 | t_u_l: 0/0 | t_u_r: 0/0 | t_u: 0/0) -> {'max_bond': 96, 'max_links': 4, 'total_elems': 130100, 'total_shapes': 1124, 'total_links': 62, 'num_tensors': 16}
2026-06-05T23:24:43+0100 [INFO] [18R/74](swap: 0, u: 0 | c_u: 0 | t_u_l: 0/0 | t_u_r: 0/0 | t_u: 0/0) -> {'max_bond': 96, 'max_links': 4, 'total_elems': 129524, 'total_shapes': 1122, 'total_links': 62, 'num_tensors': 16}
2026-06-05T23:24:43+0100 [INFO] [19R/74](swap: 1, u: 0 | c_u: 0 | t_u_l: 0/0 | t_u_r: 0/0 | t_u: 0/0) -> {'max_bond': 96, 'max_links': 4, 'total_elems': 129908, 'total_shapes': 1138, 'total_links': 62, 'num_tensors': 16}
2026-06-05T23:24:44+0100 [INFO] [20R/74](swap: 1, u: 0 | c_u: 0 | t_u_l: 0/0 | t_u_r: 0/0 | t_u: 0/0) -> {'max_bond': 96, 'max_links': 4, 'total_elems': 109428, 'total_shapes': 1074, 'total_links': 62, 'num_tensors': 16}
2026-06-05T23:24:44+0100 [INFO] [21R/74](swap: 0, u: 0 | c_u: 0 | t_u_l: 0/0 | t_u_r: 0/0 | t_u: 0/0) -> {'max_bond': 127, 'max_links': 4, 'total_elems': 125300, 'total_shapes': 1136, 'total_links': 62, 'num_tensors': 16}
2026-06-05T23:24:44+0100 [INFO] [22R/74](swap: 0, u: 0 | c_u: 0 | t_u_l: 0/0 | t_u_r: 0/0 | t_u: 0/0) -> {'max_bond': 126, 'max_links': 4, 'total_elems': 124788, 'total_shapes': 1134, 'total_links': 62, 'num_tensors': 16}
2026-06-05T23:24:44+0100 [INFO] [23R/74](swap: 0, u: 0 | c_u: 0 | t_u_l: 0/0 | t_u_r: 0/0 | t_u: 0/0) -> {'max_bond': 126, 'max_links': 4, 'total_elems': 124788, 'total_shapes': 1134, 'total_links': 62, 'num_tensors': 16}
2026-06-05T23:24:44+0100 [INFO] [24R/74](swap: 1, u: 0 | c_u: 0 | t_u_l: 0/0 | t_u_r: 0/0 | t_u: 0/0) -> {'max_bond': 96, 'max_links': 4, 'total_elems': 109428, 'total_shapes': 1074, 'total_links': 62, 'num_tensors': 16}
2026-06-05T23:24:44+0100 [INFO] [19L/93](swap: 0, u: 0 | c_u: 0 | t_u_l: 0/0 | t_u_r: 0/0 | t_u: 0/0) -> {'max_bond': 127, 'max_links': 4, 'total_elems': 148220, 'total_shapes': 1196, 'total_links': 62, 'num_tensors': 16}
2026-06-05T23:24:44+0100 [INFO] [20L/93](swap: 1, u: 0 | c_u: 0 | t_u_l: 0/0 | t_u_r: 0/0 | t_u: 0/0) -> {'max_bond': 126, 'max_links': 4, 'total_elems': 146068, 'total_shapes': 1190, 'total_links': 62, 'num_tensors': 16}
2026-06-05T23:24:45+0100 [INFO] [21L/93](swap: 1, u: 0 | c_u: 0 | t_u_l: 0/0 | t_u_r: 0/0 | t_u: 0/0) -> {'max_bond': 126, 'max_links': 4, 'total_elems': 146068, 'total_shapes': 1190, 'total_links': 62, 'num_tensors': 16}
2026-06-05T23:24:45+0100 [INFO] [25R/74](swap: 1, u: 0 | c_u: 0 | t_u_l: 0/0 | t_u_r: 0/0 | t_u: 0/0) -> {'max_bond': 243, 'max_links': 4, 'total_elems': 230640, 'total_shapes': 1474, 'total_links': 62, 'num_tensors': 16}
2026-06-05T23:24:45+0100 [INFO] [26R/74](swap: 1, u: 0 | c_u: 0 | t_u_l: 0/0 | t_u_r: 0/0 | t_u: 0/0) -> {'max_bond': 237, 'max_links': 4, 'total_elems': 218516, 'total_shapes': 1434, 'total_links': 62, 'num_tensors': 16}
2026-06-05T23:24:45+0100 [INFO] [27R/74](swap: 1, u: 0 | c_u: 0 | t_u_l: 0/0 | t_u_r: 0/0 | t_u: 0/0) -> {'max_bond': 126, 'max_links': 4, 'total_elems': 152124, 'total_shapes': 1250, 'total_links': 62, 'num_tensors': 16}
2026-06-05T23:24:46+0100 [INFO] [28R/74](swap: 3, u: 0 | c_u: 0 | t_u_l: 0/0 | t_u_r: 0/0 | t_u: 0/0) -> {'max_bond': 126, 'max_links': 4, 'total_elems': 138984, 'total_shapes': 1214, 'total_links': 62, 'num_tensors': 16}
2026-06-05T23:24:46+0100 [INFO] [29R/74](swap: 2, u: 0 | c_u: 0 | t_u_l: 0/0 | t_u_r: 0/0 | t_u: 0/0) -> {'max_bond': 71, 'max_links': 4, 'total_elems': 97012, 'total_shapes': 1040, 'total_links': 62, 'num_tensors': 16}
2026-06-05T23:24:46+0100 [INFO] [22L/93](swap: 2, u: 0 | c_u: 0 | t_u_l: 0/0 | t_u_r: 0/0 | t_u: 0/0) -> {'max_bond': 128, 'max_links': 4, 'total_elems': 119068, 'total_shapes': 1140, 'total_links': 62, 'num_tensors': 16}
2026-06-05T23:24:46+0100 [INFO] [30R/74](swap: 2, u: 0 | c_u: 0 | t_u_l: 0/0 | t_u_r: 0/0 | t_u: 0/0) -> {'max_bond': 128, 'max_links': 4, 'total_elems': 179696, 'total_shapes': 1342, 'total_links': 62, 'num_tensors': 16}
2026-06-05T23:24:47+0100 [INFO] [31R/74](swap: 3, u: 0 | c_u: 0 | t_u_l: 0/0 | t_u_r: 0/0 | t_u: 0/0) -> {'max_bond': 190, 'max_links': 4, 'total_elems': 260240, 'total_shapes': 1594, 'total_links': 62, 'num_tensors': 16}
2026-06-05T23:24:50+0100 [INFO] [32R/74](swap: 3, u: 0 | c_u: 0 | t_u_l: 0/0 | t_u_r: 0/0 | t_u: 0/0) -> {'max_bond': 199, 'max_links': 4, 'total_elems': 380296, 'total_shapes': 1832, 'total_links': 62, 'num_tensors': 16}
2026-06-05T23:24:51+0100 [INFO] [23L/93](swap: 1, u: 0 | c_u: 0 | t_u_l: 0/0 | t_u_r: 0/0 | t_u: 0/0) -> {'max_bond': 188, 'max_links': 4, 'total_elems': 333188, 'total_shapes': 1688, 'total_links': 62, 'num_tensors': 16}
2026-06-05T23:24:51+0100 [INFO] [33R/74](swap: 2, u: 0 | c_u: 0 | t_u_l: 0/0 | t_u_r: 0/0 | t_u: 0/0) -> {'max_bond': 253, 'max_links': 4, 'total_elems': 355848, 'total_shapes': 1720, 'total_links': 62, 'num_tensors': 16}
2026-06-05T23:24:52+0100 [INFO] [34R/74](swap: 1, u: 0 | c_u: 0 | t_u_l: 0/0 | t_u_r: 0/0 | t_u: 0/0) -> {'max_bond': 250, 'max_links': 4, 'total_elems': 320976, 'total_shapes': 1642, 'total_links': 62, 'num_tensors': 16}
2026-06-05T23:24:52+0100 [INFO] [35R/74](swap: 0, u: 0 | c_u: 0 | t_u_l: 0/0 | t_u_r: 0/0 | t_u: 0/0) -> {'max_bond': 248, 'max_links': 4, 'total_elems': 292068, 'total_shapes': 1570, 'total_links': 62, 'num_tensors': 16}
2026-06-05T23:24:53+0100 [INFO] [36R/74](swap: 2, u: 0 | c_u: 0 | t_u_l: 0/0 | t_u_r: 0/0 | t_u: 0/0) -> {'max_bond': 128, 'max_links': 4, 'total_elems': 166524, 'total_shapes': 1256, 'total_links': 62, 'num_tensors': 16}
2026-06-05T23:24:53+0100 [INFO] [37R/74](swap: 2, u: 0 | c_u: 0 | t_u_l: 0/0 | t_u_r: 0/0 | t_u: 0/0) -> {'max_bond': 128, 'max_links': 4, 'total_elems': 149756, 'total_shapes': 1222, 'total_links': 62, 'num_tensors': 16}
2026-06-05T23:24:54+0100 [INFO] [38R/74](swap: 1, u: 0 | c_u: 0 | t_u_l: 0/0 | t_u_r: 0/0 | t_u: 0/0) -> {'max_bond': 128, 'max_links': 4, 'total_elems': 202684, 'total_shapes': 1384, 'total_links': 62, 'num_tensors': 16}
2026-06-05T23:24:54+0100 [INFO] [39R/74](swap: 0, u: 0 | c_u: 0 | t_u_l: 0/0 | t_u_r: 0/0 | t_u: 0/0) -> {'max_bond': 128, 'max_links': 4, 'total_elems': 201980, 'total_shapes': 1382, 'total_links': 62, 'num_tensors': 16}
2026-06-05T23:24:55+0100 [INFO] [40R/74](swap: 0, u: 0 | c_u: 0 | t_u_l: 0/0 | t_u_r: 0/0 | t_u: 0/0) -> {'max_bond': 128, 'max_links': 4, 'total_elems': 171260, 'total_shapes': 1318, 'total_links': 62, 'num_tensors': 16}
2026-06-05T23:24:55+0100 [INFO] [41R/74](swap: 1, u: 0 | c_u: 0 | t_u_l: 0/0 | t_u_r: 0/0 | t_u: 0/0) -> {'max_bond': 124, 'max_links': 4, 'total_elems': 123132, 'total_shapes': 1190, 'total_links': 62, 'num_tensors': 16}
2026-06-05T23:24:55+0100 [INFO] [42R/74](swap: 1, u: 0 | c_u: 0 | t_u_l: 0/0 | t_u_r: 0/0 | t_u: 0/0) -> {'max_bond': 126, 'max_links': 4, 'total_elems': 124028, 'total_shapes': 1194, 'total_links': 62, 'num_tensors': 16}
2026-06-05T23:24:55+0100 [INFO] [43R/74](swap: 0, u: 0 | c_u: 0 | t_u_l: 0/0 | t_u_r: 0/0 | t_u: 0/0) -> {'max_bond': 124, 'max_links': 4, 'total_elems': 115612, 'total_shapes': 1170, 'total_links': 62, 'num_tensors': 16}
2026-06-05T23:24:56+0100 [INFO] [44R/74](swap: 1, u: 0 | c_u: 0 | t_u_l: 0/0 | t_u_r: 0/0 | t_u: 0/0) -> {'max_bond': 123, 'max_links': 4, 'total_elems': 113708, 'total_shapes': 1164, 'total_links': 62, 'num_tensors': 16}
2026-06-05T23:24:56+0100 [INFO] [45R/74](swap: 0, u: 0 | c_u: 0 | t_u_l: 0/0 | t_u_r: 0/0 | t_u: 0/0) -> {'max_bond': 122, 'max_links': 4, 'total_elems': 134164, 'total_shapes': 1272, 'total_links': 62, 'num_tensors': 16}
2026-06-05T23:24:56+0100 [INFO] [46R/74](swap: 2, u: 0 | c_u: 0 | t_u_l: 0/0 | t_u_r: 0/0 | t_u: 0/0) -> {'max_bond': 122, 'max_links': 4, 'total_elems': 131812, 'total_shapes': 1260, 'total_links': 62, 'num_tensors': 16}
2026-06-05T23:24:56+0100 [INFO] [47R/74](swap: 1, u: 0 | c_u: 0 | t_u_l: 0/0 | t_u_r: 0/0 | t_u: 0/0) -> {'max_bond': 128, 'max_links': 4, 'total_elems': 159436, 'total_shapes': 1286, 'total_links': 62, 'num_tensors': 16}
2026-06-05T23:24:57+0100 [INFO] [48R/74](swap: 4, u: 0 | c_u: 0 | t_u_l: 0/0 | t_u_r: 0/0 | t_u: 0/0) -> {'max_bond': 128, 'max_links': 4, 'total_elems': 188092, 'total_shapes': 1410, 'total_links': 62, 'num_tensors': 16}
2026-06-05T23:24:57+0100 [INFO] [49R/74](swap: 1, u: 0 | c_u: 0 | t_u_l: 0/0 | t_u_r: 0/0 | t_u: 0/0) -> {'max_bond': 136, 'max_links': 4, 'total_elems': 188508, 'total_shapes': 1402, 'total_links': 62, 'num_tensors': 16}
2026-06-05T23:24:57+0100 [INFO] [50R/74](swap: 1, u: 0 | c_u: 0 | t_u_l: 0/0 | t_u_r: 0/0 | t_u: 0/0) -> {'max_bond': 133, 'max_links': 4, 'total_elems': 183320, 'total_shapes': 1386, 'total_links': 62, 'num_tensors': 16}
2026-06-05T23:24:58+0100 [INFO] [51R/74](swap: 1, u: 0 | c_u: 0 | t_u_l: 0/0 | t_u_r: 0/0 | t_u: 0/0) -> {'max_bond': 131, 'max_links': 4, 'total_elems': 165924, 'total_shapes': 1306, 'total_links': 62, 'num_tensors': 16}
2026-06-05T23:24:58+0100 [INFO] [24L/93](swap: 0, u: 0 | c_u: 0 | t_u_l: 0/0 | t_u_r: 0/0 | t_u: 0/0) -> {'max_bond': 129, 'max_links': 4, 'total_elems': 178552, 'total_shapes': 1358, 'total_links': 62, 'num_tensors': 16}
2026-06-05T23:24:58+0100 [INFO] [25L/93](swap: 2, u: 0 | c_u: 0 | t_u_l: 0/0 | t_u_r: 0/0 | t_u: 0/0) -> {'max_bond': 127, 'max_links': 4, 'total_elems': 175108, 'total_shapes': 1348, 'total_links': 62, 'num_tensors': 16}
2026-06-05T23:24:58+0100 [INFO] [26L/93](swap: 2, u: 0 | c_u: 0 | t_u_l: 0/0 | t_u_r: 0/0 | t_u: 0/0) -> {'max_bond': 126, 'max_links': 4, 'total_elems': 135676, 'total_shapes': 1224, 'total_links': 62, 'num_tensors': 16}
2026-06-05T23:24:59+0100 [INFO] [27L/93](swap: 1, u: 0 | c_u: 0 | t_u_l: 0/0 | t_u_r: 0/0 | t_u: 0/0) -> {'max_bond': 124, 'max_links': 4, 'total_elems': 134140, 'total_shapes': 1218, 'total_links': 62, 'num_tensors': 16}
2026-06-05T23:24:59+0100 [INFO] [28L/93](swap: 1, u: 0 | c_u: 0 | t_u_l: 0/0 | t_u_r: 0/0 | t_u: 0/0) -> {'max_bond': 123, 'max_links': 4, 'total_elems': 133628, 'total_shapes': 1216, 'total_links': 62, 'num_tensors': 16}
2026-06-05T23:24:59+0100 [INFO] [29L/93](swap: 0, u: 0 | c_u: 0 | t_u_l: 0/0 | t_u_r: 0/0 | t_u: 0/0) -> {'max_bond': 122, 'max_links': 4, 'total_elems': 133116, 'total_shapes': 1214, 'total_links': 62, 'num_tensors': 16}
2026-06-05T23:24:59+0100 [INFO] [30L/93](swap: 1, u: 0 | c_u: 0 | t_u_l: 0/0 | t_u_r: 0/0 | t_u: 0/0) -> {'max_bond': 121, 'max_links': 4, 'total_elems': 132604, 'total_shapes': 1212, 'total_links': 62, 'num_tensors': 16}
2026-06-05T23:24:59+0100 [INFO] [31L/93](swap: 1, u: 0 | c_u: 0 | t_u_l: 0/0 | t_u_r: 0/0 | t_u: 0/0) -> {'max_bond': 130, 'max_links': 4, 'total_elems': 137212, 'total_shapes': 1230, 'total_links': 62, 'num_tensors': 16}
2026-06-05T23:24:59+0100 [INFO] [52R/74](swap: 0, u: 0 | c_u: 0 | t_u_l: 0/0 | t_u_r: 0/0 | t_u: 0/0) -> {'max_bond': 125, 'max_links': 4, 'total_elems': 165884, 'total_shapes': 1342, 'total_links': 62, 'num_tensors': 16}
2026-06-05T23:24:59+0100 [INFO] [53R/74](swap: 0, u: 0 | c_u: 0 | t_u_l: 0/0 | t_u_r: 0/0 | t_u: 0/0) -> {'max_bond': 124, 'max_links': 4, 'total_elems': 173052, 'total_shapes': 1402, 'total_links': 62, 'num_tensors': 16}
2026-06-05T23:25:00+0100 [INFO] [54R/74](swap: 1, u: 0 | c_u: 0 | t_u_l: 0/0 | t_u_r: 0/0 | t_u: 0/0) -> {'max_bond': 123, 'max_links': 4, 'total_elems': 189436, 'total_shapes': 1466, 'total_links': 62, 'num_tensors': 16}
2026-06-05T23:25:00+0100 [INFO] [55R/74](swap: 0, u: 0 | c_u: 0 | t_u_l: 0/0 | t_u_r: 0/0 | t_u: 0/0) -> {'max_bond': 122, 'max_links': 4, 'total_elems': 187900, 'total_shapes': 1460, 'total_links': 62, 'num_tensors': 16}
2026-06-05T23:25:00+0100 [INFO] [56R/74](swap: 0, u: 0 | c_u: 0 | t_u_l: 0/0 | t_u_r: 0/0 | t_u: 0/0) -> {'max_bond': 122, 'max_links': 4, 'total_elems': 186876, 'total_shapes': 1456, 'total_links': 62, 'num_tensors': 16}
2026-06-05T23:25:01+0100 [INFO] [57R/74](swap: 2, u: 0 | c_u: 0 | t_u_l: 0/0 | t_u_r: 0/0 | t_u: 0/0) -> {'max_bond': 128, 'max_links': 4, 'total_elems': 232444, 'total_shapes': 1580, 'total_links': 62, 'num_tensors': 16}
2026-06-05T23:25:01+0100 [INFO] [58R/74](swap: 1, u: 0 | c_u: 0 | t_u_l: 0/0 | t_u_r: 0/0 | t_u: 0/0) -> {'max_bond': 128, 'max_links': 4, 'total_elems': 224956, 'total_shapes': 1544, 'total_links': 62, 'num_tensors': 16}
2026-06-05T23:25:01+0100 [INFO] [32L/93](swap: 0, u: 0 | c_u: 0 | t_u_l: 0/0 | t_u_r: 0/0 | t_u: 0/0) -> {'max_bond': 128, 'max_links': 4, 'total_elems': 264124, 'total_shapes': 1672, 'total_links': 62, 'num_tensors': 16}
2026-06-05T23:25:01+0100 [INFO] [33L/93](swap: 1, u: 0 | c_u: 0 | t_u_l: 0/0 | t_u_r: 0/0 | t_u: 0/0) -> {'max_bond': 128, 'max_links': 4, 'total_elems': 264124, 'total_shapes': 1672, 'total_links': 62, 'num_tensors': 16}
2026-06-05T23:25:02+0100 [INFO] [34L/93](swap: 0, u: 0 | c_u: 0 | t_u_l: 0/0 | t_u_r: 0/0 | t_u: 0/0) -> {'max_bond': 128, 'max_links': 4, 'total_elems': 267468, 'total_shapes': 1694, 'total_links': 62, 'num_tensors': 16}
2026-06-05T23:25:02+0100 [INFO] [35L/93](swap: 1, u: 0 | c_u: 0 | t_u_l: 0/0 | t_u_r: 0/0 | t_u: 0/0) -> {'max_bond': 128, 'max_links': 4, 'total_elems': 267164, 'total_shapes': 1692, 'total_links': 62, 'num_tensors': 16}
2026-06-05T23:25:02+0100 [INFO] [36L/93](swap: 0, u: 0 | c_u: 0 | t_u_l: 0/0 | t_u_r: 0/0 | t_u: 0/0) -> {'max_bond': 128, 'max_links': 4, 'total_elems': 266860, 'total_shapes': 1690, 'total_links': 62, 'num_tensors': 16}
2026-06-05T23:25:03+0100 [INFO] [37L/93](swap: 1, u: 0 | c_u: 0 | t_u_l: 0/0 | t_u_r: 0/0 | t_u: 0/0) -> {'max_bond': 128, 'max_links': 4, 'total_elems': 266556, 'total_shapes': 1688, 'total_links': 62, 'num_tensors': 16}
2026-06-05T23:25:03+0100 [INFO] [38L/93](swap: 0, u: 0 | c_u: 0 | t_u_l: 0/0 | t_u_r: 0/0 | t_u: 0/0) -> {'max_bond': 128, 'max_links': 4, 'total_elems': 267468, 'total_shapes': 1694, 'total_links': 62, 'num_tensors': 16}
2026-06-05T23:25:03+0100 [INFO] [39L/93](swap: 2, u: 0 | c_u: 0 | t_u_l: 0/0 | t_u_r: 0/0 | t_u: 0/0) -> {'max_bond': 128, 'max_links': 4, 'total_elems': 267164, 'total_shapes': 1692, 'total_links': 62, 'num_tensors': 16}
2026-06-05T23:25:04+0100 [INFO] [40L/93](swap: 2, u: 0 | c_u: 0 | t_u_l: 0/0 | t_u_r: 0/0 | t_u: 0/0) -> {'max_bond': 128, 'max_links': 4, 'total_elems': 226468, 'total_shapes': 1558, 'total_links': 62, 'num_tensors': 16}
2026-06-05T23:25:04+0100 [INFO] [41L/93](swap: 1, u: 0 | c_u: 0 | t_u_l: 0/0 | t_u_r: 0/0 | t_u: 0/0) -> {'max_bond': 229, 'max_links': 4, 'total_elems': 278508, 'total_shapes': 1768, 'total_links': 62, 'num_tensors': 16}
2026-06-05T23:25:04+0100 [INFO] [59R/74](swap: 0, u: 0 | c_u: 0 | t_u_l: 0/0 | t_u_r: 0/0 | t_u: 0/0) -> {'max_bond': 216, 'max_links': 4, 'total_elems': 348204, 'total_shapes': 1850, 'total_links': 62, 'num_tensors': 16}
2026-06-05T23:25:05+0100 [INFO] [60R/74](swap: 1, u: 0 | c_u: 0 | t_u_l: 0/0 | t_u_r: 0/0 | t_u: 0/0) -> {'max_bond': 205, 'max_links': 4, 'total_elems': 338128, 'total_shapes': 1822, 'total_links': 62, 'num_tensors': 16}
2026-06-05T23:25:06+0100 [INFO] [61R/74](swap: 1, u: 0 | c_u: 0 | t_u_l: 0/0 | t_u_r: 0/0 | t_u: 0/0) -> {'max_bond': 252, 'max_links': 4, 'total_elems': 420472, 'total_shapes': 2038, 'total_links': 62, 'num_tensors': 16}
2026-06-05T23:25:06+0100 [INFO] [62R/74](swap: 0, u: 0 | c_u: 0 | t_u_l: 0/0 | t_u_r: 0/0 | t_u: 0/0) -> {'max_bond': 248, 'max_links': 4, 'total_elems': 405324, 'total_shapes': 2000, 'total_links': 62, 'num_tensors': 16}
2026-06-05T23:25:07+0100 [INFO] [63R/74](swap: 1, u: 0 | c_u: 0 | t_u_l: 0/0 | t_u_r: 0/0 | t_u: 0/0) -> {'max_bond': 245, 'max_links': 4, 'total_elems': 403468, 'total_shapes': 1994, 'total_links': 62, 'num_tensors': 16}
2026-06-05T23:25:08+0100 [INFO] [64R/74](swap: 0, u: 0 | c_u: 0 | t_u_l: 0/0 | t_u_r: 0/0 | t_u: 0/0) -> {'max_bond': 242, 'max_links': 4, 'total_elems': 394988, 'total_shapes': 1974, 'total_links': 62, 'num_tensors': 16}
2026-06-05T23:25:08+0100 [INFO] [65R/74](swap: 1, u: 0 | c_u: 0 | t_u_l: 0/0 | t_u_r: 0/0 | t_u: 0/0) -> {'max_bond': 239, 'max_links': 4, 'total_elems': 353368, 'total_shapes': 1860, 'total_links': 62, 'num_tensors': 16}
2026-06-05T23:25:09+0100 [INFO] [66R/74](swap: 1, u: 0 | c_u: 0 | t_u_l: 0/0 | t_u_r: 0/0 | t_u: 0/0) -> {'max_bond': 238, 'max_links': 4, 'total_elems': 464228, 'total_shapes': 2090, 'total_links': 62, 'num_tensors': 16}
2026-06-05T23:25:10+0100 [INFO] [42L/93](swap: 0, u: 0 | c_u: 0 | t_u_l: 0/0 | t_u_r: 0/0 | t_u: 0/0) -> {'max_bond': 237, 'max_links': 4, 'total_elems': 588860, 'total_shapes': 2218, 'total_links': 62, 'num_tensors': 16}
2026-06-05T23:25:10+0100 [INFO] [43L/93](swap: 1, u: 0 | c_u: 0 | t_u_l: 0/0 | t_u_r: 0/0 | t_u: 0/0) -> {'max_bond': 235, 'max_links': 4, 'total_elems': 560788, 'total_shapes': 2184, 'total_links': 62, 'num_tensors': 16}
2026-06-05T23:25:11+0100 [INFO] [44L/93](swap: 0, u: 0 | c_u: 0 | t_u_l: 0/0 | t_u_r: 0/0 | t_u: 0/0) -> {'max_bond': 231, 'max_links': 4, 'total_elems': 419084, 'total_shapes': 1934, 'total_links': 62, 'num_tensors': 16}
2026-06-05T23:25:11+0100 [INFO] [45L/93](swap: 0, u: 0 | c_u: 0 | t_u_l: 0/0 | t_u_r: 0/0 | t_u: 0/0) -> {'max_bond': 231, 'max_links': 4, 'total_elems': 380732, 'total_shapes': 1872, 'total_links': 62, 'num_tensors': 16}
2026-06-05T23:25:11+0100 [INFO] [46L/93](swap: 0, u: 0 | c_u: 0 | t_u_l: 0/0 | t_u_r: 0/0 | t_u: 0/0) -> {'max_bond': 231, 'max_links': 4, 'total_elems': 421956, 'total_shapes': 1944, 'total_links': 62, 'num_tensors': 16}
2026-06-05T23:25:11+0100 [INFO] [47L/93](swap: 0, u: 0 | c_u: 0 | t_u_l: 0/0 | t_u_r: 0/0 | t_u: 0/0) -> {'max_bond': 231, 'max_links': 4, 'total_elems': 397972, 'total_shapes': 1900, 'total_links': 62, 'num_tensors': 16}
2026-06-05T23:25:12+0100 [INFO] [48L/93](swap: 1, u: 0 | c_u: 0 | t_u_l: 0/0 | t_u_r: 0/0 | t_u: 0/0) -> {'max_bond': 231, 'max_links': 4, 'total_elems': 380084, 'total_shapes': 1868, 'total_links': 62, 'num_tensors': 16}
2026-06-05T23:25:12+0100 [INFO] [49L/93](swap: 0, u: 0 | c_u: 0 | t_u_l: 0/0 | t_u_r: 0/0 | t_u: 0/0) -> {'max_bond': 230, 'max_links': 4, 'total_elems': 370372, 'total_shapes': 1848, 'total_links': 62, 'num_tensors': 16}
2026-06-05T23:25:12+0100 [INFO] [50L/93](swap: 1, u: 0 | c_u: 0 | t_u_l: 0/0 | t_u_r: 0/0 | t_u: 0/0) -> {'max_bond': 230, 'max_links': 4, 'total_elems': 368212, 'total_shapes': 1844, 'total_links': 62, 'num_tensors': 16}
2026-06-05T23:25:12+0100 [INFO] [51L/93](swap: 2, u: 0 | c_u: 0 | t_u_l: 0/0 | t_u_r: 0/0 | t_u: 0/0) -> {'max_bond': 230, 'max_links': 4, 'total_elems': 368212, 'total_shapes': 1844, 'total_links': 62, 'num_tensors': 16}
2026-06-05T23:25:13+0100 [INFO] [52L/93](swap: 1, u: 0 | c_u: 0 | t_u_l: 0/0 | t_u_r: 0/0 | t_u: 0/0) -> {'max_bond': 235, 'max_links': 4, 'total_elems': 388284, 'total_shapes': 1876, 'total_links': 62, 'num_tensors': 16}
2026-06-05T23:25:13+0100 [INFO] [53L/93](swap: 0, u: 0 | c_u: 0 | t_u_l: 0/0 | t_u_r: 0/0 | t_u: 0/0) -> {'max_bond': 232, 'max_links': 4, 'total_elems': 316164, 'total_shapes': 1752, 'total_links': 62, 'num_tensors': 16}
2026-06-05T23:25:13+0100 [INFO] [67R/74](swap: 0, u: 0 | c_u: 0 | t_u_l: 0/0 | t_u_r: 0/0 | t_u: 0/0) -> {'max_bond': 230, 'max_links': 4, 'total_elems': 313916, 'total_shapes': 1746, 'total_links': 62, 'num_tensors': 16}
2026-06-05T23:25:14+0100 [INFO] [68R/74](swap: 1, u: 0 | c_u: 0 | t_u_l: 0/0 | t_u_r: 0/0 | t_u: 0/0) -> {'max_bond': 229, 'max_links': 4, 'total_elems': 266052, 'total_shapes': 1620, 'total_links': 62, 'num_tensors': 16}
2026-06-05T23:25:14+0100 [INFO] [69R/74](swap: 0, u: 0 | c_u: 0 | t_u_l: 0/0 | t_u_r: 0/0 | t_u: 0/0) -> {'max_bond': 228, 'max_links': 4, 'total_elems': 265308, 'total_shapes': 1618, 'total_links': 62, 'num_tensors': 16}
2026-06-05T23:25:14+0100 [INFO] [70R/74](swap: 0, u: 0 | c_u: 0 | t_u_l: 0/0 | t_u_r: 0/0 | t_u: 0/0) -> {'max_bond': 227, 'max_links': 4, 'total_elems': 264564, 'total_shapes': 1616, 'total_links': 62, 'num_tensors': 16}
2026-06-05T23:25:14+0100 [INFO] [71R/74](swap: 1, u: 0 | c_u: 0 | t_u_l: 0/0 | t_u_r: 0/0 | t_u: 0/0) -> {'max_bond': 126, 'max_links': 4, 'total_elems': 186444, 'total_shapes': 1406, 'total_links': 62, 'num_tensors': 16}
2026-06-05T23:25:14+0100 [INFO] [54L/93](swap: 1, u: 0 | c_u: 0 | t_u_l: 0/0 | t_u_r: 0/0 | t_u: 0/0) -> {'max_bond': 125, 'max_links': 4, 'total_elems': 183480, 'total_shapes': 1398, 'total_links': 62, 'num_tensors': 16}
2026-06-05T23:25:15+0100 [INFO] [72R/74](swap: 0, u: 0 | c_u: 0 | t_u_l: 0/0 | t_u_r: 0/0 | t_u: 0/0) -> {'max_bond': 124, 'max_links': 4, 'total_elems': 180936, 'total_shapes': 1390, 'total_links': 62, 'num_tensors': 16}
2026-06-05T23:25:15+0100 [INFO] [73R/74](swap: 0, u: 0 | c_u: 0 | t_u_l: 0/0 | t_u_r: 0/0 | t_u: 0/0) -> {'max_bond': 123, 'max_links': 4, 'total_elems': 179480, 'total_shapes': 1386, 'total_links': 62, 'num_tensors': 16}
2026-06-05T23:25:15+0100 [INFO] [74R/74](swap: 0, u: 0 | c_u: 0 | t_u_l: 0/0 | t_u_r: 0/0 | t_u: 0/0) -> {'max_bond': 123, 'max_links': 4, 'total_elems': 178752, 'total_shapes': 1384, 'total_links': 62, 'num_tensors': 16}
2026-06-05T23:25:15+0100 [INFO] [55L/93](swap: 0, u: 0 | c_u: 0 | t_u_l: 0/0 | t_u_r: 0/0 | t_u: 0/0) -> {'max_bond': 123, 'max_links': 4, 'total_elems': 178024, 'total_shapes': 1382, 'total_links': 62, 'num_tensors': 16}
2026-06-05T23:25:15+0100 [INFO] [56L/93](swap: 1, u: 0 | c_u: 0 | t_u_l: 0/0 | t_u_r: 0/0 | t_u: 0/0) -> {'max_bond': 123, 'max_links': 4, 'total_elems': 178024, 'total_shapes': 1382, 'total_links': 62, 'num_tensors': 16}
2026-06-05T23:25:15+0100 [INFO] [57L/93](swap: 0, u: 0 | c_u: 0 | t_u_l: 0/0 | t_u_r: 0/0 | t_u: 0/0) -> {'max_bond': 123, 'max_links': 4, 'total_elems': 168904, 'total_shapes': 1392, 'total_links': 62, 'num_tensors': 16}
2026-06-05T23:25:15+0100 [INFO] [58L/93](swap: 1, u: 0 | c_u: 0 | t_u_l: 0/0 | t_u_r: 0/0 | t_u: 0/0) -> {'max_bond': 123, 'max_links': 4, 'total_elems': 166884, 'total_shapes': 1386, 'total_links': 62, 'num_tensors': 16}
2026-06-05T23:25:16+0100 [INFO] [59L/93](swap: 2, u: 0 | c_u: 0 | t_u_l: 0/0 | t_u_r: 0/0 | t_u: 0/0) -> {'max_bond': 122, 'max_links': 4, 'total_elems': 166372, 'total_shapes': 1384, 'total_links': 62, 'num_tensors': 16}
2026-06-05T23:25:16+0100 [INFO] [60L/93](swap: 2, u: 0 | c_u: 0 | t_u_l: 0/0 | t_u_r: 0/0 | t_u: 0/0) -> {'max_bond': 127, 'max_links': 4, 'total_elems': 259280, 'total_shapes': 1608, 'total_links': 62, 'num_tensors': 16}
2026-06-05T23:25:16+0100 [INFO] [61L/93](swap: 3, u: 0 | c_u: 0 | t_u_l: 0/0 | t_u_r: 0/0 | t_u: 0/0) -> {'max_bond': 437, 'max_links': 4, 'total_elems': 519492, 'total_shapes': 2122, 'total_links': 62, 'num_tensors': 16}
2026-06-05T23:25:17+0100 [INFO] [62L/93](swap: 3, u: 0 | c_u: 0 | t_u_l: 0/0 | t_u_r: 0/0 | t_u: 0/0) -> {'max_bond': 434, 'max_links': 4, 'total_elems': 494316, 'total_shapes': 2068, 'total_links': 62, 'num_tensors': 16}
2026-06-05T23:25:17+0100 [INFO] [63L/93](swap: 3, u: 0 | c_u: 0 | t_u_l: 0/0 | t_u_r: 0/0 | t_u: 0/0) -> {'max_bond': 123, 'max_links': 4, 'total_elems': 244936, 'total_shapes': 1556, 'total_links': 62, 'num_tensors': 16}
2026-06-05T23:25:17+0100 [INFO] [64L/93](swap: 2, u: 0 | c_u: 0 | t_u_l: 0/0 | t_u_r: 0/0 | t_u: 0/0) -> {'max_bond': 128, 'max_links': 4, 'total_elems': 240140, 'total_shapes': 1502, 'total_links': 62, 'num_tensors': 16}
/cephfs/volumes/hpc_data_usr/k23067196/4b836cf6-c724-4582-b3ee-c8bf7092b2fd/JUNCTION-HACKATHON/quantum-junction/.venv/lib/python3.10/site-packages/autoray/autoray.py:1329: UserWarning: torch.linalg.svd: During SVD computation with the selected cusolver driver, batches 0 failed to converge. A more accurate method will be used to compute the SVD as a fallback. Check doc at https://pytorch.org/docs/stable/generated/torch.linalg.svd.html (Triggered internally at ../aten/src/ATen/native/cuda/linalg/BatchLinearAlgebraLib.cpp:697.)
  return fn(*args, **kwargs)
2026-06-05T23:25:19+0100 [INFO] [65L/93](swap: 1, u: 0 | c_u: 0 | t_u_l: 0/0 | t_u_r: 0/0 | t_u: 0/0) -> {'max_bond': 128, 'max_links': 4, 'total_elems': 195196, 'total_shapes': 1374, 'total_links': 62, 'num_tensors': 16}
2026-06-05T23:25:19+0100 [INFO] [66L/93](swap: 1, u: 0 | c_u: 0 | t_u_l: 0/0 | t_u_r: 0/0 | t_u: 0/0) -> {'max_bond': 128, 'max_links': 4, 'total_elems': 193276, 'total_shapes': 1370, 'total_links': 62, 'num_tensors': 16}
2026-06-05T23:25:19+0100 [INFO] [67L/93](swap: 2, u: 0 | c_u: 0 | t_u_l: 0/0 | t_u_r: 0/0 | t_u: 0/0) -> {'max_bond': 128, 'max_links': 4, 'total_elems': 229728, 'total_shapes': 1478, 'total_links': 62, 'num_tensors': 16}
2026-06-05T23:25:19+0100 [INFO] [68L/93](swap: 1, u: 0 | c_u: 0 | t_u_l: 0/0 | t_u_r: 0/0 | t_u: 0/0) -> {'max_bond': 145, 'max_links': 4, 'total_elems': 267196, 'total_shapes': 1564, 'total_links': 62, 'num_tensors': 16}
2026-06-05T23:25:19+0100 [INFO] [69L/93](swap: 2, u: 0 | c_u: 0 | t_u_l: 0/0 | t_u_r: 0/0 | t_u: 0/0) -> {'max_bond': 137, 'max_links': 4, 'total_elems': 265660, 'total_shapes': 1580, 'total_links': 62, 'num_tensors': 16}
2026-06-05T23:25:20+0100 [INFO] [70L/93](swap: 0, u: 0 | c_u: 0 | t_u_l: 0/0 | t_u_r: 0/0 | t_u: 0/0) -> {'max_bond': 132, 'max_links': 4, 'total_elems': 289468, 'total_shapes': 1756, 'total_links': 62, 'num_tensors': 16}
2026-06-05T23:25:20+0100 [INFO] [71L/93](swap: 0, u: 0 | c_u: 0 | t_u_l: 0/0 | t_u_r: 0/0 | t_u: 0/0) -> {'max_bond': 129, 'max_links': 4, 'total_elems': 284028, 'total_shapes': 1734, 'total_links': 62, 'num_tensors': 16}
2026-06-05T23:25:20+0100 [INFO] [72L/93](swap: 0, u: 0 | c_u: 0 | t_u_l: 0/0 | t_u_r: 0/0 | t_u: 0/0) -> {'max_bond': 128, 'max_links': 4, 'total_elems': 280828, 'total_shapes': 1718, 'total_links': 62, 'num_tensors': 16}
2026-06-05T23:25:20+0100 [INFO] [73L/93](swap: 1, u: 0 | c_u: 0 | t_u_l: 0/0 | t_u_r: 0/0 | t_u: 0/0) -> {'max_bond': 128, 'max_links': 4, 'total_elems': 248380, 'total_shapes': 1610, 'total_links': 62, 'num_tensors': 16}
2026-06-05T23:25:20+0100 [INFO] [74L/93](swap: 1, u: 0 | c_u: 0 | t_u_l: 0/0 | t_u_r: 0/0 | t_u: 0/0) -> {'max_bond': 256, 'max_links': 4, 'total_elems': 334612, 'total_shapes': 1834, 'total_links': 62, 'num_tensors': 16}
2026-06-05T23:25:20+0100 [INFO] [75L/93](swap: 0, u: 0 | c_u: 0 | t_u_l: 0/0 | t_u_r: 0/0 | t_u: 0/0) -> {'max_bond': 256, 'max_links': 4, 'total_elems': 328892, 'total_shapes': 1818, 'total_links': 62, 'num_tensors': 16}
2026-06-05T23:25:20+0100 [INFO] [76L/93](swap: 2, u: 0 | c_u: 0 | t_u_l: 0/0 | t_u_r: 0/0 | t_u: 0/0) -> {'max_bond': 256, 'max_links': 4, 'total_elems': 327620, 'total_shapes': 1814, 'total_links': 62, 'num_tensors': 16}
2026-06-05T23:25:21+0100 [INFO] [77L/93](swap: 1, u: 0 | c_u: 0 | t_u_l: 0/0 | t_u_r: 0/0 | t_u: 0/0) -> {'max_bond': 256, 'max_links': 4, 'total_elems': 292980, 'total_shapes': 1664, 'total_links': 62, 'num_tensors': 16}
2026-06-05T23:25:21+0100 [INFO] [78L/93](swap: 1, u: 0 | c_u: 0 | t_u_l: 0/0 | t_u_r: 0/0 | t_u: 0/0) -> {'max_bond': 256, 'max_links': 4, 'total_elems': 285728, 'total_shapes': 1640, 'total_links': 62, 'num_tensors': 16}
2026-06-05T23:25:21+0100 [INFO] [79L/93](swap: 1, u: 0 | c_u: 0 | t_u_l: 0/0 | t_u_r: 0/0 | t_u: 0/0) -> {'max_bond': 255, 'max_links': 4, 'total_elems': 272192, 'total_shapes': 1610, 'total_links': 62, 'num_tensors': 16}
2026-06-05T23:25:21+0100 [INFO] [80L/93](swap: 1, u: 0 | c_u: 0 | t_u_l: 0/0 | t_u_r: 0/0 | t_u: 0/0) -> {'max_bond': 254, 'max_links': 4, 'total_elems': 256376, 'total_shapes': 1556, 'total_links': 62, 'num_tensors': 16}
2026-06-05T23:25:21+0100 [INFO] [81L/93](swap: 2, u: 0 | c_u: 0 | t_u_l: 0/0 | t_u_r: 0/0 | t_u: 0/0) -> {'max_bond': 253, 'max_links': 4, 'total_elems': 265788, 'total_shapes': 1630, 'total_links': 62, 'num_tensors': 16}
2026-06-05T23:25:22+0100 [INFO] [82L/93](swap: 0, u: 0 | c_u: 0 | t_u_l: 0/0 | t_u_r: 0/0 | t_u: 0/0) -> {'max_bond': 252, 'max_links': 4, 'total_elems': 289100, 'total_shapes': 1630, 'total_links': 62, 'num_tensors': 16}
2026-06-05T23:25:22+0100 [INFO] [83L/93](swap: 2, u: 0 | c_u: 0 | t_u_l: 0/0 | t_u_r: 0/0 | t_u: 0/0) -> {'max_bond': 252, 'max_links': 4, 'total_elems': 273892, 'total_shapes': 1592, 'total_links': 62, 'num_tensors': 16}
2026-06-05T23:25:22+0100 [INFO] [84L/93](swap: 1, u: 0 | c_u: 0 | t_u_l: 0/0 | t_u_r: 0/0 | t_u: 0/0) -> {'max_bond': 251, 'max_links': 4, 'total_elems': 258308, 'total_shapes': 1534, 'total_links': 62, 'num_tensors': 16}
2026-06-05T23:25:22+0100 [INFO] [85L/93](swap: 1, u: 0 | c_u: 0 | t_u_l: 0/0 | t_u_r: 0/0 | t_u: 0/0) -> {'max_bond': 250, 'max_links': 4, 'total_elems': 253184, 'total_shapes': 1514, 'total_links': 62, 'num_tensors': 16}
2026-06-05T23:25:22+0100 [INFO] [86L/93](swap: 0, u: 0 | c_u: 0 | t_u_l: 0/0 | t_u_r: 0/0 | t_u: 0/0) -> {'max_bond': 249, 'max_links': 4, 'total_elems': 243868, 'total_shapes': 1464, 'total_links': 62, 'num_tensors': 16}
2026-06-05T23:25:22+0100 [INFO] [87L/93](swap: 0, u: 0 | c_u: 0 | t_u_l: 0/0 | t_u_r: 0/0 | t_u: 0/0) -> {'max_bond': 248, 'max_links': 4, 'total_elems': 239324, 'total_shapes': 1450, 'total_links': 62, 'num_tensors': 16}
2026-06-05T23:25:22+0100 [INFO] [88L/93](swap: 0, u: 0 | c_u: 0 | t_u_l: 0/0 | t_u_r: 0/0 | t_u: 0/0) -> {'max_bond': 247, 'max_links': 4, 'total_elems': 231756, 'total_shapes': 1432, 'total_links': 62, 'num_tensors': 16}
2026-06-05T23:25:22+0100 [INFO] [89L/93](swap: 2, u: 0 | c_u: 0 | t_u_l: 0/0 | t_u_r: 0/0 | t_u: 0/0) -> {'max_bond': 246, 'max_links': 4, 'total_elems': 227556, 'total_shapes': 1420, 'total_links': 62, 'num_tensors': 16}
2026-06-05T23:25:22+0100 [INFO] [90L/93](swap: 0, u: 0 | c_u: 0 | t_u_l: 0/0 | t_u_r: 0/0 | t_u: 0/0) -> {'max_bond': 245, 'max_links': 4, 'total_elems': 220396, 'total_shapes': 1404, 'total_links': 62, 'num_tensors': 16}
2026-06-05T23:25:23+0100 [INFO] [91L/93](swap: 0, u: 0 | c_u: 0 | t_u_l: 0/0 | t_u_r: 0/0 | t_u: 0/0) -> {'max_bond': 244, 'max_links': 4, 'total_elems': 216232, 'total_shapes': 1392, 'total_links': 62, 'num_tensors': 16}
2026-06-05T23:25:23+0100 [INFO] [92L/93](swap: 0, u: 0 | c_u: 0 | t_u_l: 0/0 | t_u_r: 0/0 | t_u: 0/0) -> {'max_bond': 243, 'max_links': 4, 'total_elems': 210836, 'total_shapes': 1378, 'total_links': 62, 'num_tensors': 16}
2026-06-05T23:25:23+0100 [INFO] [93L/93](swap: 0, u: 0 | c_u: 0 | t_u_l: 0/0 | t_u_r: 0/0 | t_u: 0/0) -> {'max_bond': 242, 'max_links': 4, 'total_elems': 205168, 'total_shapes': 1362, 'total_links': 62, 'num_tensors': 16}
2026-06-05T23:25:23+0100 [INFO] [end compressing](left: 2, right: 2) -> {'max_bond': 242, 'max_links': 4, 'total_elems': 205168, 'total_shapes': 1362, 'total_links': 62, 'num_tensors': 16}
