2026-06-05T23:55:06+0100 [INFO] Total unitaries: 0 = 0 (left) + 0 (right)
2026-06-05T23:55:06+0100 [INFO] Pass: ElidePermutations - 0.02646 (ms)
2026-06-05T23:55:06+0100 [INFO] Pass: SabreSwap - 22.83788 (ms)
2026-06-05T23:55:06+0100 [INFO] Pass: ElidePermutations - 0.00882 (ms)
2026-06-05T23:55:07+0100 [INFO] Pass: SabreSwap - 25.70772 (ms)
2026-06-05T23:55:07+0100 [INFO] [start compressing] -> {'max_bond': 1, 'max_links': 4, 'total_elems': 160, 'total_shapes': 238, 'total_links': 158, 'num_tensors': 40}
2026-06-05T23:55:07+0100 [INFO] [1L/907](swap: 3, u: 0 | c_u: 0 | t_u_l: 0/0 | t_u_r: 0/0 | t_u: 0/0) -> {'max_bond': 1, 'max_links': 4, 'total_elems': 160, 'total_shapes': 238, 'total_links': 158, 'num_tensors': 40}
2026-06-05T23:55:07+0100 [INFO] [2L/907](swap: 6, u: 0 | c_u: 0 | t_u_l: 0/0 | t_u_r: 0/0 | t_u: 0/0) -> {'max_bond': 4, 'max_links': 4, 'total_elems': 240, 'total_shapes': 258, 'total_links': 158, 'num_tensors': 40}
2026-06-05T23:55:07+0100 [INFO] [1R/757](swap: 5, u: 0 | c_u: 0 | t_u_l: 0/0 | t_u_r: 0/0 | t_u: 0/0) -> {'max_bond': 4, 'max_links': 4, 'total_elems': 388, 'total_shapes': 286, 'total_links': 158, 'num_tensors': 40}
2026-06-05T23:55:07+0100 [INFO] [2R/757](swap: 4, u: 0 | c_u: 0 | t_u_l: 0/0 | t_u_r: 0/0 | t_u: 0/0) -> {'max_bond': 4, 'max_links': 4, 'total_elems': 568, 'total_shapes': 304, 'total_links': 158, 'num_tensors': 40}
2026-06-05T23:55:08+0100 [INFO] [3L/907](swap: 6, u: 0 | c_u: 0 | t_u_l: 0/0 | t_u_r: 0/0 | t_u: 0/0) -> {'max_bond': 4, 'max_links': 4, 'total_elems': 888, 'total_shapes': 336, 'total_links': 158, 'num_tensors': 40}
2026-06-05T23:55:08+0100 [INFO] [3R/757](swap: 7, u: 0 | c_u: 0 | t_u_l: 0/0 | t_u_r: 0/0 | t_u: 0/0) -> {'max_bond': 4, 'max_links': 4, 'total_elems': 1248, 'total_shapes': 372, 'total_links': 158, 'num_tensors': 40}
2026-06-05T23:55:08+0100 [INFO] [4R/757](swap: 5, u: 0 | c_u: 0 | t_u_l: 0/0 | t_u_r: 0/0 | t_u: 0/0) -> {'max_bond': 4, 'max_links': 4, 'total_elems': 1596, 'total_shapes': 402, 'total_links': 158, 'num_tensors': 40}
2026-06-05T23:55:08+0100 [INFO] [5R/757](swap: 6, u: 0 | c_u: 0 | t_u_l: 0/0 | t_u_r: 0/0 | t_u: 0/0) -> {'max_bond': 16, 'max_links': 4, 'total_elems': 2352, 'total_shapes': 456, 'total_links': 158, 'num_tensors': 40}
2026-06-05T23:55:08+0100 [INFO] [4L/907](swap: 8, u: 0 | c_u: 0 | t_u_l: 0/0 | t_u_r: 0/0 | t_u: 0/0) -> {'max_bond': 16, 'max_links': 4, 'total_elems': 4176, 'total_shapes': 534, 'total_links': 158, 'num_tensors': 40}
2026-06-05T23:55:08+0100 [INFO] [6R/757](swap: 7, u: 0 | c_u: 0 | t_u_l: 0/0 | t_u_r: 0/0 | t_u: 0/0) -> {'max_bond': 16, 'max_links': 4, 'total_elems': 6636, 'total_shapes': 642, 'total_links': 158, 'num_tensors': 40}
2026-06-05T23:55:08+0100 [INFO] [5L/907](swap: 9, u: 0 | c_u: 0 | t_u_l: 0/0 | t_u_r: 0/0 | t_u: 0/0) -> {'max_bond': 16, 'max_links': 4, 'total_elems': 9900, 'total_shapes': 738, 'total_links': 158, 'num_tensors': 40}
2026-06-05T23:55:08+0100 [INFO] [7R/757](swap: 6, u: 0 | c_u: 0 | t_u_l: 0/0 | t_u_r: 0/0 | t_u: 0/0) -> {'max_bond': 16, 'max_links': 4, 'total_elems': 14632, 'total_shapes': 832, 'total_links': 158, 'num_tensors': 40}
2026-06-05T23:55:09+0100 [INFO] [8R/757](swap: 4, u: 0 | c_u: 0 | t_u_l: 0/0 | t_u_r: 0/0 | t_u: 0/0) -> {'max_bond': 64, 'max_links': 4, 'total_elems': 20896, 'total_shapes': 940, 'total_links': 158, 'num_tensors': 40}
2026-06-05T23:55:09+0100 [INFO] [9R/757](swap: 4, u: 0 | c_u: 0 | t_u_l: 0/0 | t_u_r: 0/0 | t_u: 0/0) -> {'max_bond': 64, 'max_links': 4, 'total_elems': 27232, 'total_shapes': 1048, 'total_links': 158, 'num_tensors': 40}
2026-06-05T23:55:09+0100 [INFO] [10R/757](swap: 5, u: 0 | c_u: 0 | t_u_l: 0/0 | t_u_r: 0/0 | t_u: 0/0) -> {'max_bond': 64, 'max_links': 4, 'total_elems': 23392, 'total_shapes': 1024, 'total_links': 158, 'num_tensors': 40}
2026-06-05T23:55:09+0100 [INFO] [11R/757](swap: 5, u: 0 | c_u: 0 | t_u_l: 0/0 | t_u_r: 0/0 | t_u: 0/0) -> {'max_bond': 64, 'max_links': 4, 'total_elems': 26848, 'total_shapes': 1096, 'total_links': 158, 'num_tensors': 40}
2026-06-05T23:55:09+0100 [INFO] [12R/757](swap: 4, u: 0 | c_u: 0 | t_u_l: 0/0 | t_u_r: 0/0 | t_u: 0/0) -> {'max_bond': 64, 'max_links': 4, 'total_elems': 35488, 'total_shapes': 1240, 'total_links': 158, 'num_tensors': 40}
2026-06-05T23:55:10+0100 [INFO] [13R/757](swap: 4, u: 0 | c_u: 0 | t_u_l: 0/0 | t_u_r: 0/0 | t_u: 0/0) -> {'max_bond': 64, 'max_links': 4, 'total_elems': 44128, 'total_shapes': 1384, 'total_links': 158, 'num_tensors': 40}
2026-06-05T23:55:10+0100 [INFO] [6L/907](swap: 9, u: 0 | c_u: 0 | t_u_l: 0/0 | t_u_r: 0/0 | t_u: 0/0) -> {'max_bond': 64, 'max_links': 4, 'total_elems': 59808, 'total_shapes': 1656, 'total_links': 158, 'num_tensors': 40}
2026-06-05T23:55:10+0100 [INFO] [14R/757](swap: 3, u: 0 | c_u: 0 | t_u_l: 0/0 | t_u_r: 0/0 | t_u: 0/0) -> {'max_bond': 64, 'max_links': 4, 'total_elems': 80288, 'total_shapes': 1784, 'total_links': 158, 'num_tensors': 40}
2026-06-05T23:55:10+0100 [INFO] [15R/757](swap: 3, u: 0 | c_u: 0 | t_u_l: 0/0 | t_u_r: 0/0 | t_u: 0/0) -> {'max_bond': 64, 'max_links': 4, 'total_elems': 111968, 'total_shapes': 2000, 'total_links': 158, 'num_tensors': 40}
2026-06-05T23:55:11+0100 [INFO] [16R/757](swap: 3, u: 0 | c_u: 0 | t_u_l: 0/0 | t_u_r: 0/0 | t_u: 0/0) -> {'max_bond': 64, 'max_links': 4, 'total_elems': 128288, 'total_shapes': 2120, 'total_links': 158, 'num_tensors': 40}
2026-06-05T23:55:11+0100 [INFO] [17R/757](swap: 3, u: 0 | c_u: 0 | t_u_l: 0/0 | t_u_r: 0/0 | t_u: 0/0) -> {'max_bond': 64, 'max_links': 4, 'total_elems': 143968, 'total_shapes': 2224, 'total_links': 158, 'num_tensors': 40}
2026-06-05T23:55:12+0100 [INFO] [18R/757](swap: 4, u: 0 | c_u: 0 | t_u_l: 0/0 | t_u_r: 0/0 | t_u: 0/0) -> {'max_bond': 64, 'max_links': 4, 'total_elems': 183904, 'total_shapes': 2416, 'total_links': 158, 'num_tensors': 40}
2026-06-05T23:55:13+0100 [INFO] [7L/907](swap: 8, u: 0 | c_u: 0 | t_u_l: 0/0 | t_u_r: 0/0 | t_u: 0/0) -> {'max_bond': 64, 'max_links': 4, 'total_elems': 236128, 'total_shapes': 2680, 'total_links': 158, 'num_tensors': 40}
2026-06-05T23:55:14+0100 [INFO] [8L/907](swap: 7, u: 0 | c_u: 0 | t_u_l: 0/0 | t_u_r: 0/0 | t_u: 0/0) -> {'max_bond': 64, 'max_links': 4, 'total_elems': 262240, 'total_shapes': 2976, 'total_links': 158, 'num_tensors': 40}
2026-06-05T23:55:15+0100 [INFO] [19R/757](swap: 2, u: 0 | c_u: 0 | t_u_l: 0/0 | t_u_r: 0/0 | t_u: 0/0) -> {'max_bond': 256, 'max_links': 4, 'total_elems': 360544, 'total_shapes': 3360, 'total_links': 158, 'num_tensors': 40}
2026-06-05T23:55:15+0100 [INFO] [20R/757](swap: 1, u: 0 | c_u: 0 | t_u_l: 0/0 | t_u_r: 0/0 | t_u: 0/0) -> {'max_bond': 256, 'max_links': 4, 'total_elems': 366688, 'total_shapes': 3392, 'total_links': 158, 'num_tensors': 40}
2026-06-05T23:55:16+0100 [INFO] [21R/757](swap: 2, u: 0 | c_u: 0 | t_u_l: 0/0 | t_u_r: 0/0 | t_u: 0/0) -> {'max_bond': 256, 'max_links': 4, 'total_elems': 374880, 'total_shapes': 3456, 'total_links': 158, 'num_tensors': 40}
2026-06-05T23:55:17+0100 [INFO] [22R/757](swap: 2, u: 0 | c_u: 0 | t_u_l: 0/0 | t_u_r: 0/0 | t_u: 0/0) -> {'max_bond': 256, 'max_links': 4, 'total_elems': 391264, 'total_shapes': 3520, 'total_links': 158, 'num_tensors': 40}
2026-06-05T23:55:18+0100 [INFO] [23R/757](swap: 1, u: 0 | c_u: 0 | t_u_l: 0/0 | t_u_r: 0/0 | t_u: 0/0) -> {'max_bond': 256, 'max_links': 4, 'total_elems': 415840, 'total_shapes': 3648, 'total_links': 158, 'num_tensors': 40}
2026-06-05T23:55:19+0100 [INFO] [24R/757](swap: 1, u: 0 | c_u: 0 | t_u_l: 0/0 | t_u_r: 0/0 | t_u: 0/0) -> {'max_bond': 256, 'max_links': 4, 'total_elems': 464992, 'total_shapes': 3776, 'total_links': 158, 'num_tensors': 40}
2026-06-05T23:55:20+0100 [INFO] [25R/757](swap: 1, u: 0 | c_u: 0 | t_u_l: 0/0 | t_u_r: 0/0 | t_u: 0/0) -> {'max_bond': 256, 'max_links': 4, 'total_elems': 464992, 'total_shapes': 3776, 'total_links': 158, 'num_tensors': 40}
2026-06-05T23:55:21+0100 [INFO] [26R/757](swap: 1, u: 0 | c_u: 0 | t_u_l: 0/0 | t_u_r: 0/0 | t_u: 0/0) -> {'max_bond': 256, 'max_links': 4, 'total_elems': 497760, 'total_shapes': 3904, 'total_links': 158, 'num_tensors': 40}
2026-06-05T23:55:22+0100 [INFO] [27R/757](swap: 2, u: 0 | c_u: 0 | t_u_l: 0/0 | t_u_r: 0/0 | t_u: 0/0) -> {'max_bond': 256, 'max_links': 4, 'total_elems': 628832, 'total_shapes': 4416, 'total_links': 158, 'num_tensors': 40}
2026-06-05T23:55:23+0100 [INFO] [28R/757](swap: 2, u: 0 | c_u: 0 | t_u_l: 0/0 | t_u_r: 0/0 | t_u: 0/0) -> {'max_bond': 256, 'max_links': 4, 'total_elems': 669792, 'total_shapes': 4544, 'total_links': 158, 'num_tensors': 40}
2026-06-05T23:55:24+0100 [INFO] [29R/757](swap: 2, u: 0 | c_u: 0 | t_u_l: 0/0 | t_u_r: 0/0 | t_u: 0/0) -> {'max_bond': 256, 'max_links': 4, 'total_elems': 768096, 'total_shapes': 4800, 'total_links': 158, 'num_tensors': 40}
2026-06-05T23:55:25+0100 [INFO] [30R/757](swap: 1, u: 0 | c_u: 0 | t_u_l: 0/0 | t_u_r: 0/0 | t_u: 0/0) -> {'max_bond': 256, 'max_links': 4, 'total_elems': 768096, 'total_shapes': 4800, 'total_links': 158, 'num_tensors': 40}
2026-06-05T23:55:27+0100 [INFO] [31R/757](swap: 1, u: 0 | c_u: 0 | t_u_l: 0/0 | t_u_r: 0/0 | t_u: 0/0) -> {'max_bond': 256, 'max_links': 4, 'total_elems': 792672, 'total_shapes': 4896, 'total_links': 158, 'num_tensors': 40}
2026-06-05T23:55:28+0100 [INFO] [32R/757](swap: 1, u: 0 | c_u: 0 | t_u_l: 0/0 | t_u_r: 0/0 | t_u: 0/0) -> {'max_bond': 256, 'max_links': 4, 'total_elems': 792672, 'total_shapes': 4896, 'total_links': 158, 'num_tensors': 40}
2026-06-05T23:55:29+0100 [INFO] [33R/757](swap: 3, u: 0 | c_u: 0 | t_u_l: 0/0 | t_u_r: 0/0 | t_u: 0/0) -> {'max_bond': 256, 'max_links': 4, 'total_elems': 751712, 'total_shapes': 4736, 'total_links': 158, 'num_tensors': 40}
2026-06-05T23:55:31+0100 [INFO] [34R/757](swap: 3, u: 0 | c_u: 0 | t_u_l: 0/0 | t_u_r: 0/0 | t_u: 0/0) -> {'max_bond': 256, 'max_links': 4, 'total_elems': 825440, 'total_shapes': 4864, 'total_links': 158, 'num_tensors': 40}
2026-06-05T23:55:32+0100 [INFO] [35R/757](swap: 4, u: 0 | c_u: 0 | t_u_l: 0/0 | t_u_r: 0/0 | t_u: 0/0) -> {'max_bond': 256, 'max_links': 4, 'total_elems': 742496, 'total_shapes': 4576, 'total_links': 158, 'num_tensors': 40}
2026-06-05T23:55:33+0100 [INFO] [36R/757](swap: 4, u: 0 | c_u: 0 | t_u_l: 0/0 | t_u_r: 0/0 | t_u: 0/0) -> {'max_bond': 256, 'max_links': 4, 'total_elems': 733280, 'total_shapes': 4576, 'total_links': 158, 'num_tensors': 40}
2026-06-05T23:55:34+0100 [INFO] [37R/757](swap: 5, u: 0 | c_u: 0 | t_u_l: 0/0 | t_u_r: 0/0 | t_u: 0/0) -> {'max_bond': 256, 'max_links': 4, 'total_elems': 644512, 'total_shapes': 4296, 'total_links': 158, 'num_tensors': 40}
2026-06-05T23:55:35+0100 [INFO] [38R/757](swap: 4, u: 0 | c_u: 0 | t_u_l: 0/0 | t_u_r: 0/0 | t_u: 0/0) -> {'max_bond': 256, 'max_links': 4, 'total_elems': 629152, 'total_shapes': 4104, 'total_links': 158, 'num_tensors': 40}
2026-06-05T23:55:36+0100 [INFO] [39R/757](swap: 4, u: 0 | c_u: 0 | t_u_l: 0/0 | t_u_r: 0/0 | t_u: 0/0) -> {'max_bond': 256, 'max_links': 4, 'total_elems': 755104, 'total_shapes': 4392, 'total_links': 158, 'num_tensors': 40}
2026-06-05T23:55:38+0100 [INFO] [9L/907](swap: 9, u: 0 | c_u: 0 | t_u_l: 0/0 | t_u_r: 0/0 | t_u: 0/0) -> {'max_bond': 256, 'max_links': 4, 'total_elems': 865696, 'total_shapes': 4744, 'total_links': 158, 'num_tensors': 40}
2026-06-05T23:55:41+0100 [INFO]     [start unswap] -> {'max_bond': 256, 'max_links': 4, 'total_elems': 865696, 'total_shapes': 4744, 'total_links': 158, 'num_tensors': 40}
[2026-06-05T23:55:43.294] error: *** STEP 34608849.0 ON erc-hpc-comp204 CANCELLED AT 2026-06-05T23:55:43 DUE to SIGNAL Terminated ***
[2026-06-05T23:55:43.295] error: *** JOB 34608849 ON erc-hpc-comp204 CANCELLED AT 2026-06-05T23:55:43 DUE to SIGNAL Terminated ***
