2026-06-05T23:55:06+0100 [INFO] Total unitaries: 0 = 0 (left) + 0 (right)
2026-06-05T23:55:06+0100 [INFO] Pass: ElidePermutations - 0.02193 (ms)
2026-06-05T23:55:06+0100 [INFO] Pass: SabreSwap - 1.97959 (ms)
2026-06-05T23:55:06+0100 [INFO] Pass: ElidePermutations - 0.07629 (ms)
2026-06-05T23:55:06+0100 [INFO] Pass: SabreSwap - 0.44894 (ms)
2026-06-05T23:55:06+0100 [INFO] [start compressing] -> {'max_bond': 1, 'max_links': 4, 'total_elems': 32, 'total_shapes': 46, 'total_links': 30, 'num_tensors': 8}
2026-06-05T23:55:06+0100 [INFO] [1L/41](swap: 0, u: 0 | c_u: 0 | t_u_l: 0/0 | t_u_r: 0/0 | t_u: 0/0) -> {'max_bond': 1, 'max_links': 4, 'total_elems': 32, 'total_shapes': 46, 'total_links': 30, 'num_tensors': 8}
2026-06-05T23:55:06+0100 [INFO] [2L/41](swap: 1, u: 0 | c_u: 0 | t_u_l: 0/0 | t_u_r: 0/0 | t_u: 0/0) -> {'max_bond': 1, 'max_links': 4, 'total_elems': 32, 'total_shapes': 46, 'total_links': 30, 'num_tensors': 8}
2026-06-05T23:55:07+0100 [INFO] [3L/41](swap: 2, u: 0 | c_u: 0 | t_u_l: 0/0 | t_u_r: 0/0 | t_u: 0/0) -> {'max_bond': 4, 'max_links': 4, 'total_elems': 56, 'total_shapes': 52, 'total_links': 30, 'num_tensors': 8}
2026-06-05T23:55:07+0100 [INFO] [1R/44](swap: 2, u: 0 | c_u: 0 | t_u_l: 0/0 | t_u_r: 0/0 | t_u: 0/0) -> {'max_bond': 4, 'max_links': 4, 'total_elems': 56, 'total_shapes': 52, 'total_links': 30, 'num_tensors': 8}
2026-06-05T23:55:07+0100 [INFO] [2R/44](swap: 1, u: 0 | c_u: 0 | t_u_l: 0/0 | t_u_r: 0/0 | t_u: 0/0) -> {'max_bond': 4, 'max_links': 4, 'total_elems': 124, 'total_shapes': 60, 'total_links': 30, 'num_tensors': 8}
2026-06-05T23:55:07+0100 [INFO] [3R/44](swap: 0, u: 0 | c_u: 0 | t_u_l: 0/0 | t_u_r: 0/0 | t_u: 0/0) -> {'max_bond': 4, 'max_links': 4, 'total_elems': 124, 'total_shapes': 60, 'total_links': 30, 'num_tensors': 8}
2026-06-05T23:55:07+0100 [INFO] [4R/44](swap: 0, u: 0 | c_u: 0 | t_u_l: 0/0 | t_u_r: 0/0 | t_u: 0/0) -> {'max_bond': 4, 'max_links': 4, 'total_elems': 124, 'total_shapes': 60, 'total_links': 30, 'num_tensors': 8}
2026-06-05T23:55:07+0100 [INFO] [5R/44](swap: 1, u: 0 | c_u: 0 | t_u_l: 0/0 | t_u_r: 0/0 | t_u: 0/0) -> {'max_bond': 4, 'max_links': 4, 'total_elems': 160, 'total_shapes': 66, 'total_links': 30, 'num_tensors': 8}
2026-06-05T23:55:07+0100 [INFO] [6R/44](swap: 0, u: 0 | c_u: 0 | t_u_l: 0/0 | t_u_r: 0/0 | t_u: 0/0) -> {'max_bond': 4, 'max_links': 4, 'total_elems': 232, 'total_shapes': 72, 'total_links': 30, 'num_tensors': 8}
2026-06-05T23:55:07+0100 [INFO] [7R/44](swap: 0, u: 0 | c_u: 0 | t_u_l: 0/0 | t_u_r: 0/0 | t_u: 0/0) -> {'max_bond': 4, 'max_links': 4, 'total_elems': 232, 'total_shapes': 72, 'total_links': 30, 'num_tensors': 8}
2026-06-05T23:55:07+0100 [INFO] [8R/44](swap: 0, u: 0 | c_u: 0 | t_u_l: 0/0 | t_u_r: 0/0 | t_u: 0/0) -> {'max_bond': 4, 'max_links': 4, 'total_elems': 232, 'total_shapes': 72, 'total_links': 30, 'num_tensors': 8}
2026-06-05T23:55:07+0100 [INFO] [9R/44](swap: 0, u: 0 | c_u: 0 | t_u_l: 0/0 | t_u_r: 0/0 | t_u: 0/0) -> {'max_bond': 4, 'max_links': 4, 'total_elems': 232, 'total_shapes': 72, 'total_links': 30, 'num_tensors': 8}
2026-06-05T23:55:07+0100 [INFO] [10R/44](swap: 0, u: 0 | c_u: 0 | t_u_l: 0/0 | t_u_r: 0/0 | t_u: 0/0) -> {'max_bond': 4, 'max_links': 4, 'total_elems': 232, 'total_shapes': 72, 'total_links': 30, 'num_tensors': 8}
2026-06-05T23:55:07+0100 [INFO] [11R/44](swap: 0, u: 0 | c_u: 0 | t_u_l: 0/0 | t_u_r: 0/0 | t_u: 0/0) -> {'max_bond': 4, 'max_links': 4, 'total_elems': 232, 'total_shapes': 72, 'total_links': 30, 'num_tensors': 8}
2026-06-05T23:55:07+0100 [INFO] [12R/44](swap: 1, u: 0 | c_u: 0 | t_u_l: 0/0 | t_u_r: 0/0 | t_u: 0/0) -> {'max_bond': 4, 'max_links': 4, 'total_elems': 232, 'total_shapes': 72, 'total_links': 30, 'num_tensors': 8}
2026-06-05T23:55:07+0100 [INFO] [13R/44](swap: 0, u: 0 | c_u: 0 | t_u_l: 0/0 | t_u_r: 0/0 | t_u: 0/0) -> {'max_bond': 4, 'max_links': 4, 'total_elems': 232, 'total_shapes': 72, 'total_links': 30, 'num_tensors': 8}
2026-06-05T23:55:07+0100 [INFO] [14R/44](swap: 1, u: 0 | c_u: 0 | t_u_l: 0/0 | t_u_r: 0/0 | t_u: 0/0) -> {'max_bond': 8, 'max_links': 4, 'total_elems': 388, 'total_shapes': 86, 'total_links': 30, 'num_tensors': 8}
2026-06-05T23:55:07+0100 [INFO] [4L/41](swap: 1, u: 0 | c_u: 0 | t_u_l: 0/0 | t_u_r: 0/0 | t_u: 0/0) -> {'max_bond': 8, 'max_links': 4, 'total_elems': 868, 'total_shapes': 106, 'total_links': 30, 'num_tensors': 8}
2026-06-05T23:55:07+0100 [INFO] [5L/41](swap: 1, u: 0 | c_u: 0 | t_u_l: 0/0 | t_u_r: 0/0 | t_u: 0/0) -> {'max_bond': 16, 'max_links': 4, 'total_elems': 1252, 'total_shapes': 122, 'total_links': 30, 'num_tensors': 8}
2026-06-05T23:55:07+0100 [INFO] [6L/41](swap: 0, u: 0 | c_u: 0 | t_u_l: 0/0 | t_u_r: 0/0 | t_u: 0/0) -> {'max_bond': 16, 'max_links': 4, 'total_elems': 1252, 'total_shapes': 122, 'total_links': 30, 'num_tensors': 8}
2026-06-05T23:55:07+0100 [INFO] [7L/41](swap: 0, u: 0 | c_u: 0 | t_u_l: 0/0 | t_u_r: 0/0 | t_u: 0/0) -> {'max_bond': 16, 'max_links': 4, 'total_elems': 1252, 'total_shapes': 122, 'total_links': 30, 'num_tensors': 8}
2026-06-05T23:55:07+0100 [INFO] [8L/41](swap: 0, u: 0 | c_u: 0 | t_u_l: 0/0 | t_u_r: 0/0 | t_u: 0/0) -> {'max_bond': 16, 'max_links': 4, 'total_elems': 1060, 'total_shapes': 114, 'total_links': 30, 'num_tensors': 8}
2026-06-05T23:55:07+0100 [INFO] [9L/41](swap: 0, u: 0 | c_u: 0 | t_u_l: 0/0 | t_u_r: 0/0 | t_u: 0/0) -> {'max_bond': 16, 'max_links': 4, 'total_elems': 1060, 'total_shapes': 114, 'total_links': 30, 'num_tensors': 8}
2026-06-05T23:55:07+0100 [INFO] [10L/41](swap: 1, u: 0 | c_u: 0 | t_u_l: 0/0 | t_u_r: 0/0 | t_u: 0/0) -> {'max_bond': 16, 'max_links': 4, 'total_elems': 1060, 'total_shapes': 114, 'total_links': 30, 'num_tensors': 8}
2026-06-05T23:55:07+0100 [INFO] [11L/41](swap: 1, u: 0 | c_u: 0 | t_u_l: 0/0 | t_u_r: 0/0 | t_u: 0/0) -> {'max_bond': 16, 'max_links': 4, 'total_elems': 1000, 'total_shapes': 108, 'total_links': 30, 'num_tensors': 8}
2026-06-05T23:55:07+0100 [INFO] [12L/41](swap: 0, u: 0 | c_u: 0 | t_u_l: 0/0 | t_u_r: 0/0 | t_u: 0/0) -> {'max_bond': 16, 'max_links': 4, 'total_elems': 1000, 'total_shapes': 108, 'total_links': 30, 'num_tensors': 8}
2026-06-05T23:55:07+0100 [INFO] [13L/41](swap: 0, u: 0 | c_u: 0 | t_u_l: 0/0 | t_u_r: 0/0 | t_u: 0/0) -> {'max_bond': 16, 'max_links': 4, 'total_elems': 1000, 'total_shapes': 108, 'total_links': 30, 'num_tensors': 8}
2026-06-05T23:55:07+0100 [INFO] [14L/41](swap: 0, u: 0 | c_u: 0 | t_u_l: 0/0 | t_u_r: 0/0 | t_u: 0/0) -> {'max_bond': 16, 'max_links': 4, 'total_elems': 1000, 'total_shapes': 108, 'total_links': 30, 'num_tensors': 8}
2026-06-05T23:55:07+0100 [INFO] [15L/41](swap: 0, u: 0 | c_u: 0 | t_u_l: 0/0 | t_u_r: 0/0 | t_u: 0/0) -> {'max_bond': 16, 'max_links': 4, 'total_elems': 1000, 'total_shapes': 108, 'total_links': 30, 'num_tensors': 8}
2026-06-05T23:55:07+0100 [INFO] [16L/41](swap: 1, u: 0 | c_u: 0 | t_u_l: 0/0 | t_u_r: 0/0 | t_u: 0/0) -> {'max_bond': 16, 'max_links': 4, 'total_elems': 1000, 'total_shapes': 108, 'total_links': 30, 'num_tensors': 8}
2026-06-05T23:55:07+0100 [INFO] [17L/41](swap: 0, u: 0 | c_u: 0 | t_u_l: 0/0 | t_u_r: 0/0 | t_u: 0/0) -> {'max_bond': 16, 'max_links': 4, 'total_elems': 1060, 'total_shapes': 114, 'total_links': 30, 'num_tensors': 8}
2026-06-05T23:55:07+0100 [INFO] [18L/41](swap: 1, u: 0 | c_u: 0 | t_u_l: 0/0 | t_u_r: 0/0 | t_u: 0/0) -> {'max_bond': 16, 'max_links': 4, 'total_elems': 1060, 'total_shapes': 114, 'total_links': 30, 'num_tensors': 8}
2026-06-05T23:55:07+0100 [INFO] [19L/41](swap: 1, u: 0 | c_u: 0 | t_u_l: 0/0 | t_u_r: 0/0 | t_u: 0/0) -> {'max_bond': 16, 'max_links': 4, 'total_elems': 1060, 'total_shapes': 114, 'total_links': 30, 'num_tensors': 8}
2026-06-05T23:55:07+0100 [INFO] [15R/44](swap: 1, u: 0 | c_u: 0 | t_u_l: 0/0 | t_u_r: 0/0 | t_u: 0/0) -> {'max_bond': 16, 'max_links': 4, 'total_elems': 2020, 'total_shapes': 138, 'total_links': 30, 'num_tensors': 8}
2026-06-05T23:55:07+0100 [INFO] [20L/41](swap: 1, u: 0 | c_u: 0 | t_u_l: 0/0 | t_u_r: 0/0 | t_u: 0/0) -> {'max_bond': 16, 'max_links': 4, 'total_elems': 2340, 'total_shapes': 146, 'total_links': 30, 'num_tensors': 8}
2026-06-05T23:55:07+0100 [INFO] [21L/41](swap: 1, u: 0 | c_u: 0 | t_u_l: 0/0 | t_u_r: 0/0 | t_u: 0/0) -> {'max_bond': 32, 'max_links': 4, 'total_elems': 3876, 'total_shapes': 178, 'total_links': 30, 'num_tensors': 8}
2026-06-05T23:55:08+0100 [INFO] [16R/44](swap: 2, u: 0 | c_u: 0 | t_u_l: 0/0 | t_u_r: 0/0 | t_u: 0/0) -> {'max_bond': 16, 'max_links': 4, 'total_elems': 2212, 'total_shapes': 146, 'total_links': 30, 'num_tensors': 8}
2026-06-05T23:55:08+0100 [INFO] [17R/44](swap: 0, u: 0 | c_u: 0 | t_u_l: 0/0 | t_u_r: 0/0 | t_u: 0/0) -> {'max_bond': 16, 'max_links': 4, 'total_elems': 2596, 'total_shapes': 162, 'total_links': 30, 'num_tensors': 8}
2026-06-05T23:55:08+0100 [INFO] [18R/44](swap: 0, u: 0 | c_u: 0 | t_u_l: 0/0 | t_u_r: 0/0 | t_u: 0/0) -> {'max_bond': 16, 'max_links': 4, 'total_elems': 2596, 'total_shapes': 162, 'total_links': 30, 'num_tensors': 8}
2026-06-05T23:55:08+0100 [INFO] [19R/44](swap: 0, u: 0 | c_u: 0 | t_u_l: 0/0 | t_u_r: 0/0 | t_u: 0/0) -> {'max_bond': 16, 'max_links': 4, 'total_elems': 2596, 'total_shapes': 162, 'total_links': 30, 'num_tensors': 8}
2026-06-05T23:55:08+0100 [INFO] [20R/44](swap: 1, u: 0 | c_u: 0 | t_u_l: 0/0 | t_u_r: 0/0 | t_u: 0/0) -> {'max_bond': 16, 'max_links': 4, 'total_elems': 2596, 'total_shapes': 162, 'total_links': 30, 'num_tensors': 8}
2026-06-05T23:55:08+0100 [INFO] [21R/44](swap: 0, u: 0 | c_u: 0 | t_u_l: 0/0 | t_u_r: 0/0 | t_u: 0/0) -> {'max_bond': 16, 'max_links': 4, 'total_elems': 2596, 'total_shapes': 162, 'total_links': 30, 'num_tensors': 8}
2026-06-05T23:55:08+0100 [INFO] [22R/44](swap: 0, u: 0 | c_u: 0 | t_u_l: 0/0 | t_u_r: 0/0 | t_u: 0/0) -> {'max_bond': 16, 'max_links': 4, 'total_elems': 2596, 'total_shapes': 162, 'total_links': 30, 'num_tensors': 8}
2026-06-05T23:55:08+0100 [INFO] [23R/44](swap: 0, u: 0 | c_u: 0 | t_u_l: 0/0 | t_u_r: 0/0 | t_u: 0/0) -> {'max_bond': 16, 'max_links': 4, 'total_elems': 2596, 'total_shapes': 162, 'total_links': 30, 'num_tensors': 8}
2026-06-05T23:55:08+0100 [INFO] [24R/44](swap: 1, u: 0 | c_u: 0 | t_u_l: 0/0 | t_u_r: 0/0 | t_u: 0/0) -> {'max_bond': 16, 'max_links': 4, 'total_elems': 1956, 'total_shapes': 146, 'total_links': 30, 'num_tensors': 8}
2026-06-05T23:55:08+0100 [INFO] [25R/44](swap: 0, u: 0 | c_u: 0 | t_u_l: 0/0 | t_u_r: 0/0 | t_u: 0/0) -> {'max_bond': 23, 'max_links': 4, 'total_elems': 2404, 'total_shapes': 160, 'total_links': 30, 'num_tensors': 8}
2026-06-05T23:55:08+0100 [INFO] [26R/44](swap: 0, u: 0 | c_u: 0 | t_u_l: 0/0 | t_u_r: 0/0 | t_u: 0/0) -> {'max_bond': 22, 'max_links': 4, 'total_elems': 2340, 'total_shapes': 158, 'total_links': 30, 'num_tensors': 8}
2026-06-05T23:55:08+0100 [INFO] [27R/44](swap: 0, u: 0 | c_u: 0 | t_u_l: 0/0 | t_u_r: 0/0 | t_u: 0/0) -> {'max_bond': 22, 'max_links': 4, 'total_elems': 2340, 'total_shapes': 158, 'total_links': 30, 'num_tensors': 8}
2026-06-05T23:55:08+0100 [INFO] [28R/44](swap: 0, u: 0 | c_u: 0 | t_u_l: 0/0 | t_u_r: 0/0 | t_u: 0/0) -> {'max_bond': 16, 'max_links': 4, 'total_elems': 1956, 'total_shapes': 146, 'total_links': 30, 'num_tensors': 8}
2026-06-05T23:55:08+0100 [INFO] [29R/44](swap: 0, u: 0 | c_u: 0 | t_u_l: 0/0 | t_u_r: 0/0 | t_u: 0/0) -> {'max_bond': 16, 'max_links': 4, 'total_elems': 1956, 'total_shapes': 146, 'total_links': 30, 'num_tensors': 8}
2026-06-05T23:55:08+0100 [INFO] [30R/44](swap: 0, u: 0 | c_u: 0 | t_u_l: 0/0 | t_u_r: 0/0 | t_u: 0/0) -> {'max_bond': 16, 'max_links': 4, 'total_elems': 1956, 'total_shapes': 146, 'total_links': 30, 'num_tensors': 8}
2026-06-05T23:55:08+0100 [INFO] [31R/44](swap: 1, u: 0 | c_u: 0 | t_u_l: 0/0 | t_u_r: 0/0 | t_u: 0/0) -> {'max_bond': 23, 'max_links': 4, 'total_elems': 2404, 'total_shapes': 160, 'total_links': 30, 'num_tensors': 8}
2026-06-05T23:55:08+0100 [INFO] [32R/44](swap: 0, u: 0 | c_u: 0 | t_u_l: 0/0 | t_u_r: 0/0 | t_u: 0/0) -> {'max_bond': 22, 'max_links': 4, 'total_elems': 2340, 'total_shapes': 158, 'total_links': 30, 'num_tensors': 8}
2026-06-05T23:55:08+0100 [INFO] [33R/44](swap: 0, u: 0 | c_u: 0 | t_u_l: 0/0 | t_u_r: 0/0 | t_u: 0/0) -> {'max_bond': 21, 'max_links': 4, 'total_elems': 2276, 'total_shapes': 156, 'total_links': 30, 'num_tensors': 8}
2026-06-05T23:55:08+0100 [INFO] [34R/44](swap: 0, u: 0 | c_u: 0 | t_u_l: 0/0 | t_u_r: 0/0 | t_u: 0/0) -> {'max_bond': 20, 'max_links': 4, 'total_elems': 2212, 'total_shapes': 154, 'total_links': 30, 'num_tensors': 8}
2026-06-05T23:55:08+0100 [INFO] [35R/44](swap: 0, u: 0 | c_u: 0 | t_u_l: 0/0 | t_u_r: 0/0 | t_u: 0/0) -> {'max_bond': 20, 'max_links': 4, 'total_elems': 2212, 'total_shapes': 154, 'total_links': 30, 'num_tensors': 8}
2026-06-05T23:55:08+0100 [INFO] [36R/44](swap: 0, u: 0 | c_u: 0 | t_u_l: 0/0 | t_u_r: 0/0 | t_u: 0/0) -> {'max_bond': 20, 'max_links': 4, 'total_elems': 2212, 'total_shapes': 154, 'total_links': 30, 'num_tensors': 8}
2026-06-05T23:55:08+0100 [INFO] [37R/44](swap: 0, u: 0 | c_u: 0 | t_u_l: 0/0 | t_u_r: 0/0 | t_u: 0/0) -> {'max_bond': 20, 'max_links': 4, 'total_elems': 2212, 'total_shapes': 154, 'total_links': 30, 'num_tensors': 8}
2026-06-05T23:55:08+0100 [INFO] [38R/44](swap: 0, u: 0 | c_u: 0 | t_u_l: 0/0 | t_u_r: 0/0 | t_u: 0/0) -> {'max_bond': 20, 'max_links': 4, 'total_elems': 2212, 'total_shapes': 154, 'total_links': 30, 'num_tensors': 8}
2026-06-05T23:55:08+0100 [INFO] [39R/44](swap: 1, u: 0 | c_u: 0 | t_u_l: 0/0 | t_u_r: 0/0 | t_u: 0/0) -> {'max_bond': 16, 'max_links': 4, 'total_elems': 1444, 'total_shapes': 130, 'total_links': 30, 'num_tensors': 8}
2026-06-05T23:55:08+0100 [INFO] [40R/44](swap: 0, u: 0 | c_u: 0 | t_u_l: 0/0 | t_u_r: 0/0 | t_u: 0/0) -> {'max_bond': 16, 'max_links': 4, 'total_elems': 1444, 'total_shapes': 130, 'total_links': 30, 'num_tensors': 8}
2026-06-05T23:55:08+0100 [INFO] [41R/44](swap: 0, u: 0 | c_u: 0 | t_u_l: 0/0 | t_u_r: 0/0 | t_u: 0/0) -> {'max_bond': 16, 'max_links': 4, 'total_elems': 1444, 'total_shapes': 130, 'total_links': 30, 'num_tensors': 8}
2026-06-05T23:55:08+0100 [INFO] [42R/44](swap: 0, u: 0 | c_u: 0 | t_u_l: 0/0 | t_u_r: 0/0 | t_u: 0/0) -> {'max_bond': 16, 'max_links': 4, 'total_elems': 1444, 'total_shapes': 130, 'total_links': 30, 'num_tensors': 8}
2026-06-05T23:55:08+0100 [INFO] [43R/44](swap: 0, u: 0 | c_u: 0 | t_u_l: 0/0 | t_u_r: 0/0 | t_u: 0/0) -> {'max_bond': 16, 'max_links': 4, 'total_elems': 1444, 'total_shapes': 130, 'total_links': 30, 'num_tensors': 8}
2026-06-05T23:55:08+0100 [INFO] [44R/44](swap: 0, u: 0 | c_u: 0 | t_u_l: 0/0 | t_u_r: 0/0 | t_u: 0/0) -> {'max_bond': 16, 'max_links': 4, 'total_elems': 1444, 'total_shapes': 130, 'total_links': 30, 'num_tensors': 8}
2026-06-05T23:55:08+0100 [INFO] [22L/41](swap: 0, u: 0 | c_u: 0 | t_u_l: 0/0 | t_u_r: 0/0 | t_u: 0/0) -> {'max_bond': 16, 'max_links': 4, 'total_elems': 1444, 'total_shapes': 130, 'total_links': 30, 'num_tensors': 8}
2026-06-05T23:55:08+0100 [INFO] [23L/41](swap: 0, u: 0 | c_u: 0 | t_u_l: 0/0 | t_u_r: 0/0 | t_u: 0/0) -> {'max_bond': 16, 'max_links': 4, 'total_elems': 1444, 'total_shapes': 130, 'total_links': 30, 'num_tensors': 8}
2026-06-05T23:55:08+0100 [INFO] [24L/41](swap: 0, u: 0 | c_u: 0 | t_u_l: 0/0 | t_u_r: 0/0 | t_u: 0/0) -> {'max_bond': 16, 'max_links': 4, 'total_elems': 1444, 'total_shapes': 130, 'total_links': 30, 'num_tensors': 8}
2026-06-05T23:55:08+0100 [INFO] [25L/41](swap: 0, u: 0 | c_u: 0 | t_u_l: 0/0 | t_u_r: 0/0 | t_u: 0/0) -> {'max_bond': 16, 'max_links': 4, 'total_elems': 1444, 'total_shapes': 130, 'total_links': 30, 'num_tensors': 8}
2026-06-05T23:55:08+0100 [INFO] [26L/41](swap: 0, u: 0 | c_u: 0 | t_u_l: 0/0 | t_u_r: 0/0 | t_u: 0/0) -> {'max_bond': 16, 'max_links': 4, 'total_elems': 1444, 'total_shapes': 130, 'total_links': 30, 'num_tensors': 8}
2026-06-05T23:55:08+0100 [INFO] [27L/41](swap: 1, u: 0 | c_u: 0 | t_u_l: 0/0 | t_u_r: 0/0 | t_u: 0/0) -> {'max_bond': 16, 'max_links': 4, 'total_elems': 1444, 'total_shapes': 130, 'total_links': 30, 'num_tensors': 8}
2026-06-05T23:55:08+0100 [INFO] [28L/41](swap: 0, u: 0 | c_u: 0 | t_u_l: 0/0 | t_u_r: 0/0 | t_u: 0/0) -> {'max_bond': 16, 'max_links': 4, 'total_elems': 1828, 'total_shapes': 146, 'total_links': 30, 'num_tensors': 8}
2026-06-05T23:55:08+0100 [INFO] [29L/41](swap: 1, u: 0 | c_u: 0 | t_u_l: 0/0 | t_u_r: 0/0 | t_u: 0/0) -> {'max_bond': 16, 'max_links': 4, 'total_elems': 1828, 'total_shapes': 146, 'total_links': 30, 'num_tensors': 8}
2026-06-05T23:55:08+0100 [INFO] [30L/41](swap: 0, u: 0 | c_u: 0 | t_u_l: 0/0 | t_u_r: 0/0 | t_u: 0/0) -> {'max_bond': 16, 'max_links': 4, 'total_elems': 1444, 'total_shapes': 130, 'total_links': 30, 'num_tensors': 8}
2026-06-05T23:55:08+0100 [INFO] [31L/41](swap: 0, u: 0 | c_u: 0 | t_u_l: 0/0 | t_u_r: 0/0 | t_u: 0/0) -> {'max_bond': 16, 'max_links': 4, 'total_elems': 1444, 'total_shapes': 130, 'total_links': 30, 'num_tensors': 8}
2026-06-05T23:55:08+0100 [INFO] [32L/41](swap: 0, u: 0 | c_u: 0 | t_u_l: 0/0 | t_u_r: 0/0 | t_u: 0/0) -> {'max_bond': 16, 'max_links': 4, 'total_elems': 1444, 'total_shapes': 130, 'total_links': 30, 'num_tensors': 8}
2026-06-05T23:55:08+0100 [INFO] [33L/41](swap: 0, u: 0 | c_u: 0 | t_u_l: 0/0 | t_u_r: 0/0 | t_u: 0/0) -> {'max_bond': 16, 'max_links': 4, 'total_elems': 2212, 'total_shapes': 146, 'total_links': 30, 'num_tensors': 8}
2026-06-05T23:55:08+0100 [INFO] [34L/41](swap: 0, u: 0 | c_u: 0 | t_u_l: 0/0 | t_u_r: 0/0 | t_u: 0/0) -> {'max_bond': 16, 'max_links': 4, 'total_elems': 2212, 'total_shapes': 146, 'total_links': 30, 'num_tensors': 8}
2026-06-05T23:55:08+0100 [INFO] [35L/41](swap: 0, u: 0 | c_u: 0 | t_u_l: 0/0 | t_u_r: 0/0 | t_u: 0/0) -> {'max_bond': 16, 'max_links': 4, 'total_elems': 2212, 'total_shapes': 146, 'total_links': 30, 'num_tensors': 8}
2026-06-05T23:55:08+0100 [INFO] [36L/41](swap: 0, u: 0 | c_u: 0 | t_u_l: 0/0 | t_u_r: 0/0 | t_u: 0/0) -> {'max_bond': 16, 'max_links': 4, 'total_elems': 1444, 'total_shapes': 130, 'total_links': 30, 'num_tensors': 8}
2026-06-05T23:55:08+0100 [INFO] [37L/41](swap: 0, u: 0 | c_u: 0 | t_u_l: 0/0 | t_u_r: 0/0 | t_u: 0/0) -> {'max_bond': 16, 'max_links': 4, 'total_elems': 1444, 'total_shapes': 130, 'total_links': 30, 'num_tensors': 8}
2026-06-05T23:55:09+0100 [INFO] [38L/41](swap: 0, u: 0 | c_u: 0 | t_u_l: 0/0 | t_u_r: 0/0 | t_u: 0/0) -> {'max_bond': 16, 'max_links': 4, 'total_elems': 1444, 'total_shapes': 130, 'total_links': 30, 'num_tensors': 8}
2026-06-05T23:55:09+0100 [INFO] [39L/41](swap: 0, u: 0 | c_u: 0 | t_u_l: 0/0 | t_u_r: 0/0 | t_u: 0/0) -> {'max_bond': 16, 'max_links': 4, 'total_elems': 1444, 'total_shapes': 130, 'total_links': 30, 'num_tensors': 8}
2026-06-05T23:55:09+0100 [INFO] [40L/41](swap: 0, u: 0 | c_u: 0 | t_u_l: 0/0 | t_u_r: 0/0 | t_u: 0/0) -> {'max_bond': 16, 'max_links': 4, 'total_elems': 1444, 'total_shapes': 130, 'total_links': 30, 'num_tensors': 8}
2026-06-05T23:55:09+0100 [INFO] [41L/41](swap: 0, u: 0 | c_u: 0 | t_u_l: 0/0 | t_u_r: 0/0 | t_u: 0/0) -> {'max_bond': 16, 'max_links': 4, 'total_elems': 1444, 'total_shapes': 130, 'total_links': 30, 'num_tensors': 8}
2026-06-05T23:55:09+0100 [INFO] [end compressing](left: 2, right: 2) -> {'max_bond': 16, 'max_links': 4, 'total_elems': 1444, 'total_shapes': 130, 'total_links': 30, 'num_tensors': 8}
