2026-06-05T23:11:53+0100 [INFO] Total unitaries: 0 = 0 (left) + 0 (right)
2026-06-05T23:11:53+0100 [INFO] Pass: ElidePermutations - 0.23150 (ms)
2026-06-05T23:11:53+0100 [INFO] Pass: SabreSwap - 3.29208 (ms)
2026-06-05T23:11:53+0100 [INFO] Pass: ElidePermutations - 0.00691 (ms)
2026-06-05T23:11:53+0100 [INFO] Pass: SabreSwap - 0.91648 (ms)
2026-06-05T23:11:54+0100 [INFO] [start compressing] -> {'max_bond': 1, 'max_links': 4, 'total_elems': 32, 'total_shapes': 46, 'total_links': 30, 'num_tensors': 8}
2026-06-05T23:11:58+0100 [INFO] [1L/15](swap: 0, u: 0 | c_u: 0 | t_u_l: 0/0 | t_u_r: 0/0 | t_u: 0/0) -> {'max_bond': 1, 'max_links': 4, 'total_elems': 32, 'total_shapes': 46, 'total_links': 30, 'num_tensors': 8}
2026-06-05T23:12:01+0100 [INFO] [2L/15](swap: 1, u: 0 | c_u: 0 | t_u_l: 0/0 | t_u_r: 0/0 | t_u: 0/0) -> {'max_bond': 2, 'max_links': 4, 'total_elems': 40, 'total_shapes': 48, 'total_links': 30, 'num_tensors': 8}
2026-06-05T23:12:02+0100 [INFO] [3L/15](swap: 1, u: 0 | c_u: 0 | t_u_l: 0/0 | t_u_r: 0/0 | t_u: 0/0) -> {'max_bond': 4, 'max_links': 4, 'total_elems': 64, 'total_shapes': 54, 'total_links': 30, 'num_tensors': 8}
2026-06-05T23:12:02+0100 [INFO] [1R/21](swap: 2, u: 0 | c_u: 0 | t_u_l: 0/0 | t_u_r: 0/0 | t_u: 0/0) -> {'max_bond': 4, 'max_links': 4, 'total_elems': 64, 'total_shapes': 54, 'total_links': 30, 'num_tensors': 8}
2026-06-05T23:12:02+0100 [INFO] [2R/21](swap: 1, u: 0 | c_u: 0 | t_u_l: 0/0 | t_u_r: 0/0 | t_u: 0/0) -> {'max_bond': 4, 'max_links': 4, 'total_elems': 88, 'total_shapes': 60, 'total_links': 30, 'num_tensors': 8}
2026-06-05T23:12:02+0100 [INFO] [3R/21](swap: 0, u: 0 | c_u: 0 | t_u_l: 0/0 | t_u_r: 0/0 | t_u: 0/0) -> {'max_bond': 4, 'max_links': 4, 'total_elems': 120, 'total_shapes': 62, 'total_links': 30, 'num_tensors': 8}
2026-06-05T23:12:02+0100 [INFO] [4R/21](swap: 0, u: 0 | c_u: 0 | t_u_l: 0/0 | t_u_r: 0/0 | t_u: 0/0) -> {'max_bond': 4, 'max_links': 4, 'total_elems': 120, 'total_shapes': 62, 'total_links': 30, 'num_tensors': 8}
2026-06-05T23:12:02+0100 [INFO] [5R/21](swap: 0, u: 0 | c_u: 0 | t_u_l: 0/0 | t_u_r: 0/0 | t_u: 0/0) -> {'max_bond': 4, 'max_links': 4, 'total_elems': 184, 'total_shapes': 66, 'total_links': 30, 'num_tensors': 8}
2026-06-05T23:12:02+0100 [INFO] [6R/21](swap: 0, u: 0 | c_u: 0 | t_u_l: 0/0 | t_u_r: 0/0 | t_u: 0/0) -> {'max_bond': 4, 'max_links': 4, 'total_elems': 184, 'total_shapes': 66, 'total_links': 30, 'num_tensors': 8}
2026-06-05T23:12:02+0100 [INFO] [7R/21](swap: 0, u: 0 | c_u: 0 | t_u_l: 0/0 | t_u_r: 0/0 | t_u: 0/0) -> {'max_bond': 4, 'max_links': 4, 'total_elems': 184, 'total_shapes': 66, 'total_links': 30, 'num_tensors': 8}
2026-06-05T23:12:02+0100 [INFO] [8R/21](swap: 0, u: 0 | c_u: 0 | t_u_l: 0/0 | t_u_r: 0/0 | t_u: 0/0) -> {'max_bond': 4, 'max_links': 4, 'total_elems': 184, 'total_shapes': 66, 'total_links': 30, 'num_tensors': 8}
2026-06-05T23:12:02+0100 [INFO] [9R/21](swap: 0, u: 0 | c_u: 0 | t_u_l: 0/0 | t_u_r: 0/0 | t_u: 0/0) -> {'max_bond': 4, 'max_links': 4, 'total_elems': 184, 'total_shapes': 66, 'total_links': 30, 'num_tensors': 8}
2026-06-05T23:12:02+0100 [INFO] [10R/21](swap: 0, u: 0 | c_u: 0 | t_u_l: 0/0 | t_u_r: 0/0 | t_u: 0/0) -> {'max_bond': 4, 'max_links': 4, 'total_elems': 184, 'total_shapes': 66, 'total_links': 30, 'num_tensors': 8}
2026-06-05T23:12:02+0100 [INFO] [11R/21](swap: 0, u: 0 | c_u: 0 | t_u_l: 0/0 | t_u_r: 0/0 | t_u: 0/0) -> {'max_bond': 4, 'max_links': 4, 'total_elems': 184, 'total_shapes': 66, 'total_links': 30, 'num_tensors': 8}
2026-06-05T23:12:02+0100 [INFO] [12R/21](swap: 0, u: 0 | c_u: 0 | t_u_l: 0/0 | t_u_r: 0/0 | t_u: 0/0) -> {'max_bond': 4, 'max_links': 4, 'total_elems': 184, 'total_shapes': 66, 'total_links': 30, 'num_tensors': 8}
2026-06-05T23:12:02+0100 [INFO] [13R/21](swap: 0, u: 0 | c_u: 0 | t_u_l: 0/0 | t_u_r: 0/0 | t_u: 0/0) -> {'max_bond': 4, 'max_links': 4, 'total_elems': 184, 'total_shapes': 66, 'total_links': 30, 'num_tensors': 8}
2026-06-05T23:12:02+0100 [INFO] [14R/21](swap: 0, u: 0 | c_u: 0 | t_u_l: 0/0 | t_u_r: 0/0 | t_u: 0/0) -> {'max_bond': 4, 'max_links': 4, 'total_elems': 184, 'total_shapes': 66, 'total_links': 30, 'num_tensors': 8}
2026-06-05T23:12:02+0100 [INFO] [15R/21](swap: 0, u: 0 | c_u: 0 | t_u_l: 0/0 | t_u_r: 0/0 | t_u: 0/0) -> {'max_bond': 4, 'max_links': 4, 'total_elems': 184, 'total_shapes': 66, 'total_links': 30, 'num_tensors': 8}
2026-06-05T23:12:02+0100 [INFO] [16R/21](swap: 0, u: 0 | c_u: 0 | t_u_l: 0/0 | t_u_r: 0/0 | t_u: 0/0) -> {'max_bond': 4, 'max_links': 4, 'total_elems': 184, 'total_shapes': 66, 'total_links': 30, 'num_tensors': 8}
2026-06-05T23:12:02+0100 [INFO] [17R/21](swap: 0, u: 0 | c_u: 0 | t_u_l: 0/0 | t_u_r: 0/0 | t_u: 0/0) -> {'max_bond': 4, 'max_links': 4, 'total_elems': 184, 'total_shapes': 66, 'total_links': 30, 'num_tensors': 8}
2026-06-05T23:12:02+0100 [INFO] [18R/21](swap: 0, u: 0 | c_u: 0 | t_u_l: 0/0 | t_u_r: 0/0 | t_u: 0/0) -> {'max_bond': 4, 'max_links': 4, 'total_elems': 184, 'total_shapes': 66, 'total_links': 30, 'num_tensors': 8}
2026-06-05T23:12:02+0100 [INFO] [19R/21](swap: 0, u: 0 | c_u: 0 | t_u_l: 0/0 | t_u_r: 0/0 | t_u: 0/0) -> {'max_bond': 4, 'max_links': 4, 'total_elems': 184, 'total_shapes': 66, 'total_links': 30, 'num_tensors': 8}
2026-06-05T23:12:02+0100 [INFO] [20R/21](swap: 0, u: 0 | c_u: 0 | t_u_l: 0/0 | t_u_r: 0/0 | t_u: 0/0) -> {'max_bond': 4, 'max_links': 4, 'total_elems': 184, 'total_shapes': 66, 'total_links': 30, 'num_tensors': 8}
2026-06-05T23:12:02+0100 [INFO] [21R/21](swap: 0, u: 0 | c_u: 0 | t_u_l: 0/0 | t_u_r: 0/0 | t_u: 0/0) -> {'max_bond': 4, 'max_links': 4, 'total_elems': 184, 'total_shapes': 66, 'total_links': 30, 'num_tensors': 8}
2026-06-05T23:12:02+0100 [INFO] [4L/15](swap: 0, u: 0 | c_u: 0 | t_u_l: 0/0 | t_u_r: 0/0 | t_u: 0/0) -> {'max_bond': 16, 'max_links': 4, 'total_elems': 568, 'total_shapes': 90, 'total_links': 30, 'num_tensors': 8}
2026-06-05T23:12:02+0100 [INFO] [5L/15](swap: 0, u: 0 | c_u: 0 | t_u_l: 0/0 | t_u_r: 0/0 | t_u: 0/0) -> {'max_bond': 16, 'max_links': 4, 'total_elems': 584, 'total_shapes': 94, 'total_links': 30, 'num_tensors': 8}
2026-06-05T23:12:02+0100 [INFO] [6L/15](swap: 0, u: 0 | c_u: 0 | t_u_l: 0/0 | t_u_r: 0/0 | t_u: 0/0) -> {'max_bond': 16, 'max_links': 4, 'total_elems': 604, 'total_shapes': 96, 'total_links': 30, 'num_tensors': 8}
2026-06-05T23:12:02+0100 [INFO] [7L/15](swap: 0, u: 0 | c_u: 0 | t_u_l: 0/0 | t_u_r: 0/0 | t_u: 0/0) -> {'max_bond': 16, 'max_links': 4, 'total_elems': 604, 'total_shapes': 96, 'total_links': 30, 'num_tensors': 8}
2026-06-05T23:12:02+0100 [INFO] [8L/15](swap: 0, u: 0 | c_u: 0 | t_u_l: 0/0 | t_u_r: 0/0 | t_u: 0/0) -> {'max_bond': 16, 'max_links': 4, 'total_elems': 604, 'total_shapes': 96, 'total_links': 30, 'num_tensors': 8}
2026-06-05T23:12:02+0100 [INFO] [9L/15](swap: 0, u: 0 | c_u: 0 | t_u_l: 0/0 | t_u_r: 0/0 | t_u: 0/0) -> {'max_bond': 16, 'max_links': 4, 'total_elems': 604, 'total_shapes': 96, 'total_links': 30, 'num_tensors': 8}
2026-06-05T23:12:02+0100 [INFO] [10L/15](swap: 0, u: 0 | c_u: 0 | t_u_l: 0/0 | t_u_r: 0/0 | t_u: 0/0) -> {'max_bond': 16, 'max_links': 4, 'total_elems': 604, 'total_shapes': 96, 'total_links': 30, 'num_tensors': 8}
2026-06-05T23:12:02+0100 [INFO] [11L/15](swap: 0, u: 0 | c_u: 0 | t_u_l: 0/0 | t_u_r: 0/0 | t_u: 0/0) -> {'max_bond': 16, 'max_links': 4, 'total_elems': 604, 'total_shapes': 96, 'total_links': 30, 'num_tensors': 8}
2026-06-05T23:12:02+0100 [INFO] [12L/15](swap: 0, u: 0 | c_u: 0 | t_u_l: 0/0 | t_u_r: 0/0 | t_u: 0/0) -> {'max_bond': 16, 'max_links': 4, 'total_elems': 604, 'total_shapes': 96, 'total_links': 30, 'num_tensors': 8}
2026-06-05T23:12:02+0100 [INFO] [13L/15](swap: 0, u: 0 | c_u: 0 | t_u_l: 0/0 | t_u_r: 0/0 | t_u: 0/0) -> {'max_bond': 16, 'max_links': 4, 'total_elems': 604, 'total_shapes': 96, 'total_links': 30, 'num_tensors': 8}
2026-06-05T23:12:02+0100 [INFO] [14L/15](swap: 0, u: 0 | c_u: 0 | t_u_l: 0/0 | t_u_r: 0/0 | t_u: 0/0) -> {'max_bond': 16, 'max_links': 4, 'total_elems': 604, 'total_shapes': 96, 'total_links': 30, 'num_tensors': 8}
2026-06-05T23:12:02+0100 [INFO] [15L/15](swap: 0, u: 0 | c_u: 0 | t_u_l: 0/0 | t_u_r: 0/0 | t_u: 0/0) -> {'max_bond': 16, 'max_links': 4, 'total_elems': 604, 'total_shapes': 96, 'total_links': 30, 'num_tensors': 8}
2026-06-05T23:12:02+0100 [INFO] [end compressing](left: 2, right: 2) -> {'max_bond': 16, 'max_links': 4, 'total_elems': 604, 'total_shapes': 96, 'total_links': 30, 'num_tensors': 8}
