2026-06-05T23:14:24+0100 [INFO] Total unitaries: 0 = 0 (left) + 0 (right)
2026-06-05T23:14:24+0100 [INFO] Pass: ElidePermutations - 0.02432 (ms)
2026-06-05T23:14:24+0100 [INFO] Pass: SabreSwap - 2.85721 (ms)
2026-06-05T23:14:24+0100 [INFO] Pass: ElidePermutations - 0.11754 (ms)
2026-06-05T23:14:24+0100 [INFO] Pass: SabreSwap - 1.13106 (ms)
2026-06-05T23:14:24+0100 [INFO] [start compressing] -> {'max_bond': 1, 'max_links': 4, 'total_elems': 32, 'total_shapes': 46, 'total_links': 30, 'num_tensors': 8}
2026-06-05T23:14:30+0100 [INFO] [1L/172](swap: 0, u: 0 | c_u: 0 | t_u_l: 0/0 | t_u_r: 0/0 | t_u: 0/0) -> {'max_bond': 1, 'max_links': 4, 'total_elems': 32, 'total_shapes': 46, 'total_links': 30, 'num_tensors': 8}
2026-06-05T23:14:30+0100 [INFO] [2L/172](swap: 0, u: 0 | c_u: 0 | t_u_l: 0/0 | t_u_r: 0/0 | t_u: 0/0) -> {'max_bond': 2, 'max_links': 4, 'total_elems': 40, 'total_shapes': 48, 'total_links': 30, 'num_tensors': 8}
2026-06-05T23:14:30+0100 [INFO] [3L/172](swap: 0, u: 0 | c_u: 0 | t_u_l: 0/0 | t_u_r: 0/0 | t_u: 0/0) -> {'max_bond': 2, 'max_links': 4, 'total_elems': 40, 'total_shapes': 48, 'total_links': 30, 'num_tensors': 8}
2026-06-05T23:14:30+0100 [INFO] [4L/172](swap: 0, u: 0 | c_u: 0 | t_u_l: 0/0 | t_u_r: 0/0 | t_u: 0/0) -> {'max_bond': 2, 'max_links': 4, 'total_elems': 40, 'total_shapes': 48, 'total_links': 30, 'num_tensors': 8}
2026-06-05T23:14:30+0100 [INFO] [5L/172](swap: 0, u: 0 | c_u: 0 | t_u_l: 0/0 | t_u_r: 0/0 | t_u: 0/0) -> {'max_bond': 4, 'max_links': 4, 'total_elems': 56, 'total_shapes': 52, 'total_links': 30, 'num_tensors': 8}
2026-06-05T23:14:30+0100 [INFO] [6L/172](swap: 0, u: 0 | c_u: 0 | t_u_l: 0/0 | t_u_r: 0/0 | t_u: 0/0) -> {'max_bond': 4, 'max_links': 4, 'total_elems': 56, 'total_shapes': 52, 'total_links': 30, 'num_tensors': 8}
2026-06-05T23:14:30+0100 [INFO] [7L/172](swap: 1, u: 0 | c_u: 0 | t_u_l: 0/0 | t_u_r: 0/0 | t_u: 0/0) -> {'max_bond': 4, 'max_links': 4, 'total_elems': 56, 'total_shapes': 52, 'total_links': 30, 'num_tensors': 8}
2026-06-05T23:14:30+0100 [INFO] [8L/172](swap: 0, u: 0 | c_u: 0 | t_u_l: 0/0 | t_u_r: 0/0 | t_u: 0/0) -> {'max_bond': 4, 'max_links': 4, 'total_elems': 116, 'total_shapes': 58, 'total_links': 30, 'num_tensors': 8}
2026-06-05T23:14:30+0100 [INFO] [9L/172](swap: 0, u: 0 | c_u: 0 | t_u_l: 0/0 | t_u_r: 0/0 | t_u: 0/0) -> {'max_bond': 4, 'max_links': 4, 'total_elems': 116, 'total_shapes': 58, 'total_links': 30, 'num_tensors': 8}
2026-06-05T23:14:30+0100 [INFO] [10L/172](swap: 0, u: 0 | c_u: 0 | t_u_l: 0/0 | t_u_r: 0/0 | t_u: 0/0) -> {'max_bond': 4, 'max_links': 4, 'total_elems': 116, 'total_shapes': 58, 'total_links': 30, 'num_tensors': 8}
2026-06-05T23:14:30+0100 [INFO] [11L/172](swap: 0, u: 0 | c_u: 0 | t_u_l: 0/0 | t_u_r: 0/0 | t_u: 0/0) -> {'max_bond': 4, 'max_links': 4, 'total_elems': 116, 'total_shapes': 58, 'total_links': 30, 'num_tensors': 8}
2026-06-05T23:14:30+0100 [INFO] [12L/172](swap: 0, u: 0 | c_u: 0 | t_u_l: 0/0 | t_u_r: 0/0 | t_u: 0/0) -> {'max_bond': 4, 'max_links': 4, 'total_elems': 116, 'total_shapes': 58, 'total_links': 30, 'num_tensors': 8}
2026-06-05T23:14:30+0100 [INFO] [13L/172](swap: 0, u: 0 | c_u: 0 | t_u_l: 0/0 | t_u_r: 0/0 | t_u: 0/0) -> {'max_bond': 4, 'max_links': 4, 'total_elems': 116, 'total_shapes': 58, 'total_links': 30, 'num_tensors': 8}
2026-06-05T23:14:30+0100 [INFO] [14L/172](swap: 1, u: 0 | c_u: 0 | t_u_l: 0/0 | t_u_r: 0/0 | t_u: 0/0) -> {'max_bond': 4, 'max_links': 4, 'total_elems': 116, 'total_shapes': 58, 'total_links': 30, 'num_tensors': 8}
2026-06-05T23:14:30+0100 [INFO] [15L/172](swap: 0, u: 0 | c_u: 0 | t_u_l: 0/0 | t_u_r: 0/0 | t_u: 0/0) -> {'max_bond': 4, 'max_links': 4, 'total_elems': 116, 'total_shapes': 58, 'total_links': 30, 'num_tensors': 8}
2026-06-05T23:14:30+0100 [INFO] [16L/172](swap: 0, u: 0 | c_u: 0 | t_u_l: 0/0 | t_u_r: 0/0 | t_u: 0/0) -> {'max_bond': 4, 'max_links': 4, 'total_elems': 116, 'total_shapes': 58, 'total_links': 30, 'num_tensors': 8}
2026-06-05T23:14:30+0100 [INFO] [17L/172](swap: 0, u: 0 | c_u: 0 | t_u_l: 0/0 | t_u_r: 0/0 | t_u: 0/0) -> {'max_bond': 4, 'max_links': 4, 'total_elems': 116, 'total_shapes': 58, 'total_links': 30, 'num_tensors': 8}
2026-06-05T23:14:30+0100 [INFO] [18L/172](swap: 0, u: 0 | c_u: 0 | t_u_l: 0/0 | t_u_r: 0/0 | t_u: 0/0) -> {'max_bond': 4, 'max_links': 4, 'total_elems': 116, 'total_shapes': 58, 'total_links': 30, 'num_tensors': 8}
2026-06-05T23:14:30+0100 [INFO] [19L/172](swap: 0, u: 0 | c_u: 0 | t_u_l: 0/0 | t_u_r: 0/0 | t_u: 0/0) -> {'max_bond': 4, 'max_links': 4, 'total_elems': 116, 'total_shapes': 58, 'total_links': 30, 'num_tensors': 8}
2026-06-05T23:14:30+0100 [INFO] [20L/172](swap: 0, u: 0 | c_u: 0 | t_u_l: 0/0 | t_u_r: 0/0 | t_u: 0/0) -> {'max_bond': 4, 'max_links': 4, 'total_elems': 116, 'total_shapes': 58, 'total_links': 30, 'num_tensors': 8}
2026-06-05T23:14:30+0100 [INFO] [21L/172](swap: 1, u: 0 | c_u: 0 | t_u_l: 0/0 | t_u_r: 0/0 | t_u: 0/0) -> {'max_bond': 4, 'max_links': 4, 'total_elems': 116, 'total_shapes': 58, 'total_links': 30, 'num_tensors': 8}
2026-06-05T23:14:30+0100 [INFO] [1R/146](swap: 1, u: 0 | c_u: 0 | t_u_l: 0/0 | t_u_r: 0/0 | t_u: 0/0) -> {'max_bond': 4, 'max_links': 4, 'total_elems': 196, 'total_shapes': 66, 'total_links': 30, 'num_tensors': 8}
2026-06-05T23:14:30+0100 [INFO] [2R/146](swap: 0, u: 0 | c_u: 0 | t_u_l: 0/0 | t_u_r: 0/0 | t_u: 0/0) -> {'max_bond': 4, 'max_links': 4, 'total_elems': 204, 'total_shapes': 68, 'total_links': 30, 'num_tensors': 8}
2026-06-05T23:14:30+0100 [INFO] [3R/146](swap: 0, u: 0 | c_u: 0 | t_u_l: 0/0 | t_u_r: 0/0 | t_u: 0/0) -> {'max_bond': 4, 'max_links': 4, 'total_elems': 204, 'total_shapes': 68, 'total_links': 30, 'num_tensors': 8}
2026-06-05T23:14:30+0100 [INFO] [22L/172](swap: 1, u: 0 | c_u: 0 | t_u_l: 0/0 | t_u_r: 0/0 | t_u: 0/0) -> {'max_bond': 4, 'max_links': 4, 'total_elems': 268, 'total_shapes': 74, 'total_links': 30, 'num_tensors': 8}
2026-06-05T23:14:30+0100 [INFO] [4R/146](swap: 1, u: 0 | c_u: 0 | t_u_l: 0/0 | t_u_r: 0/0 | t_u: 0/0) -> {'max_bond': 8, 'max_links': 4, 'total_elems': 396, 'total_shapes': 82, 'total_links': 30, 'num_tensors': 8}
2026-06-05T23:14:30+0100 [INFO] [23L/172](swap: 1, u: 0 | c_u: 0 | t_u_l: 0/0 | t_u_r: 0/0 | t_u: 0/0) -> {'max_bond': 8, 'max_links': 4, 'total_elems': 396, 'total_shapes': 82, 'total_links': 30, 'num_tensors': 8}
2026-06-05T23:14:30+0100 [INFO] [24L/172](swap: 0, u: 0 | c_u: 0 | t_u_l: 0/0 | t_u_r: 0/0 | t_u: 0/0) -> {'max_bond': 8, 'max_links': 4, 'total_elems': 396, 'total_shapes': 82, 'total_links': 30, 'num_tensors': 8}
2026-06-05T23:14:30+0100 [INFO] [25L/172](swap: 0, u: 0 | c_u: 0 | t_u_l: 0/0 | t_u_r: 0/0 | t_u: 0/0) -> {'max_bond': 8, 'max_links': 4, 'total_elems': 396, 'total_shapes': 82, 'total_links': 30, 'num_tensors': 8}
2026-06-05T23:14:30+0100 [INFO] [5R/146](swap: 1, u: 0 | c_u: 0 | t_u_l: 0/0 | t_u_r: 0/0 | t_u: 0/0) -> {'max_bond': 8, 'max_links': 4, 'total_elems': 588, 'total_shapes': 90, 'total_links': 30, 'num_tensors': 8}
2026-06-05T23:14:30+0100 [INFO] [26L/172](swap: 0, u: 0 | c_u: 0 | t_u_l: 0/0 | t_u_r: 0/0 | t_u: 0/0) -> {'max_bond': 8, 'max_links': 4, 'total_elems': 588, 'total_shapes': 90, 'total_links': 30, 'num_tensors': 8}
2026-06-05T23:14:30+0100 [INFO] [27L/172](swap: 0, u: 0 | c_u: 0 | t_u_l: 0/0 | t_u_r: 0/0 | t_u: 0/0) -> {'max_bond': 8, 'max_links': 4, 'total_elems': 588, 'total_shapes': 90, 'total_links': 30, 'num_tensors': 8}
2026-06-05T23:14:31+0100 [INFO] [28L/172](swap: 0, u: 0 | c_u: 0 | t_u_l: 0/0 | t_u_r: 0/0 | t_u: 0/0) -> {'max_bond': 8, 'max_links': 4, 'total_elems': 588, 'total_shapes': 90, 'total_links': 30, 'num_tensors': 8}
2026-06-05T23:14:31+0100 [INFO] [29L/172](swap: 0, u: 0 | c_u: 0 | t_u_l: 0/0 | t_u_r: 0/0 | t_u: 0/0) -> {'max_bond': 8, 'max_links': 4, 'total_elems': 588, 'total_shapes': 90, 'total_links': 30, 'num_tensors': 8}
2026-06-05T23:14:31+0100 [INFO] [30L/172](swap: 0, u: 0 | c_u: 0 | t_u_l: 0/0 | t_u_r: 0/0 | t_u: 0/0) -> {'max_bond': 8, 'max_links': 4, 'total_elems': 588, 'total_shapes': 90, 'total_links': 30, 'num_tensors': 8}
2026-06-05T23:14:31+0100 [INFO] [31L/172](swap: 1, u: 0 | c_u: 0 | t_u_l: 0/0 | t_u_r: 0/0 | t_u: 0/0) -> {'max_bond': 8, 'max_links': 4, 'total_elems': 588, 'total_shapes': 90, 'total_links': 30, 'num_tensors': 8}
2026-06-05T23:14:31+0100 [INFO] [6R/146](swap: 0, u: 0 | c_u: 0 | t_u_l: 0/0 | t_u_r: 0/0 | t_u: 0/0) -> {'max_bond': 8, 'max_links': 4, 'total_elems': 600, 'total_shapes': 92, 'total_links': 30, 'num_tensors': 8}
2026-06-05T23:14:31+0100 [INFO] [7R/146](swap: 0, u: 0 | c_u: 0 | t_u_l: 0/0 | t_u_r: 0/0 | t_u: 0/0) -> {'max_bond': 8, 'max_links': 4, 'total_elems': 600, 'total_shapes': 92, 'total_links': 30, 'num_tensors': 8}
2026-06-05T23:14:31+0100 [INFO] [8R/146](swap: 0, u: 0 | c_u: 0 | t_u_l: 0/0 | t_u_r: 0/0 | t_u: 0/0) -> {'max_bond': 8, 'max_links': 4, 'total_elems': 600, 'total_shapes': 92, 'total_links': 30, 'num_tensors': 8}
2026-06-05T23:14:31+0100 [INFO] [9R/146](swap: 1, u: 0 | c_u: 0 | t_u_l: 0/0 | t_u_r: 0/0 | t_u: 0/0) -> {'max_bond': 8, 'max_links': 4, 'total_elems': 648, 'total_shapes': 98, 'total_links': 30, 'num_tensors': 8}
2026-06-05T23:14:31+0100 [INFO] [10R/146](swap: 1, u: 0 | c_u: 0 | t_u_l: 0/0 | t_u_r: 0/0 | t_u: 0/0) -> {'max_bond': 8, 'max_links': 4, 'total_elems': 672, 'total_shapes': 100, 'total_links': 30, 'num_tensors': 8}
2026-06-05T23:14:31+0100 [INFO] [11R/146](swap: 0, u: 0 | c_u: 0 | t_u_l: 0/0 | t_u_r: 0/0 | t_u: 0/0) -> {'max_bond': 8, 'max_links': 4, 'total_elems': 736, 'total_shapes': 104, 'total_links': 30, 'num_tensors': 8}
2026-06-05T23:14:31+0100 [INFO] [12R/146](swap: 0, u: 0 | c_u: 0 | t_u_l: 0/0 | t_u_r: 0/0 | t_u: 0/0) -> {'max_bond': 8, 'max_links': 4, 'total_elems': 736, 'total_shapes': 104, 'total_links': 30, 'num_tensors': 8}
2026-06-05T23:14:31+0100 [INFO] [13R/146](swap: 0, u: 0 | c_u: 0 | t_u_l: 0/0 | t_u_r: 0/0 | t_u: 0/0) -> {'max_bond': 8, 'max_links': 4, 'total_elems': 736, 'total_shapes': 104, 'total_links': 30, 'num_tensors': 8}
2026-06-05T23:14:31+0100 [INFO] [14R/146](swap: 0, u: 0 | c_u: 0 | t_u_l: 0/0 | t_u_r: 0/0 | t_u: 0/0) -> {'max_bond': 8, 'max_links': 4, 'total_elems': 736, 'total_shapes': 104, 'total_links': 30, 'num_tensors': 8}
2026-06-05T23:14:31+0100 [INFO] [15R/146](swap: 0, u: 0 | c_u: 0 | t_u_l: 0/0 | t_u_r: 0/0 | t_u: 0/0) -> {'max_bond': 8, 'max_links': 4, 'total_elems': 736, 'total_shapes': 104, 'total_links': 30, 'num_tensors': 8}
2026-06-05T23:14:31+0100 [INFO] [32L/172](swap: 2, u: 0 | c_u: 0 | t_u_l: 0/0 | t_u_r: 0/0 | t_u: 0/0) -> {'max_bond': 8, 'max_links': 4, 'total_elems': 832, 'total_shapes': 108, 'total_links': 30, 'num_tensors': 8}
2026-06-05T23:14:31+0100 [INFO] [16R/146](swap: 1, u: 0 | c_u: 0 | t_u_l: 0/0 | t_u_r: 0/0 | t_u: 0/0) -> {'max_bond': 8, 'max_links': 4, 'total_elems': 992, 'total_shapes': 116, 'total_links': 30, 'num_tensors': 8}
2026-06-05T23:14:31+0100 [INFO] [17R/146](swap: 0, u: 0 | c_u: 0 | t_u_l: 0/0 | t_u_r: 0/0 | t_u: 0/0) -> {'max_bond': 12, 'max_links': 4, 'total_elems': 1376, 'total_shapes': 128, 'total_links': 30, 'num_tensors': 8}
2026-06-05T23:14:31+0100 [INFO] [18R/146](swap: 0, u: 0 | c_u: 0 | t_u_l: 0/0 | t_u_r: 0/0 | t_u: 0/0) -> {'max_bond': 12, 'max_links': 4, 'total_elems': 1376, 'total_shapes': 128, 'total_links': 30, 'num_tensors': 8}
2026-06-05T23:14:31+0100 [INFO] [19R/146](swap: 0, u: 0 | c_u: 0 | t_u_l: 0/0 | t_u_r: 0/0 | t_u: 0/0) -> {'max_bond': 12, 'max_links': 4, 'total_elems': 1376, 'total_shapes': 128, 'total_links': 30, 'num_tensors': 8}
2026-06-05T23:14:31+0100 [INFO] [20R/146](swap: 0, u: 0 | c_u: 0 | t_u_l: 0/0 | t_u_r: 0/0 | t_u: 0/0) -> {'max_bond': 12, 'max_links': 4, 'total_elems': 1376, 'total_shapes': 128, 'total_links': 30, 'num_tensors': 8}
2026-06-05T23:14:31+0100 [INFO] [21R/146](swap: 0, u: 0 | c_u: 0 | t_u_l: 0/0 | t_u_r: 0/0 | t_u: 0/0) -> {'max_bond': 12, 'max_links': 4, 'total_elems': 1376, 'total_shapes': 128, 'total_links': 30, 'num_tensors': 8}
2026-06-05T23:14:31+0100 [INFO] [22R/146](swap: 1, u: 0 | c_u: 0 | t_u_l: 0/0 | t_u_r: 0/0 | t_u: 0/0) -> {'max_bond': 12, 'max_links': 4, 'total_elems': 1568, 'total_shapes': 136, 'total_links': 30, 'num_tensors': 8}
2026-06-05T23:14:31+0100 [INFO] [23R/146](swap: 1, u: 0 | c_u: 0 | t_u_l: 0/0 | t_u_r: 0/0 | t_u: 0/0) -> {'max_bond': 12, 'max_links': 4, 'total_elems': 1952, 'total_shapes': 144, 'total_links': 30, 'num_tensors': 8}
2026-06-05T23:14:31+0100 [INFO] [24R/146](swap: 0, u: 0 | c_u: 0 | t_u_l: 0/0 | t_u_r: 0/0 | t_u: 0/0) -> {'max_bond': 18, 'max_links': 4, 'total_elems': 2432, 'total_shapes': 156, 'total_links': 30, 'num_tensors': 8}
2026-06-05T23:14:31+0100 [INFO] [25R/146](swap: 1, u: 0 | c_u: 0 | t_u_l: 0/0 | t_u_r: 0/0 | t_u: 0/0) -> {'max_bond': 18, 'max_links': 4, 'total_elems': 2432, 'total_shapes': 156, 'total_links': 30, 'num_tensors': 8}
2026-06-05T23:14:31+0100 [INFO] [26R/146](swap: 0, u: 0 | c_u: 0 | t_u_l: 0/0 | t_u_r: 0/0 | t_u: 0/0) -> {'max_bond': 18, 'max_links': 4, 'total_elems': 2432, 'total_shapes': 156, 'total_links': 30, 'num_tensors': 8}
2026-06-05T23:14:31+0100 [INFO] [27R/146](swap: 0, u: 0 | c_u: 0 | t_u_l: 0/0 | t_u_r: 0/0 | t_u: 0/0) -> {'max_bond': 18, 'max_links': 4, 'total_elems': 2432, 'total_shapes': 156, 'total_links': 30, 'num_tensors': 8}
2026-06-05T23:14:31+0100 [INFO] [28R/146](swap: 0, u: 0 | c_u: 0 | t_u_l: 0/0 | t_u_r: 0/0 | t_u: 0/0) -> {'max_bond': 18, 'max_links': 4, 'total_elems': 2432, 'total_shapes': 156, 'total_links': 30, 'num_tensors': 8}
2026-06-05T23:14:31+0100 [INFO] [29R/146](swap: 1, u: 0 | c_u: 0 | t_u_l: 0/0 | t_u_r: 0/0 | t_u: 0/0) -> {'max_bond': 18, 'max_links': 4, 'total_elems': 2432, 'total_shapes': 156, 'total_links': 30, 'num_tensors': 8}
2026-06-05T23:14:31+0100 [INFO] [30R/146](swap: 1, u: 0 | c_u: 0 | t_u_l: 0/0 | t_u_r: 0/0 | t_u: 0/0) -> {'max_bond': 18, 'max_links': 4, 'total_elems': 2624, 'total_shapes': 164, 'total_links': 30, 'num_tensors': 8}
2026-06-05T23:14:31+0100 [INFO] [31R/146](swap: 0, u: 0 | c_u: 0 | t_u_l: 0/0 | t_u_r: 0/0 | t_u: 0/0) -> {'max_bond': 18, 'max_links': 4, 'total_elems': 2576, 'total_shapes': 162, 'total_links': 30, 'num_tensors': 8}
2026-06-05T23:14:31+0100 [INFO] [32R/146](swap: 1, u: 0 | c_u: 0 | t_u_l: 0/0 | t_u_r: 0/0 | t_u: 0/0) -> {'max_bond': 18, 'max_links': 4, 'total_elems': 2528, 'total_shapes': 160, 'total_links': 30, 'num_tensors': 8}
2026-06-05T23:14:31+0100 [INFO] [33R/146](swap: 0, u: 0 | c_u: 0 | t_u_l: 0/0 | t_u_r: 0/0 | t_u: 0/0) -> {'max_bond': 18, 'max_links': 4, 'total_elems': 2480, 'total_shapes': 158, 'total_links': 30, 'num_tensors': 8}
2026-06-05T23:14:31+0100 [INFO] [34R/146](swap: 0, u: 0 | c_u: 0 | t_u_l: 0/0 | t_u_r: 0/0 | t_u: 0/0) -> {'max_bond': 18, 'max_links': 4, 'total_elems': 2432, 'total_shapes': 156, 'total_links': 30, 'num_tensors': 8}
2026-06-05T23:14:31+0100 [INFO] [35R/146](swap: 0, u: 0 | c_u: 0 | t_u_l: 0/0 | t_u_r: 0/0 | t_u: 0/0) -> {'max_bond': 18, 'max_links': 4, 'total_elems': 2432, 'total_shapes': 156, 'total_links': 30, 'num_tensors': 8}
2026-06-05T23:14:31+0100 [INFO] [36R/146](swap: 0, u: 0 | c_u: 0 | t_u_l: 0/0 | t_u_r: 0/0 | t_u: 0/0) -> {'max_bond': 18, 'max_links': 4, 'total_elems': 2432, 'total_shapes': 156, 'total_links': 30, 'num_tensors': 8}
2026-06-05T23:14:31+0100 [INFO] [37R/146](swap: 1, u: 0 | c_u: 0 | t_u_l: 0/0 | t_u_r: 0/0 | t_u: 0/0) -> {'max_bond': 19, 'max_links': 4, 'total_elems': 2512, 'total_shapes': 158, 'total_links': 30, 'num_tensors': 8}
2026-06-05T23:14:31+0100 [INFO] [38R/146](swap: 1, u: 0 | c_u: 0 | t_u_l: 0/0 | t_u_r: 0/0 | t_u: 0/0) -> {'max_bond': 16, 'max_links': 4, 'total_elems': 2512, 'total_shapes': 158, 'total_links': 30, 'num_tensors': 8}
2026-06-05T23:14:31+0100 [INFO] [39R/146](swap: 0, u: 0 | c_u: 0 | t_u_l: 0/0 | t_u_r: 0/0 | t_u: 0/0) -> {'max_bond': 16, 'max_links': 4, 'total_elems': 2272, 'total_shapes': 152, 'total_links': 30, 'num_tensors': 8}
2026-06-05T23:14:31+0100 [INFO] [33L/172](swap: 2, u: 0 | c_u: 0 | t_u_l: 0/0 | t_u_r: 0/0 | t_u: 0/0) -> {'max_bond': 18, 'max_links': 4, 'total_elems': 3296, 'total_shapes': 172, 'total_links': 30, 'num_tensors': 8}
2026-06-05T23:14:32+0100 [INFO] [40R/146](swap: 1, u: 0 | c_u: 0 | t_u_l: 0/0 | t_u_r: 0/0 | t_u: 0/0) -> {'max_bond': 34, 'max_links': 4, 'total_elems': 5344, 'total_shapes': 204, 'total_links': 30, 'num_tensors': 8}
2026-06-05T23:14:34+0100 [INFO] [41R/146](swap: 2, u: 0 | c_u: 0 | t_u_l: 0/0 | t_u_r: 0/0 | t_u: 0/0) -> {'max_bond': 32, 'max_links': 4, 'total_elems': 7008, 'total_shapes': 224, 'total_links': 30, 'num_tensors': 8}
2026-06-05T23:14:39+0100 [INFO] [34L/172](swap: 1, u: 0 | c_u: 0 | t_u_l: 0/0 | t_u_r: 0/0 | t_u: 0/0) -> {'max_bond': 49, 'max_links': 4, 'total_elems': 9384, 'total_shapes': 278, 'total_links': 30, 'num_tensors': 8}
2026-06-05T23:14:39+0100 [INFO] [35L/172](swap: 1, u: 0 | c_u: 0 | t_u_l: 0/0 | t_u_r: 0/0 | t_u: 0/0) -> {'max_bond': 47, 'max_links': 4, 'total_elems': 9112, 'total_shapes': 274, 'total_links': 30, 'num_tensors': 8}
2026-06-05T23:14:39+0100 [INFO] [36L/172](swap: 0, u: 0 | c_u: 0 | t_u_l: 0/0 | t_u_r: 0/0 | t_u: 0/0) -> {'max_bond': 46, 'max_links': 4, 'total_elems': 8336, 'total_shapes': 256, 'total_links': 30, 'num_tensors': 8}
2026-06-05T23:14:39+0100 [INFO] [37L/172](swap: 0, u: 0 | c_u: 0 | t_u_l: 0/0 | t_u_r: 0/0 | t_u: 0/0) -> {'max_bond': 45, 'max_links': 4, 'total_elems': 8200, 'total_shapes': 254, 'total_links': 30, 'num_tensors': 8}
2026-06-05T23:14:40+0100 [INFO] [38L/172](swap: 0, u: 0 | c_u: 0 | t_u_l: 0/0 | t_u_r: 0/0 | t_u: 0/0) -> {'max_bond': 44, 'max_links': 4, 'total_elems': 8064, 'total_shapes': 252, 'total_links': 30, 'num_tensors': 8}
2026-06-05T23:14:40+0100 [INFO] [42R/146](swap: 0, u: 0 | c_u: 0 | t_u_l: 0/0 | t_u_r: 0/0 | t_u: 0/0) -> {'max_bond': 48, 'max_links': 4, 'total_elems': 8608, 'total_shapes': 260, 'total_links': 30, 'num_tensors': 8}
2026-06-05T23:14:41+0100 [INFO] [43R/146](swap: 0, u: 0 | c_u: 0 | t_u_l: 0/0 | t_u_r: 0/0 | t_u: 0/0) -> {'max_bond': 47, 'max_links': 4, 'total_elems': 8472, 'total_shapes': 258, 'total_links': 30, 'num_tensors': 8}
2026-06-05T23:14:41+0100 [INFO] [44R/146](swap: 0, u: 0 | c_u: 0 | t_u_l: 0/0 | t_u_r: 0/0 | t_u: 0/0) -> {'max_bond': 46, 'max_links': 4, 'total_elems': 8336, 'total_shapes': 256, 'total_links': 30, 'num_tensors': 8}
2026-06-05T23:14:42+0100 [INFO] [39L/172](swap: 0, u: 0 | c_u: 0 | t_u_l: 0/0 | t_u_r: 0/0 | t_u: 0/0) -> {'max_bond': 52, 'max_links': 4, 'total_elems': 9152, 'total_shapes': 268, 'total_links': 30, 'num_tensors': 8}
2026-06-05T23:14:43+0100 [INFO] [40L/172](swap: 0, u: 0 | c_u: 0 | t_u_l: 0/0 | t_u_r: 0/0 | t_u: 0/0) -> {'max_bond': 50, 'max_links': 4, 'total_elems': 8880, 'total_shapes': 264, 'total_links': 30, 'num_tensors': 8}
2026-06-05T23:14:45+0100 [INFO] [41L/172](swap: 0, u: 0 | c_u: 0 | t_u_l: 0/0 | t_u_r: 0/0 | t_u: 0/0) -> {'max_bond': 49, 'max_links': 4, 'total_elems': 8744, 'total_shapes': 262, 'total_links': 30, 'num_tensors': 8}
2026-06-05T23:14:46+0100 [INFO] [42L/172](swap: 0, u: 0 | c_u: 0 | t_u_l: 0/0 | t_u_r: 0/0 | t_u: 0/0) -> {'max_bond': 48, 'max_links': 4, 'total_elems': 8608, 'total_shapes': 260, 'total_links': 30, 'num_tensors': 8}
2026-06-05T23:14:47+0100 [INFO] [43L/172](swap: 0, u: 0 | c_u: 0 | t_u_l: 0/0 | t_u_r: 0/0 | t_u: 0/0) -> {'max_bond': 47, 'max_links': 4, 'total_elems': 8472, 'total_shapes': 258, 'total_links': 30, 'num_tensors': 8}
2026-06-05T23:14:48+0100 [INFO] [44L/172](swap: 0, u: 0 | c_u: 0 | t_u_l: 0/0 | t_u_r: 0/0 | t_u: 0/0) -> {'max_bond': 46, 'max_links': 4, 'total_elems': 8336, 'total_shapes': 256, 'total_links': 30, 'num_tensors': 8}
2026-06-05T23:14:49+0100 [INFO] [45L/172](swap: 1, u: 0 | c_u: 0 | t_u_l: 0/0 | t_u_r: 0/0 | t_u: 0/0) -> {'max_bond': 46, 'max_links': 4, 'total_elems': 8336, 'total_shapes': 256, 'total_links': 30, 'num_tensors': 8}
2026-06-05T23:14:51+0100 [INFO] [46L/172](swap: 0, u: 0 | c_u: 0 | t_u_l: 0/0 | t_u_r: 0/0 | t_u: 0/0) -> {'max_bond': 52, 'max_links': 4, 'total_elems': 9152, 'total_shapes': 268, 'total_links': 30, 'num_tensors': 8}
2026-06-05T23:14:52+0100 [INFO] [47L/172](swap: 0, u: 0 | c_u: 0 | t_u_l: 0/0 | t_u_r: 0/0 | t_u: 0/0) -> {'max_bond': 51, 'max_links': 4, 'total_elems': 9016, 'total_shapes': 266, 'total_links': 30, 'num_tensors': 8}
2026-06-05T23:14:53+0100 [INFO] [48L/172](swap: 0, u: 0 | c_u: 0 | t_u_l: 0/0 | t_u_r: 0/0 | t_u: 0/0) -> {'max_bond': 51, 'max_links': 4, 'total_elems': 9016, 'total_shapes': 266, 'total_links': 30, 'num_tensors': 8}
2026-06-05T23:14:54+0100 [INFO] [49L/172](swap: 1, u: 0 | c_u: 0 | t_u_l: 0/0 | t_u_r: 0/0 | t_u: 0/0) -> {'max_bond': 49, 'max_links': 4, 'total_elems': 8744, 'total_shapes': 262, 'total_links': 30, 'num_tensors': 8}
2026-06-05T23:14:56+0100 [INFO] [50L/172](swap: 0, u: 0 | c_u: 0 | t_u_l: 0/0 | t_u_r: 0/0 | t_u: 0/0) -> {'max_bond': 50, 'max_links': 4, 'total_elems': 8880, 'total_shapes': 264, 'total_links': 30, 'num_tensors': 8}
2026-06-05T23:14:57+0100 [INFO] [51L/172](swap: 1, u: 0 | c_u: 0 | t_u_l: 0/0 | t_u_r: 0/0 | t_u: 0/0) -> {'max_bond': 49, 'max_links': 4, 'total_elems': 8744, 'total_shapes': 262, 'total_links': 30, 'num_tensors': 8}
2026-06-05T23:14:58+0100 [INFO] [52L/172](swap: 0, u: 0 | c_u: 0 | t_u_l: 0/0 | t_u_r: 0/0 | t_u: 0/0) -> {'max_bond': 48, 'max_links': 4, 'total_elems': 8608, 'total_shapes': 260, 'total_links': 30, 'num_tensors': 8}
2026-06-05T23:14:59+0100 [INFO] [53L/172](swap: 1, u: 0 | c_u: 0 | t_u_l: 0/0 | t_u_r: 0/0 | t_u: 0/0) -> {'max_bond': 48, 'max_links': 4, 'total_elems': 8608, 'total_shapes': 260, 'total_links': 30, 'num_tensors': 8}
2026-06-05T23:15:01+0100 [INFO] [54L/172](swap: 1, u: 0 | c_u: 0 | t_u_l: 0/0 | t_u_r: 0/0 | t_u: 0/0) -> {'max_bond': 31, 'max_links': 4, 'total_elems': 6296, 'total_shapes': 226, 'total_links': 30, 'num_tensors': 8}
2026-06-05T23:15:02+0100 [INFO] [55L/172](swap: 0, u: 0 | c_u: 0 | t_u_l: 0/0 | t_u_r: 0/0 | t_u: 0/0) -> {'max_bond': 30, 'max_links': 4, 'total_elems': 7448, 'total_shapes': 238, 'total_links': 30, 'num_tensors': 8}
2026-06-05T23:15:04+0100 [INFO] [56L/172](swap: 0, u: 0 | c_u: 0 | t_u_l: 0/0 | t_u_r: 0/0 | t_u: 0/0) -> {'max_bond': 29, 'max_links': 4, 'total_elems': 6924, 'total_shapes': 232, 'total_links': 30, 'num_tensors': 8}
2026-06-05T23:15:06+0100 [INFO] [57L/172](swap: 0, u: 0 | c_u: 0 | t_u_l: 0/0 | t_u_r: 0/0 | t_u: 0/0) -> {'max_bond': 28, 'max_links': 4, 'total_elems': 6416, 'total_shapes': 226, 'total_links': 30, 'num_tensors': 8}
2026-06-05T23:15:07+0100 [INFO] [58L/172](swap: 1, u: 0 | c_u: 0 | t_u_l: 0/0 | t_u_r: 0/0 | t_u: 0/0) -> {'max_bond': 28, 'max_links': 4, 'total_elems': 6240, 'total_shapes': 224, 'total_links': 30, 'num_tensors': 8}
2026-06-05T23:15:08+0100 [INFO] [45R/146](swap: 1, u: 0 | c_u: 0 | t_u_l: 0/0 | t_u_r: 0/0 | t_u: 0/0) -> {'max_bond': 32, 'max_links': 4, 'total_elems': 8352, 'total_shapes': 248, 'total_links': 30, 'num_tensors': 8}
2026-06-05T23:15:12+0100 [INFO] [46R/146](swap: 3, u: 0 | c_u: 0 | t_u_l: 0/0 | t_u_r: 0/0 | t_u: 0/0) -> {'max_bond': 34, 'max_links': 4, 'total_elems': 10464, 'total_shapes': 272, 'total_links': 30, 'num_tensors': 8}
2026-06-05T23:15:16+0100 [INFO] [59L/172](swap: 0, u: 0 | c_u: 0 | t_u_l: 0/0 | t_u_r: 0/0 | t_u: 0/0) -> {'max_bond': 52, 'max_links': 4, 'total_elems': 13744, 'total_shapes': 314, 'total_links': 30, 'num_tensors': 8}
2026-06-05T23:15:20+0100 [INFO] [60L/172](swap: 1, u: 0 | c_u: 0 | t_u_l: 0/0 | t_u_r: 0/0 | t_u: 0/0) -> {'max_bond': 49, 'max_links': 4, 'total_elems': 12928, 'total_shapes': 304, 'total_links': 30, 'num_tensors': 8}
2026-06-05T23:15:22+0100 [INFO] [61L/172](swap: 0, u: 0 | c_u: 0 | t_u_l: 0/0 | t_u_r: 0/0 | t_u: 0/0) -> {'max_bond': 46, 'max_links': 4, 'total_elems': 13040, 'total_shapes': 310, 'total_links': 30, 'num_tensors': 8}
2026-06-05T23:15:24+0100 [INFO] [62L/172](swap: 0, u: 0 | c_u: 0 | t_u_l: 0/0 | t_u_r: 0/0 | t_u: 0/0) -> {'max_bond': 45, 'max_links': 4, 'total_elems': 12688, 'total_shapes': 306, 'total_links': 30, 'num_tensors': 8}
2026-06-05T23:15:25+0100 [INFO] [63L/172](swap: 1, u: 0 | c_u: 0 | t_u_l: 0/0 | t_u_r: 0/0 | t_u: 0/0) -> {'max_bond': 44, 'max_links': 4, 'total_elems': 12864, 'total_shapes': 308, 'total_links': 30, 'num_tensors': 8}
2026-06-05T23:15:27+0100 [INFO] [64L/172](swap: 0, u: 0 | c_u: 0 | t_u_l: 0/0 | t_u_r: 0/0 | t_u: 0/0) -> {'max_bond': 43, 'max_links': 4, 'total_elems': 12160, 'total_shapes': 300, 'total_links': 30, 'num_tensors': 8}
2026-06-05T23:15:29+0100 [INFO] [47R/146](swap: 2, u: 0 | c_u: 0 | t_u_l: 0/0 | t_u_r: 0/0 | t_u: 0/0) -> {'max_bond': 42, 'max_links': 4, 'total_elems': 11632, 'total_shapes': 294, 'total_links': 30, 'num_tensors': 8}
2026-06-05T23:15:30+0100 [INFO] [65L/172](swap: 0, u: 0 | c_u: 0 | t_u_l: 0/0 | t_u_r: 0/0 | t_u: 0/0) -> {'max_bond': 42, 'max_links': 4, 'total_elems': 11456, 'total_shapes': 292, 'total_links': 30, 'num_tensors': 8}
2026-06-05T23:15:30+0100 [INFO] [66L/172](swap: 0, u: 0 | c_u: 0 | t_u_l: 0/0 | t_u_r: 0/0 | t_u: 0/0) -> {'max_bond': 42, 'max_links': 4, 'total_elems': 11456, 'total_shapes': 292, 'total_links': 30, 'num_tensors': 8}
2026-06-05T23:15:31+0100 [INFO] [67L/172](swap: 0, u: 0 | c_u: 0 | t_u_l: 0/0 | t_u_r: 0/0 | t_u: 0/0) -> {'max_bond': 42, 'max_links': 4, 'total_elems': 11456, 'total_shapes': 292, 'total_links': 30, 'num_tensors': 8}
2026-06-05T23:15:31+0100 [INFO] [68L/172](swap: 0, u: 0 | c_u: 0 | t_u_l: 0/0 | t_u_r: 0/0 | t_u: 0/0) -> {'max_bond': 42, 'max_links': 4, 'total_elems': 11456, 'total_shapes': 292, 'total_links': 30, 'num_tensors': 8}
2026-06-05T23:15:31+0100 [INFO] [69L/172](swap: 1, u: 0 | c_u: 0 | t_u_l: 0/0 | t_u_r: 0/0 | t_u: 0/0) -> {'max_bond': 42, 'max_links': 4, 'total_elems': 11456, 'total_shapes': 292, 'total_links': 30, 'num_tensors': 8}
2026-06-05T23:15:32+0100 [INFO] [70L/172](swap: 0, u: 0 | c_u: 0 | t_u_l: 0/0 | t_u_r: 0/0 | t_u: 0/0) -> {'max_bond': 42, 'max_links': 4, 'total_elems': 10688, 'total_shapes': 276, 'total_links': 30, 'num_tensors': 8}
2026-06-05T23:15:32+0100 [INFO] [71L/172](swap: 0, u: 0 | c_u: 0 | t_u_l: 0/0 | t_u_r: 0/0 | t_u: 0/0) -> {'max_bond': 42, 'max_links': 4, 'total_elems': 10688, 'total_shapes': 276, 'total_links': 30, 'num_tensors': 8}
2026-06-05T23:15:33+0100 [INFO] [72L/172](swap: 1, u: 0 | c_u: 0 | t_u_l: 0/0 | t_u_r: 0/0 | t_u: 0/0) -> {'max_bond': 42, 'max_links': 4, 'total_elems': 10688, 'total_shapes': 276, 'total_links': 30, 'num_tensors': 8}
2026-06-05T23:15:33+0100 [INFO] [73L/172](swap: 1, u: 0 | c_u: 0 | t_u_l: 0/0 | t_u_r: 0/0 | t_u: 0/0) -> {'max_bond': 41, 'max_links': 4, 'total_elems': 9792, 'total_shapes': 264, 'total_links': 30, 'num_tensors': 8}
2026-06-05T23:15:34+0100 [INFO] [48R/146](swap: 0, u: 0 | c_u: 0 | t_u_l: 0/0 | t_u_r: 0/0 | t_u: 0/0) -> {'max_bond': 43, 'max_links': 4, 'total_elems': 9772, 'total_shapes': 264, 'total_links': 30, 'num_tensors': 8}
2026-06-05T23:15:34+0100 [INFO] [49R/146](swap: 0, u: 0 | c_u: 0 | t_u_l: 0/0 | t_u_r: 0/0 | t_u: 0/0) -> {'max_bond': 41, 'max_links': 4, 'total_elems': 9428, 'total_shapes': 260, 'total_links': 30, 'num_tensors': 8}
2026-06-05T23:15:34+0100 [INFO] [50R/146](swap: 0, u: 0 | c_u: 0 | t_u_l: 0/0 | t_u_r: 0/0 | t_u: 0/0) -> {'max_bond': 41, 'max_links': 4, 'total_elems': 9428, 'total_shapes': 260, 'total_links': 30, 'num_tensors': 8}
2026-06-05T23:15:34+0100 [INFO] [74L/172](swap: 0, u: 0 | c_u: 0 | t_u_l: 0/0 | t_u_r: 0/0 | t_u: 0/0) -> {'max_bond': 41, 'max_links': 4, 'total_elems': 10004, 'total_shapes': 276, 'total_links': 30, 'num_tensors': 8}
2026-06-05T23:15:35+0100 [INFO] [75L/172](swap: 0, u: 0 | c_u: 0 | t_u_l: 0/0 | t_u_r: 0/0 | t_u: 0/0) -> {'max_bond': 41, 'max_links': 4, 'total_elems': 10004, 'total_shapes': 276, 'total_links': 30, 'num_tensors': 8}
2026-06-05T23:15:36+0100 [INFO] [76L/172](swap: 1, u: 0 | c_u: 0 | t_u_l: 0/0 | t_u_r: 0/0 | t_u: 0/0) -> {'max_bond': 41, 'max_links': 4, 'total_elems': 10004, 'total_shapes': 276, 'total_links': 30, 'num_tensors': 8}
2026-06-05T23:15:37+0100 [INFO] [77L/172](swap: 1, u: 0 | c_u: 0 | t_u_l: 0/0 | t_u_r: 0/0 | t_u: 0/0) -> {'max_bond': 41, 'max_links': 4, 'total_elems': 9428, 'total_shapes': 260, 'total_links': 30, 'num_tensors': 8}
2026-06-05T23:15:39+0100 [INFO] [78L/172](swap: 1, u: 0 | c_u: 0 | t_u_l: 0/0 | t_u_r: 0/0 | t_u: 0/0) -> {'max_bond': 41, 'max_links': 4, 'total_elems': 9708, 'total_shapes': 264, 'total_links': 30, 'num_tensors': 8}
2026-06-05T23:15:42+0100 [INFO] [51R/146](swap: 2, u: 0 | c_u: 0 | t_u_l: 0/0 | t_u_r: 0/0 | t_u: 0/0) -> {'max_bond': 56, 'max_links': 4, 'total_elems': 12008, 'total_shapes': 290, 'total_links': 30, 'num_tensors': 8}
2026-06-05T23:15:45+0100 [INFO] [52R/146](swap: 1, u: 0 | c_u: 0 | t_u_l: 0/0 | t_u_r: 0/0 | t_u: 0/0) -> {'max_bond': 52, 'max_links': 4, 'total_elems': 11180, 'total_shapes': 280, 'total_links': 30, 'num_tensors': 8}
2026-06-05T23:15:47+0100 [INFO] [53R/146](swap: 1, u: 0 | c_u: 0 | t_u_l: 0/0 | t_u_r: 0/0 | t_u: 0/0) -> {'max_bond': 50, 'max_links': 4, 'total_elems': 10696, 'total_shapes': 274, 'total_links': 30, 'num_tensors': 8}
2026-06-05T23:15:49+0100 [INFO] [54R/146](swap: 1, u: 0 | c_u: 0 | t_u_l: 0/0 | t_u_r: 0/0 | t_u: 0/0) -> {'max_bond': 48, 'max_links': 4, 'total_elems': 13152, 'total_shapes': 310, 'total_links': 30, 'num_tensors': 8}
2026-06-05T23:15:52+0100 [INFO] [55R/146](swap: 1, u: 0 | c_u: 0 | t_u_l: 0/0 | t_u_r: 0/0 | t_u: 0/0) -> {'max_bond': 46, 'max_links': 4, 'total_elems': 16364, 'total_shapes': 328, 'total_links': 30, 'num_tensors': 8}
2026-06-05T23:15:56+0100 [INFO] [56R/146](swap: 1, u: 0 | c_u: 0 | t_u_l: 0/0 | t_u_r: 0/0 | t_u: 0/0) -> {'max_bond': 64, 'max_links': 4, 'total_elems': 18804, 'total_shapes': 356, 'total_links': 30, 'num_tensors': 8}
2026-06-05T23:16:05+0100 [INFO] [57R/146](swap: 0, u: 0 | c_u: 0 | t_u_l: 0/0 | t_u_r: 0/0 | t_u: 0/0) -> {'max_bond': 64, 'max_links': 4, 'total_elems': 24504, 'total_shapes': 386, 'total_links': 30, 'num_tensors': 8}
2026-06-05T23:16:12+0100 [INFO] [58R/146](swap: 0, u: 0 | c_u: 0 | t_u_l: 0/0 | t_u_r: 0/0 | t_u: 0/0) -> {'max_bond': 64, 'max_links': 4, 'total_elems': 23744, 'total_shapes': 382, 'total_links': 30, 'num_tensors': 8}
2026-06-05T23:16:18+0100 [INFO] [59R/146](swap: 1, u: 0 | c_u: 0 | t_u_l: 0/0 | t_u_r: 0/0 | t_u: 0/0) -> {'max_bond': 64, 'max_links': 4, 'total_elems': 23364, 'total_shapes': 380, 'total_links': 30, 'num_tensors': 8}
2026-06-05T23:16:21+0100 [INFO] [60R/146](swap: 0, u: 0 | c_u: 0 | t_u_l: 0/0 | t_u_r: 0/0 | t_u: 0/0) -> {'max_bond': 51, 'max_links': 4, 'total_elems': 19760, 'total_shapes': 352, 'total_links': 30, 'num_tensors': 8}
2026-06-05T23:16:24+0100 [INFO] [61R/146](swap: 0, u: 0 | c_u: 0 | t_u_l: 0/0 | t_u_r: 0/0 | t_u: 0/0) -> {'max_bond': 48, 'max_links': 4, 'total_elems': 12696, 'total_shapes': 306, 'total_links': 30, 'num_tensors': 8}
2026-06-05T23:16:27+0100 [INFO] [62R/146](swap: 0, u: 0 | c_u: 0 | t_u_l: 0/0 | t_u_r: 0/0 | t_u: 0/0) -> {'max_bond': 46, 'max_links': 4, 'total_elems': 12052, 'total_shapes': 300, 'total_links': 30, 'num_tensors': 8}
2026-06-05T23:16:30+0100 [INFO] [63R/146](swap: 0, u: 0 | c_u: 0 | t_u_l: 0/0 | t_u_r: 0/0 | t_u: 0/0) -> {'max_bond': 44, 'max_links': 4, 'total_elems': 11424, 'total_shapes': 294, 'total_links': 30, 'num_tensors': 8}
2026-06-05T23:16:33+0100 [INFO] [64R/146](swap: 0, u: 0 | c_u: 0 | t_u_l: 0/0 | t_u_r: 0/0 | t_u: 0/0) -> {'max_bond': 43, 'max_links': 4, 'total_elems': 14224, 'total_shapes': 312, 'total_links': 30, 'num_tensors': 8}
2026-06-05T23:16:38+0100 [INFO] [65R/146](swap: 1, u: 0 | c_u: 0 | t_u_l: 0/0 | t_u_r: 0/0 | t_u: 0/0) -> {'max_bond': 42, 'max_links': 4, 'total_elems': 10788, 'total_shapes': 276, 'total_links': 30, 'num_tensors': 8}
2026-06-05T23:16:42+0100 [INFO] [66R/146](swap: 2, u: 0 | c_u: 0 | t_u_l: 0/0 | t_u_r: 0/0 | t_u: 0/0) -> {'max_bond': 41, 'max_links': 4, 'total_elems': 7592, 'total_shapes': 244, 'total_links': 30, 'num_tensors': 8}
2026-06-05T23:16:43+0100 [INFO] [67R/146](swap: 1, u: 0 | c_u: 0 | t_u_l: 0/0 | t_u_r: 0/0 | t_u: 0/0) -> {'max_bond': 40, 'max_links': 4, 'total_elems': 6268, 'total_shapes': 224, 'total_links': 30, 'num_tensors': 8}
2026-06-05T23:16:43+0100 [INFO] [68R/146](swap: 0, u: 0 | c_u: 0 | t_u_l: 0/0 | t_u_r: 0/0 | t_u: 0/0) -> {'max_bond': 40, 'max_links': 4, 'total_elems': 5784, 'total_shapes': 218, 'total_links': 30, 'num_tensors': 8}
2026-06-05T23:16:44+0100 [INFO] [69R/146](swap: 1, u: 0 | c_u: 0 | t_u_l: 0/0 | t_u_r: 0/0 | t_u: 0/0) -> {'max_bond': 27, 'max_links': 4, 'total_elems': 4128, 'total_shapes': 190, 'total_links': 30, 'num_tensors': 8}
2026-06-05T23:16:44+0100 [INFO] [70R/146](swap: 0, u: 0 | c_u: 0 | t_u_l: 0/0 | t_u_r: 0/0 | t_u: 0/0) -> {'max_bond': 24, 'max_links': 4, 'total_elems': 3792, 'total_shapes': 184, 'total_links': 30, 'num_tensors': 8}
2026-06-05T23:16:44+0100 [INFO] [71R/146](swap: 1, u: 0 | c_u: 0 | t_u_l: 0/0 | t_u_r: 0/0 | t_u: 0/0) -> {'max_bond': 40, 'max_links': 4, 'total_elems': 5584, 'total_shapes': 216, 'total_links': 30, 'num_tensors': 8}
2026-06-05T23:16:45+0100 [INFO] [72R/146](swap: 0, u: 0 | c_u: 0 | t_u_l: 0/0 | t_u_r: 0/0 | t_u: 0/0) -> {'max_bond': 40, 'max_links': 4, 'total_elems': 5584, 'total_shapes': 216, 'total_links': 30, 'num_tensors': 8}
2026-06-05T23:16:45+0100 [INFO] [73R/146](swap: 0, u: 0 | c_u: 0 | t_u_l: 0/0 | t_u_r: 0/0 | t_u: 0/0) -> {'max_bond': 40, 'max_links': 4, 'total_elems': 5584, 'total_shapes': 216, 'total_links': 30, 'num_tensors': 8}
2026-06-05T23:16:46+0100 [INFO] [74R/146](swap: 1, u: 0 | c_u: 0 | t_u_l: 0/0 | t_u_r: 0/0 | t_u: 0/0) -> {'max_bond': 26, 'max_links': 4, 'total_elems': 4016, 'total_shapes': 188, 'total_links': 30, 'num_tensors': 8}
2026-06-05T23:16:46+0100 [INFO] [75R/146](swap: 0, u: 0 | c_u: 0 | t_u_l: 0/0 | t_u_r: 0/0 | t_u: 0/0) -> {'max_bond': 24, 'max_links': 4, 'total_elems': 3792, 'total_shapes': 184, 'total_links': 30, 'num_tensors': 8}
2026-06-05T23:16:46+0100 [INFO] [76R/146](swap: 1, u: 0 | c_u: 0 | t_u_l: 0/0 | t_u_r: 0/0 | t_u: 0/0) -> {'max_bond': 24, 'max_links': 4, 'total_elems': 4152, 'total_shapes': 194, 'total_links': 30, 'num_tensors': 8}
2026-06-05T23:16:46+0100 [INFO] [77R/146](swap: 0, u: 0 | c_u: 0 | t_u_l: 0/0 | t_u_r: 0/0 | t_u: 0/0) -> {'max_bond': 24, 'max_links': 4, 'total_elems': 3472, 'total_shapes': 184, 'total_links': 30, 'num_tensors': 8}
2026-06-05T23:16:46+0100 [INFO] [78R/146](swap: 0, u: 0 | c_u: 0 | t_u_l: 0/0 | t_u_r: 0/0 | t_u: 0/0) -> {'max_bond': 20, 'max_links': 4, 'total_elems': 2768, 'total_shapes': 170, 'total_links': 30, 'num_tensors': 8}
2026-06-05T23:16:46+0100 [INFO] [79R/146](swap: 1, u: 0 | c_u: 0 | t_u_l: 0/0 | t_u_r: 0/0 | t_u: 0/0) -> {'max_bond': 20, 'max_links': 4, 'total_elems': 2576, 'total_shapes': 162, 'total_links': 30, 'num_tensors': 8}
2026-06-05T23:16:46+0100 [INFO] [80R/146](swap: 2, u: 0 | c_u: 0 | t_u_l: 0/0 | t_u_r: 0/0 | t_u: 0/0) -> {'max_bond': 20, 'max_links': 4, 'total_elems': 2680, 'total_shapes': 166, 'total_links': 30, 'num_tensors': 8}
2026-06-05T23:16:46+0100 [INFO] [81R/146](swap: 0, u: 0 | c_u: 0 | t_u_l: 0/0 | t_u_r: 0/0 | t_u: 0/0) -> {'max_bond': 20, 'max_links': 4, 'total_elems': 2680, 'total_shapes': 166, 'total_links': 30, 'num_tensors': 8}
2026-06-05T23:16:46+0100 [INFO] [82R/146](swap: 1, u: 0 | c_u: 0 | t_u_l: 0/0 | t_u_r: 0/0 | t_u: 0/0) -> {'max_bond': 20, 'max_links': 4, 'total_elems': 2624, 'total_shapes': 164, 'total_links': 30, 'num_tensors': 8}
2026-06-05T23:16:46+0100 [INFO] [83R/146](swap: 1, u: 0 | c_u: 0 | t_u_l: 0/0 | t_u_r: 0/0 | t_u: 0/0) -> {'max_bond': 20, 'max_links': 4, 'total_elems': 2336, 'total_shapes': 158, 'total_links': 30, 'num_tensors': 8}
2026-06-05T23:16:46+0100 [INFO] [84R/146](swap: 0, u: 0 | c_u: 0 | t_u_l: 0/0 | t_u_r: 0/0 | t_u: 0/0) -> {'max_bond': 20, 'max_links': 4, 'total_elems': 2240, 'total_shapes': 156, 'total_links': 30, 'num_tensors': 8}
2026-06-05T23:16:46+0100 [INFO] [85R/146](swap: 1, u: 0 | c_u: 0 | t_u_l: 0/0 | t_u_r: 0/0 | t_u: 0/0) -> {'max_bond': 20, 'max_links': 4, 'total_elems': 2520, 'total_shapes': 166, 'total_links': 30, 'num_tensors': 8}
2026-06-05T23:16:46+0100 [INFO] [86R/146](swap: 1, u: 0 | c_u: 0 | t_u_l: 0/0 | t_u_r: 0/0 | t_u: 0/0) -> {'max_bond': 20, 'max_links': 4, 'total_elems': 2464, 'total_shapes': 164, 'total_links': 30, 'num_tensors': 8}
2026-06-05T23:16:46+0100 [INFO] [87R/146](swap: 1, u: 0 | c_u: 0 | t_u_l: 0/0 | t_u_r: 0/0 | t_u: 0/0) -> {'max_bond': 20, 'max_links': 4, 'total_elems': 2976, 'total_shapes': 180, 'total_links': 30, 'num_tensors': 8}
2026-06-05T23:16:46+0100 [INFO] [88R/146](swap: 0, u: 0 | c_u: 0 | t_u_l: 0/0 | t_u_r: 0/0 | t_u: 0/0) -> {'max_bond': 20, 'max_links': 4, 'total_elems': 2976, 'total_shapes': 180, 'total_links': 30, 'num_tensors': 8}
2026-06-05T23:16:46+0100 [INFO] [89R/146](swap: 0, u: 0 | c_u: 0 | t_u_l: 0/0 | t_u_r: 0/0 | t_u: 0/0) -> {'max_bond': 20, 'max_links': 4, 'total_elems': 2976, 'total_shapes': 180, 'total_links': 30, 'num_tensors': 8}
2026-06-05T23:16:46+0100 [INFO] [90R/146](swap: 0, u: 0 | c_u: 0 | t_u_l: 0/0 | t_u_r: 0/0 | t_u: 0/0) -> {'max_bond': 20, 'max_links': 4, 'total_elems': 2976, 'total_shapes': 180, 'total_links': 30, 'num_tensors': 8}
2026-06-05T23:16:46+0100 [INFO] [91R/146](swap: 0, u: 0 | c_u: 0 | t_u_l: 0/0 | t_u_r: 0/0 | t_u: 0/0) -> {'max_bond': 20, 'max_links': 4, 'total_elems': 2976, 'total_shapes': 180, 'total_links': 30, 'num_tensors': 8}
2026-06-05T23:16:46+0100 [INFO] [92R/146](swap: 1, u: 0 | c_u: 0 | t_u_l: 0/0 | t_u_r: 0/0 | t_u: 0/0) -> {'max_bond': 20, 'max_links': 4, 'total_elems': 2464, 'total_shapes': 164, 'total_links': 30, 'num_tensors': 8}
2026-06-05T23:16:46+0100 [INFO] [93R/146](swap: 0, u: 0 | c_u: 0 | t_u_l: 0/0 | t_u_r: 0/0 | t_u: 0/0) -> {'max_bond': 20, 'max_links': 4, 'total_elems': 2464, 'total_shapes': 164, 'total_links': 30, 'num_tensors': 8}
2026-06-05T23:16:46+0100 [INFO] [94R/146](swap: 1, u: 0 | c_u: 0 | t_u_l: 0/0 | t_u_r: 0/0 | t_u: 0/0) -> {'max_bond': 20, 'max_links': 4, 'total_elems': 2464, 'total_shapes': 164, 'total_links': 30, 'num_tensors': 8}
2026-06-05T23:16:46+0100 [INFO] [95R/146](swap: 0, u: 0 | c_u: 0 | t_u_l: 0/0 | t_u_r: 0/0 | t_u: 0/0) -> {'max_bond': 20, 'max_links': 4, 'total_elems': 2352, 'total_shapes': 160, 'total_links': 30, 'num_tensors': 8}
2026-06-05T23:16:46+0100 [INFO] [96R/146](swap: 0, u: 0 | c_u: 0 | t_u_l: 0/0 | t_u_r: 0/0 | t_u: 0/0) -> {'max_bond': 20, 'max_links': 4, 'total_elems': 2352, 'total_shapes': 160, 'total_links': 30, 'num_tensors': 8}
2026-06-05T23:16:46+0100 [INFO] [97R/146](swap: 0, u: 0 | c_u: 0 | t_u_l: 0/0 | t_u_r: 0/0 | t_u: 0/0) -> {'max_bond': 20, 'max_links': 4, 'total_elems': 2352, 'total_shapes': 160, 'total_links': 30, 'num_tensors': 8}
2026-06-05T23:16:46+0100 [INFO] [98R/146](swap: 1, u: 0 | c_u: 0 | t_u_l: 0/0 | t_u_r: 0/0 | t_u: 0/0) -> {'max_bond': 20, 'max_links': 4, 'total_elems': 2352, 'total_shapes': 160, 'total_links': 30, 'num_tensors': 8}
2026-06-05T23:16:46+0100 [INFO] [99R/146](swap: 1, u: 0 | c_u: 0 | t_u_l: 0/0 | t_u_r: 0/0 | t_u: 0/0) -> {'max_bond': 20, 'max_links': 4, 'total_elems': 2632, 'total_shapes': 170, 'total_links': 30, 'num_tensors': 8}
2026-06-05T23:16:46+0100 [INFO] [100R/146](swap: 1, u: 0 | c_u: 0 | t_u_l: 0/0 | t_u_r: 0/0 | t_u: 0/0) -> {'max_bond': 20, 'max_links': 4, 'total_elems': 3320, 'total_shapes': 178, 'total_links': 30, 'num_tensors': 8}
2026-06-05T23:16:46+0100 [INFO] [101R/146](swap: 0, u: 0 | c_u: 0 | t_u_l: 0/0 | t_u_r: 0/0 | t_u: 0/0) -> {'max_bond': 35, 'max_links': 4, 'total_elems': 4604, 'total_shapes': 206, 'total_links': 30, 'num_tensors': 8}
2026-06-05T23:16:46+0100 [INFO] [102R/146](swap: 0, u: 0 | c_u: 0 | t_u_l: 0/0 | t_u_r: 0/0 | t_u: 0/0) -> {'max_bond': 32, 'max_links': 4, 'total_elems': 4328, 'total_shapes': 200, 'total_links': 30, 'num_tensors': 8}
2026-06-05T23:16:47+0100 [INFO] [103R/146](swap: 1, u: 0 | c_u: 0 | t_u_l: 0/0 | t_u_r: 0/0 | t_u: 0/0) -> {'max_bond': 31, 'max_links': 4, 'total_elems': 4656, 'total_shapes': 204, 'total_links': 30, 'num_tensors': 8}
2026-06-05T23:16:47+0100 [INFO] [104R/146](swap: 2, u: 0 | c_u: 0 | t_u_l: 0/0 | t_u_r: 0/0 | t_u: 0/0) -> {'max_bond': 34, 'max_links': 4, 'total_elems': 4816, 'total_shapes': 206, 'total_links': 30, 'num_tensors': 8}
2026-06-05T23:16:47+0100 [INFO] [105R/146](swap: 1, u: 0 | c_u: 0 | t_u_l: 0/0 | t_u_r: 0/0 | t_u: 0/0) -> {'max_bond': 32, 'max_links': 4, 'total_elems': 6016, 'total_shapes': 218, 'total_links': 30, 'num_tensors': 8}
2026-06-05T23:16:48+0100 [INFO] [106R/146](swap: 0, u: 0 | c_u: 0 | t_u_l: 0/0 | t_u_r: 0/0 | t_u: 0/0) -> {'max_bond': 31, 'max_links': 4, 'total_elems': 5740, 'total_shapes': 214, 'total_links': 30, 'num_tensors': 8}
2026-06-05T23:16:49+0100 [INFO] [107R/146](swap: 0, u: 0 | c_u: 0 | t_u_l: 0/0 | t_u_r: 0/0 | t_u: 0/0) -> {'max_bond': 30, 'max_links': 4, 'total_elems': 5536, 'total_shapes': 212, 'total_links': 30, 'num_tensors': 8}
2026-06-05T23:16:49+0100 [INFO] [108R/146](swap: 0, u: 0 | c_u: 0 | t_u_l: 0/0 | t_u_r: 0/0 | t_u: 0/0) -> {'max_bond': 29, 'max_links': 4, 'total_elems': 5408, 'total_shapes': 210, 'total_links': 30, 'num_tensors': 8}
2026-06-05T23:16:50+0100 [INFO] [109R/146](swap: 2, u: 0 | c_u: 0 | t_u_l: 0/0 | t_u_r: 0/0 | t_u: 0/0) -> {'max_bond': 28, 'max_links': 4, 'total_elems': 5280, 'total_shapes': 208, 'total_links': 30, 'num_tensors': 8}
2026-06-05T23:16:50+0100 [INFO] [110R/146](swap: 0, u: 0 | c_u: 0 | t_u_l: 0/0 | t_u_r: 0/0 | t_u: 0/0) -> {'max_bond': 28, 'max_links': 4, 'total_elems': 6384, 'total_shapes': 228, 'total_links': 30, 'num_tensors': 8}
2026-06-05T23:16:51+0100 [INFO] [111R/146](swap: 0, u: 0 | c_u: 0 | t_u_l: 0/0 | t_u_r: 0/0 | t_u: 0/0) -> {'max_bond': 28, 'max_links': 4, 'total_elems': 6272, 'total_shapes': 226, 'total_links': 30, 'num_tensors': 8}
2026-06-05T23:16:53+0100 [INFO] [112R/146](swap: 0, u: 0 | c_u: 0 | t_u_l: 0/0 | t_u_r: 0/0 | t_u: 0/0) -> {'max_bond': 31, 'max_links': 4, 'total_elems': 6532, 'total_shapes': 230, 'total_links': 30, 'num_tensors': 8}
2026-06-05T23:16:54+0100 [INFO] [113R/146](swap: 1, u: 0 | c_u: 0 | t_u_l: 0/0 | t_u_r: 0/0 | t_u: 0/0) -> {'max_bond': 29, 'max_links': 4, 'total_elems': 6172, 'total_shapes': 224, 'total_links': 30, 'num_tensors': 8}
2026-06-05T23:16:55+0100 [INFO] [114R/146](swap: 0, u: 0 | c_u: 0 | t_u_l: 0/0 | t_u_r: 0/0 | t_u: 0/0) -> {'max_bond': 28, 'max_links': 4, 'total_elems': 6048, 'total_shapes': 222, 'total_links': 30, 'num_tensors': 8}
2026-06-05T23:16:55+0100 [INFO] [115R/146](swap: 0, u: 0 | c_u: 0 | t_u_l: 0/0 | t_u_r: 0/0 | t_u: 0/0) -> {'max_bond': 28, 'max_links': 4, 'total_elems': 6048, 'total_shapes': 222, 'total_links': 30, 'num_tensors': 8}
2026-06-05T23:16:57+0100 [INFO] [116R/146](swap: 0, u: 0 | c_u: 0 | t_u_l: 0/0 | t_u_r: 0/0 | t_u: 0/0) -> {'max_bond': 28, 'max_links': 4, 'total_elems': 6048, 'total_shapes': 222, 'total_links': 30, 'num_tensors': 8}
2026-06-05T23:16:57+0100 [INFO] [117R/146](swap: 0, u: 0 | c_u: 0 | t_u_l: 0/0 | t_u_r: 0/0 | t_u: 0/0) -> {'max_bond': 28, 'max_links': 4, 'total_elems': 6176, 'total_shapes': 224, 'total_links': 30, 'num_tensors': 8}
2026-06-05T23:16:58+0100 [INFO] [118R/146](swap: 0, u: 0 | c_u: 0 | t_u_l: 0/0 | t_u_r: 0/0 | t_u: 0/0) -> {'max_bond': 28, 'max_links': 4, 'total_elems': 6176, 'total_shapes': 224, 'total_links': 30, 'num_tensors': 8}
2026-06-05T23:16:59+0100 [INFO] [119R/146](swap: 2, u: 0 | c_u: 0 | t_u_l: 0/0 | t_u_r: 0/0 | t_u: 0/0) -> {'max_bond': 28, 'max_links': 4, 'total_elems': 6176, 'total_shapes': 224, 'total_links': 30, 'num_tensors': 8}
2026-06-05T23:17:00+0100 [INFO] [120R/146](swap: 0, u: 0 | c_u: 0 | t_u_l: 0/0 | t_u_r: 0/0 | t_u: 0/0) -> {'max_bond': 28, 'max_links': 4, 'total_elems': 5660, 'total_shapes': 216, 'total_links': 30, 'num_tensors': 8}
2026-06-05T23:17:00+0100 [INFO] [121R/146](swap: 0, u: 0 | c_u: 0 | t_u_l: 0/0 | t_u_r: 0/0 | t_u: 0/0) -> {'max_bond': 28, 'max_links': 4, 'total_elems': 5552, 'total_shapes': 214, 'total_links': 30, 'num_tensors': 8}
2026-06-05T23:17:01+0100 [INFO] [122R/146](swap: 0, u: 0 | c_u: 0 | t_u_l: 0/0 | t_u_r: 0/0 | t_u: 0/0) -> {'max_bond': 28, 'max_links': 4, 'total_elems': 5444, 'total_shapes': 212, 'total_links': 30, 'num_tensors': 8}
2026-06-05T23:17:01+0100 [INFO] [123R/146](swap: 1, u: 0 | c_u: 0 | t_u_l: 0/0 | t_u_r: 0/0 | t_u: 0/0) -> {'max_bond': 33, 'max_links': 4, 'total_elems': 6064, 'total_shapes': 222, 'total_links': 30, 'num_tensors': 8}
2026-06-05T23:17:02+0100 [INFO] [124R/146](swap: 1, u: 0 | c_u: 0 | t_u_l: 0/0 | t_u_r: 0/0 | t_u: 0/0) -> {'max_bond': 30, 'max_links': 4, 'total_elems': 5344, 'total_shapes': 210, 'total_links': 30, 'num_tensors': 8}
2026-06-05T23:17:03+0100 [INFO] [125R/146](swap: 0, u: 0 | c_u: 0 | t_u_l: 0/0 | t_u_r: 0/0 | t_u: 0/0) -> {'max_bond': 27, 'max_links': 4, 'total_elems': 4872, 'total_shapes': 202, 'total_links': 30, 'num_tensors': 8}
2026-06-05T23:17:03+0100 [INFO] [126R/146](swap: 1, u: 0 | c_u: 0 | t_u_l: 0/0 | t_u_r: 0/0 | t_u: 0/0) -> {'max_bond': 25, 'max_links': 4, 'total_elems': 4532, 'total_shapes': 196, 'total_links': 30, 'num_tensors': 8}
2026-06-05T23:17:04+0100 [INFO] [127R/146](swap: 1, u: 0 | c_u: 0 | t_u_l: 0/0 | t_u_r: 0/0 | t_u: 0/0) -> {'max_bond': 22, 'max_links': 4, 'total_elems': 4284, 'total_shapes': 192, 'total_links': 30, 'num_tensors': 8}
2026-06-05T23:17:04+0100 [INFO] [128R/146](swap: 1, u: 0 | c_u: 0 | t_u_l: 0/0 | t_u_r: 0/0 | t_u: 0/0) -> {'max_bond': 19, 'max_links': 4, 'total_elems': 3408, 'total_shapes': 176, 'total_links': 30, 'num_tensors': 8}
2026-06-05T23:17:05+0100 [INFO] [129R/146](swap: 1, u: 0 | c_u: 0 | t_u_l: 0/0 | t_u_r: 0/0 | t_u: 0/0) -> {'max_bond': 16, 'max_links': 4, 'total_elems': 1952, 'total_shapes': 148, 'total_links': 30, 'num_tensors': 8}
2026-06-05T23:17:05+0100 [INFO] [130R/146](swap: 2, u: 0 | c_u: 0 | t_u_l: 0/0 | t_u_r: 0/0 | t_u: 0/0) -> {'max_bond': 14, 'max_links': 4, 'total_elems': 1520, 'total_shapes': 136, 'total_links': 30, 'num_tensors': 8}
2026-06-05T23:17:05+0100 [INFO] [131R/146](swap: 0, u: 0 | c_u: 0 | t_u_l: 0/0 | t_u_r: 0/0 | t_u: 0/0) -> {'max_bond': 13, 'max_links': 4, 'total_elems': 1464, 'total_shapes': 134, 'total_links': 30, 'num_tensors': 8}
2026-06-05T23:17:05+0100 [INFO] [132R/146](swap: 0, u: 0 | c_u: 0 | t_u_l: 0/0 | t_u_r: 0/0 | t_u: 0/0) -> {'max_bond': 12, 'max_links': 4, 'total_elems': 1408, 'total_shapes': 132, 'total_links': 30, 'num_tensors': 8}
2026-06-05T23:17:05+0100 [INFO] [133R/146](swap: 0, u: 0 | c_u: 0 | t_u_l: 0/0 | t_u_r: 0/0 | t_u: 0/0) -> {'max_bond': 14, 'max_links': 4, 'total_elems': 1520, 'total_shapes': 136, 'total_links': 30, 'num_tensors': 8}
2026-06-05T23:17:05+0100 [INFO] [134R/146](swap: 0, u: 0 | c_u: 0 | t_u_l: 0/0 | t_u_r: 0/0 | t_u: 0/0) -> {'max_bond': 13, 'max_links': 4, 'total_elems': 1464, 'total_shapes': 134, 'total_links': 30, 'num_tensors': 8}
2026-06-05T23:17:05+0100 [INFO] [135R/146](swap: 1, u: 0 | c_u: 0 | t_u_l: 0/0 | t_u_r: 0/0 | t_u: 0/0) -> {'max_bond': 16, 'max_links': 4, 'total_elems': 1632, 'total_shapes': 140, 'total_links': 30, 'num_tensors': 8}
2026-06-05T23:17:05+0100 [INFO] [136R/146](swap: 0, u: 0 | c_u: 0 | t_u_l: 0/0 | t_u_r: 0/0 | t_u: 0/0) -> {'max_bond': 16, 'max_links': 4, 'total_elems': 2272, 'total_shapes': 156, 'total_links': 30, 'num_tensors': 8}
2026-06-05T23:17:05+0100 [INFO] [137R/146](swap: 0, u: 0 | c_u: 0 | t_u_l: 0/0 | t_u_r: 0/0 | t_u: 0/0) -> {'max_bond': 19, 'max_links': 4, 'total_elems': 2648, 'total_shapes': 166, 'total_links': 30, 'num_tensors': 8}
2026-06-05T23:17:05+0100 [INFO] [138R/146](swap: 0, u: 0 | c_u: 0 | t_u_l: 0/0 | t_u_r: 0/0 | t_u: 0/0) -> {'max_bond': 18, 'max_links': 4, 'total_elems': 2560, 'total_shapes': 164, 'total_links': 30, 'num_tensors': 8}
2026-06-05T23:17:05+0100 [INFO] [139R/146](swap: 0, u: 0 | c_u: 0 | t_u_l: 0/0 | t_u_r: 0/0 | t_u: 0/0) -> {'max_bond': 17, 'max_links': 4, 'total_elems': 2472, 'total_shapes': 162, 'total_links': 30, 'num_tensors': 8}
2026-06-05T23:17:05+0100 [INFO] [140R/146](swap: 1, u: 0 | c_u: 0 | t_u_l: 0/0 | t_u_r: 0/0 | t_u: 0/0) -> {'max_bond': 16, 'max_links': 4, 'total_elems': 2228, 'total_shapes': 156, 'total_links': 30, 'num_tensors': 8}
2026-06-05T23:17:05+0100 [INFO] [141R/146](swap: 0, u: 0 | c_u: 0 | t_u_l: 0/0 | t_u_r: 0/0 | t_u: 0/0) -> {'max_bond': 16, 'max_links': 4, 'total_elems': 2128, 'total_shapes': 154, 'total_links': 30, 'num_tensors': 8}
2026-06-05T23:17:05+0100 [INFO] [142R/146](swap: 1, u: 0 | c_u: 0 | t_u_l: 0/0 | t_u_r: 0/0 | t_u: 0/0) -> {'max_bond': 16, 'max_links': 4, 'total_elems': 1600, 'total_shapes': 140, 'total_links': 30, 'num_tensors': 8}
2026-06-05T23:17:05+0100 [INFO] [143R/146](swap: 0, u: 0 | c_u: 0 | t_u_l: 0/0 | t_u_r: 0/0 | t_u: 0/0) -> {'max_bond': 16, 'max_links': 4, 'total_elems': 1520, 'total_shapes': 138, 'total_links': 30, 'num_tensors': 8}
2026-06-05T23:17:05+0100 [INFO] [144R/146](swap: 0, u: 0 | c_u: 0 | t_u_l: 0/0 | t_u_r: 0/0 | t_u: 0/0) -> {'max_bond': 16, 'max_links': 4, 'total_elems': 1440, 'total_shapes': 136, 'total_links': 30, 'num_tensors': 8}
2026-06-05T23:17:05+0100 [INFO] [145R/146](swap: 0, u: 0 | c_u: 0 | t_u_l: 0/0 | t_u_r: 0/0 | t_u: 0/0) -> {'max_bond': 16, 'max_links': 4, 'total_elems': 1072, 'total_shapes': 126, 'total_links': 30, 'num_tensors': 8}
2026-06-05T23:17:05+0100 [INFO] [146R/146](swap: 0, u: 0 | c_u: 0 | t_u_l: 0/0 | t_u_r: 0/0 | t_u: 0/0) -> {'max_bond': 16, 'max_links': 4, 'total_elems': 1072, 'total_shapes': 126, 'total_links': 30, 'num_tensors': 8}
2026-06-05T23:17:05+0100 [INFO] [79L/172](swap: 1, u: 0 | c_u: 0 | t_u_l: 0/0 | t_u_r: 0/0 | t_u: 0/0) -> {'max_bond': 16, 'max_links': 4, 'total_elems': 1408, 'total_shapes': 140, 'total_links': 30, 'num_tensors': 8}
2026-06-05T23:17:05+0100 [INFO] [80L/172](swap: 1, u: 0 | c_u: 0 | t_u_l: 0/0 | t_u_r: 0/0 | t_u: 0/0) -> {'max_bond': 16, 'max_links': 4, 'total_elems': 2416, 'total_shapes': 158, 'total_links': 30, 'num_tensors': 8}
2026-06-05T23:17:05+0100 [INFO] [81L/172](swap: 0, u: 0 | c_u: 0 | t_u_l: 0/0 | t_u_r: 0/0 | t_u: 0/0) -> {'max_bond': 16, 'max_links': 4, 'total_elems': 2416, 'total_shapes': 158, 'total_links': 30, 'num_tensors': 8}
2026-06-05T23:17:05+0100 [INFO] [82L/172](swap: 0, u: 0 | c_u: 0 | t_u_l: 0/0 | t_u_r: 0/0 | t_u: 0/0) -> {'max_bond': 16, 'max_links': 4, 'total_elems': 2416, 'total_shapes': 158, 'total_links': 30, 'num_tensors': 8}
2026-06-05T23:17:05+0100 [INFO] [83L/172](swap: 0, u: 0 | c_u: 0 | t_u_l: 0/0 | t_u_r: 0/0 | t_u: 0/0) -> {'max_bond': 16, 'max_links': 4, 'total_elems': 2416, 'total_shapes': 158, 'total_links': 30, 'num_tensors': 8}
2026-06-05T23:17:05+0100 [INFO] [84L/172](swap: 0, u: 0 | c_u: 0 | t_u_l: 0/0 | t_u_r: 0/0 | t_u: 0/0) -> {'max_bond': 16, 'max_links': 4, 'total_elems': 2416, 'total_shapes': 158, 'total_links': 30, 'num_tensors': 8}
2026-06-05T23:17:05+0100 [INFO] [85L/172](swap: 0, u: 0 | c_u: 0 | t_u_l: 0/0 | t_u_r: 0/0 | t_u: 0/0) -> {'max_bond': 16, 'max_links': 4, 'total_elems': 2416, 'total_shapes': 158, 'total_links': 30, 'num_tensors': 8}
2026-06-05T23:17:05+0100 [INFO] [86L/172](swap: 1, u: 0 | c_u: 0 | t_u_l: 0/0 | t_u_r: 0/0 | t_u: 0/0) -> {'max_bond': 16, 'max_links': 4, 'total_elems': 2416, 'total_shapes': 158, 'total_links': 30, 'num_tensors': 8}
2026-06-05T23:17:05+0100 [INFO] [87L/172](swap: 1, u: 0 | c_u: 0 | t_u_l: 0/0 | t_u_r: 0/0 | t_u: 0/0) -> {'max_bond': 16, 'max_links': 4, 'total_elems': 2416, 'total_shapes': 158, 'total_links': 30, 'num_tensors': 8}
2026-06-05T23:17:05+0100 [INFO] [88L/172](swap: 0, u: 0 | c_u: 0 | t_u_l: 0/0 | t_u_r: 0/0 | t_u: 0/0) -> {'max_bond': 16, 'max_links': 4, 'total_elems': 2416, 'total_shapes': 158, 'total_links': 30, 'num_tensors': 8}
2026-06-05T23:17:05+0100 [INFO] [89L/172](swap: 0, u: 0 | c_u: 0 | t_u_l: 0/0 | t_u_r: 0/0 | t_u: 0/0) -> {'max_bond': 16, 'max_links': 4, 'total_elems': 2416, 'total_shapes': 158, 'total_links': 30, 'num_tensors': 8}
2026-06-05T23:17:05+0100 [INFO] [90L/172](swap: 0, u: 0 | c_u: 0 | t_u_l: 0/0 | t_u_r: 0/0 | t_u: 0/0) -> {'max_bond': 16, 'max_links': 4, 'total_elems': 2416, 'total_shapes': 158, 'total_links': 30, 'num_tensors': 8}
2026-06-05T23:17:05+0100 [INFO] [91L/172](swap: 1, u: 0 | c_u: 0 | t_u_l: 0/0 | t_u_r: 0/0 | t_u: 0/0) -> {'max_bond': 16, 'max_links': 4, 'total_elems': 2416, 'total_shapes': 158, 'total_links': 30, 'num_tensors': 8}
2026-06-05T23:17:05+0100 [INFO] [92L/172](swap: 1, u: 0 | c_u: 0 | t_u_l: 0/0 | t_u_r: 0/0 | t_u: 0/0) -> {'max_bond': 16, 'max_links': 4, 'total_elems': 2836, 'total_shapes': 172, 'total_links': 30, 'num_tensors': 8}
2026-06-05T23:17:05+0100 [INFO] [93L/172](swap: 1, u: 0 | c_u: 0 | t_u_l: 0/0 | t_u_r: 0/0 | t_u: 0/0) -> {'max_bond': 16, 'max_links': 4, 'total_elems': 2776, 'total_shapes': 170, 'total_links': 30, 'num_tensors': 8}
2026-06-05T23:17:05+0100 [INFO] [94L/172](swap: 0, u: 0 | c_u: 0 | t_u_l: 0/0 | t_u_r: 0/0 | t_u: 0/0) -> {'max_bond': 16, 'max_links': 4, 'total_elems': 4120, 'total_shapes': 198, 'total_links': 30, 'num_tensors': 8}
2026-06-05T23:17:05+0100 [INFO] [95L/172](swap: 1, u: 0 | c_u: 0 | t_u_l: 0/0 | t_u_r: 0/0 | t_u: 0/0) -> {'max_bond': 16, 'max_links': 4, 'total_elems': 4000, 'total_shapes': 196, 'total_links': 30, 'num_tensors': 8}
2026-06-05T23:17:05+0100 [INFO] [96L/172](swap: 0, u: 0 | c_u: 0 | t_u_l: 0/0 | t_u_r: 0/0 | t_u: 0/0) -> {'max_bond': 32, 'max_links': 4, 'total_elems': 6048, 'total_shapes': 228, 'total_links': 30, 'num_tensors': 8}
2026-06-05T23:17:05+0100 [INFO] [97L/172](swap: 0, u: 0 | c_u: 0 | t_u_l: 0/0 | t_u_r: 0/0 | t_u: 0/0) -> {'max_bond': 32, 'max_links': 4, 'total_elems': 7128, 'total_shapes': 246, 'total_links': 30, 'num_tensors': 8}
2026-06-05T23:17:05+0100 [INFO] [98L/172](swap: 0, u: 0 | c_u: 0 | t_u_l: 0/0 | t_u_r: 0/0 | t_u: 0/0) -> {'max_bond': 32, 'max_links': 4, 'total_elems': 7008, 'total_shapes': 244, 'total_links': 30, 'num_tensors': 8}
2026-06-05T23:17:05+0100 [INFO] [99L/172](swap: 0, u: 0 | c_u: 0 | t_u_l: 0/0 | t_u_r: 0/0 | t_u: 0/0) -> {'max_bond': 32, 'max_links': 4, 'total_elems': 7008, 'total_shapes': 244, 'total_links': 30, 'num_tensors': 8}
2026-06-05T23:17:05+0100 [INFO] [100L/172](swap: 0, u: 0 | c_u: 0 | t_u_l: 0/0 | t_u_r: 0/0 | t_u: 0/0) -> {'max_bond': 32, 'max_links': 4, 'total_elems': 7008, 'total_shapes': 244, 'total_links': 30, 'num_tensors': 8}
2026-06-05T23:17:05+0100 [INFO] [101L/172](swap: 0, u: 0 | c_u: 0 | t_u_l: 0/0 | t_u_r: 0/0 | t_u: 0/0) -> {'max_bond': 32, 'max_links': 4, 'total_elems': 7008, 'total_shapes': 244, 'total_links': 30, 'num_tensors': 8}
2026-06-05T23:17:05+0100 [INFO] [102L/172](swap: 1, u: 0 | c_u: 0 | t_u_l: 0/0 | t_u_r: 0/0 | t_u: 0/0) -> {'max_bond': 32, 'max_links': 4, 'total_elems': 6528, 'total_shapes': 236, 'total_links': 30, 'num_tensors': 8}
2026-06-05T23:17:05+0100 [INFO] [103L/172](swap: 0, u: 0 | c_u: 0 | t_u_l: 0/0 | t_u_r: 0/0 | t_u: 0/0) -> {'max_bond': 32, 'max_links': 4, 'total_elems': 6408, 'total_shapes': 234, 'total_links': 30, 'num_tensors': 8}
2026-06-05T23:17:05+0100 [INFO] [104L/172](swap: 0, u: 0 | c_u: 0 | t_u_l: 0/0 | t_u_r: 0/0 | t_u: 0/0) -> {'max_bond': 32, 'max_links': 4, 'total_elems': 6408, 'total_shapes': 234, 'total_links': 30, 'num_tensors': 8}
2026-06-05T23:17:05+0100 [INFO] [105L/172](swap: 0, u: 0 | c_u: 0 | t_u_l: 0/0 | t_u_r: 0/0 | t_u: 0/0) -> {'max_bond': 32, 'max_links': 4, 'total_elems': 6408, 'total_shapes': 234, 'total_links': 30, 'num_tensors': 8}
2026-06-05T23:17:05+0100 [INFO] [106L/172](swap: 0, u: 0 | c_u: 0 | t_u_l: 0/0 | t_u_r: 0/0 | t_u: 0/0) -> {'max_bond': 32, 'max_links': 4, 'total_elems': 6408, 'total_shapes': 234, 'total_links': 30, 'num_tensors': 8}
2026-06-05T23:17:05+0100 [INFO] [107L/172](swap: 0, u: 0 | c_u: 0 | t_u_l: 0/0 | t_u_r: 0/0 | t_u: 0/0) -> {'max_bond': 32, 'max_links': 4, 'total_elems': 6408, 'total_shapes': 234, 'total_links': 30, 'num_tensors': 8}
2026-06-05T23:17:05+0100 [INFO] [108L/172](swap: 0, u: 0 | c_u: 0 | t_u_l: 0/0 | t_u_r: 0/0 | t_u: 0/0) -> {'max_bond': 32, 'max_links': 4, 'total_elems': 7008, 'total_shapes': 244, 'total_links': 30, 'num_tensors': 8}
2026-06-05T23:17:05+0100 [INFO] [109L/172](swap: 0, u: 0 | c_u: 0 | t_u_l: 0/0 | t_u_r: 0/0 | t_u: 0/0) -> {'max_bond': 32, 'max_links': 4, 'total_elems': 7008, 'total_shapes': 244, 'total_links': 30, 'num_tensors': 8}
2026-06-05T23:17:05+0100 [INFO] [110L/172](swap: 1, u: 0 | c_u: 0 | t_u_l: 0/0 | t_u_r: 0/0 | t_u: 0/0) -> {'max_bond': 32, 'max_links': 4, 'total_elems': 7008, 'total_shapes': 244, 'total_links': 30, 'num_tensors': 8}
2026-06-05T23:17:05+0100 [INFO] [111L/172](swap: 0, u: 0 | c_u: 0 | t_u_l: 0/0 | t_u_r: 0/0 | t_u: 0/0) -> {'max_bond': 32, 'max_links': 4, 'total_elems': 7008, 'total_shapes': 244, 'total_links': 30, 'num_tensors': 8}
2026-06-05T23:17:05+0100 [INFO] [112L/172](swap: 0, u: 0 | c_u: 0 | t_u_l: 0/0 | t_u_r: 0/0 | t_u: 0/0) -> {'max_bond': 32, 'max_links': 4, 'total_elems': 7008, 'total_shapes': 244, 'total_links': 30, 'num_tensors': 8}
2026-06-05T23:17:05+0100 [INFO] [113L/172](swap: 0, u: 0 | c_u: 0 | t_u_l: 0/0 | t_u_r: 0/0 | t_u: 0/0) -> {'max_bond': 32, 'max_links': 4, 'total_elems': 7008, 'total_shapes': 244, 'total_links': 30, 'num_tensors': 8}
2026-06-05T23:17:05+0100 [INFO] [114L/172](swap: 0, u: 0 | c_u: 0 | t_u_l: 0/0 | t_u_r: 0/0 | t_u: 0/0) -> {'max_bond': 32, 'max_links': 4, 'total_elems': 7008, 'total_shapes': 244, 'total_links': 30, 'num_tensors': 8}
2026-06-05T23:17:05+0100 [INFO] [115L/172](swap: 0, u: 0 | c_u: 0 | t_u_l: 0/0 | t_u_r: 0/0 | t_u: 0/0) -> {'max_bond': 32, 'max_links': 4, 'total_elems': 7008, 'total_shapes': 244, 'total_links': 30, 'num_tensors': 8}
2026-06-05T23:17:05+0100 [INFO] [116L/172](swap: 1, u: 0 | c_u: 0 | t_u_l: 0/0 | t_u_r: 0/0 | t_u: 0/0) -> {'max_bond': 32, 'max_links': 4, 'total_elems': 7008, 'total_shapes': 244, 'total_links': 30, 'num_tensors': 8}
2026-06-05T23:17:06+0100 [INFO] [117L/172](swap: 1, u: 0 | c_u: 0 | t_u_l: 0/0 | t_u_r: 0/0 | t_u: 0/0) -> {'max_bond': 32, 'max_links': 4, 'total_elems': 10336, 'total_shapes': 276, 'total_links': 30, 'num_tensors': 8}
2026-06-05T23:17:06+0100 [INFO] [118L/172](swap: 1, u: 0 | c_u: 0 | t_u_l: 0/0 | t_u_r: 0/0 | t_u: 0/0) -> {'max_bond': 32, 'max_links': 4, 'total_elems': 10336, 'total_shapes': 276, 'total_links': 30, 'num_tensors': 8}
2026-06-05T23:17:07+0100 [INFO] [119L/172](swap: 1, u: 0 | c_u: 0 | t_u_l: 0/0 | t_u_r: 0/0 | t_u: 0/0) -> {'max_bond': 32, 'max_links': 4, 'total_elems': 6528, 'total_shapes': 236, 'total_links': 30, 'num_tensors': 8}
2026-06-05T23:17:07+0100 [INFO] [120L/172](swap: 1, u: 0 | c_u: 0 | t_u_l: 0/0 | t_u_r: 0/0 | t_u: 0/0) -> {'max_bond': 32, 'max_links': 4, 'total_elems': 6408, 'total_shapes': 234, 'total_links': 30, 'num_tensors': 8}
2026-06-05T23:17:07+0100 [INFO] [121L/172](swap: 1, u: 0 | c_u: 0 | t_u_l: 0/0 | t_u_r: 0/0 | t_u: 0/0) -> {'max_bond': 32, 'max_links': 4, 'total_elems': 9232, 'total_shapes': 264, 'total_links': 30, 'num_tensors': 8}
2026-06-05T23:17:07+0100 [INFO] [122L/172](swap: 1, u: 0 | c_u: 0 | t_u_l: 0/0 | t_u_r: 0/0 | t_u: 0/0) -> {'max_bond': 32, 'max_links': 4, 'total_elems': 9048, 'total_shapes': 262, 'total_links': 30, 'num_tensors': 8}
2026-06-05T23:17:07+0100 [INFO] [123L/172](swap: 1, u: 0 | c_u: 0 | t_u_l: 0/0 | t_u_r: 0/0 | t_u: 0/0) -> {'max_bond': 32, 'max_links': 4, 'total_elems': 8480, 'total_shapes': 248, 'total_links': 30, 'num_tensors': 8}
2026-06-05T23:17:07+0100 [INFO] [124L/172](swap: 0, u: 0 | c_u: 0 | t_u_l: 0/0 | t_u_r: 0/0 | t_u: 0/0) -> {'max_bond': 32, 'max_links': 4, 'total_elems': 8416, 'total_shapes': 246, 'total_links': 30, 'num_tensors': 8}
2026-06-05T23:17:07+0100 [INFO] [125L/172](swap: 0, u: 0 | c_u: 0 | t_u_l: 0/0 | t_u_r: 0/0 | t_u: 0/0) -> {'max_bond': 32, 'max_links': 4, 'total_elems': 8416, 'total_shapes': 246, 'total_links': 30, 'num_tensors': 8}
2026-06-05T23:17:07+0100 [INFO] [126L/172](swap: 0, u: 0 | c_u: 0 | t_u_l: 0/0 | t_u_r: 0/0 | t_u: 0/0) -> {'max_bond': 32, 'max_links': 4, 'total_elems': 8416, 'total_shapes': 246, 'total_links': 30, 'num_tensors': 8}
2026-06-05T23:17:07+0100 [INFO] [127L/172](swap: 0, u: 0 | c_u: 0 | t_u_l: 0/0 | t_u_r: 0/0 | t_u: 0/0) -> {'max_bond': 32, 'max_links': 4, 'total_elems': 8416, 'total_shapes': 246, 'total_links': 30, 'num_tensors': 8}
2026-06-05T23:17:07+0100 [INFO] [128L/172](swap: 1, u: 0 | c_u: 0 | t_u_l: 0/0 | t_u_r: 0/0 | t_u: 0/0) -> {'max_bond': 32, 'max_links': 4, 'total_elems': 8416, 'total_shapes': 246, 'total_links': 30, 'num_tensors': 8}
2026-06-05T23:17:07+0100 [INFO] [129L/172](swap: 1, u: 0 | c_u: 0 | t_u_l: 0/0 | t_u_r: 0/0 | t_u: 0/0) -> {'max_bond': 32, 'max_links': 4, 'total_elems': 8416, 'total_shapes': 246, 'total_links': 30, 'num_tensors': 8}
2026-06-05T23:17:08+0100 [INFO] [130L/172](swap: 0, u: 0 | c_u: 0 | t_u_l: 0/0 | t_u_r: 0/0 | t_u: 0/0) -> {'max_bond': 32, 'max_links': 4, 'total_elems': 8416, 'total_shapes': 246, 'total_links': 30, 'num_tensors': 8}
2026-06-05T23:17:08+0100 [INFO] [131L/172](swap: 0, u: 0 | c_u: 0 | t_u_l: 0/0 | t_u_r: 0/0 | t_u: 0/0) -> {'max_bond': 32, 'max_links': 4, 'total_elems': 8416, 'total_shapes': 246, 'total_links': 30, 'num_tensors': 8}
2026-06-05T23:17:08+0100 [INFO] [132L/172](swap: 1, u: 0 | c_u: 0 | t_u_l: 0/0 | t_u_r: 0/0 | t_u: 0/0) -> {'max_bond': 32, 'max_links': 4, 'total_elems': 5600, 'total_shapes': 214, 'total_links': 30, 'num_tensors': 8}
2026-06-05T23:17:08+0100 [INFO] [133L/172](swap: 1, u: 0 | c_u: 0 | t_u_l: 0/0 | t_u_r: 0/0 | t_u: 0/0) -> {'max_bond': 32, 'max_links': 4, 'total_elems': 5508, 'total_shapes': 212, 'total_links': 30, 'num_tensors': 8}
2026-06-05T23:17:08+0100 [INFO] [134L/172](swap: 0, u: 0 | c_u: 0 | t_u_l: 0/0 | t_u_r: 0/0 | t_u: 0/0) -> {'max_bond': 32, 'max_links': 4, 'total_elems': 5416, 'total_shapes': 210, 'total_links': 30, 'num_tensors': 8}
2026-06-05T23:17:08+0100 [INFO] [135L/172](swap: 0, u: 0 | c_u: 0 | t_u_l: 0/0 | t_u_r: 0/0 | t_u: 0/0) -> {'max_bond': 32, 'max_links': 4, 'total_elems': 5416, 'total_shapes': 210, 'total_links': 30, 'num_tensors': 8}
2026-06-05T23:17:08+0100 [INFO] [136L/172](swap: 0, u: 0 | c_u: 0 | t_u_l: 0/0 | t_u_r: 0/0 | t_u: 0/0) -> {'max_bond': 32, 'max_links': 4, 'total_elems': 5416, 'total_shapes': 210, 'total_links': 30, 'num_tensors': 8}
2026-06-05T23:17:08+0100 [INFO] [137L/172](swap: 0, u: 0 | c_u: 0 | t_u_l: 0/0 | t_u_r: 0/0 | t_u: 0/0) -> {'max_bond': 32, 'max_links': 4, 'total_elems': 5416, 'total_shapes': 210, 'total_links': 30, 'num_tensors': 8}
2026-06-05T23:17:08+0100 [INFO] [138L/172](swap: 0, u: 0 | c_u: 0 | t_u_l: 0/0 | t_u_r: 0/0 | t_u: 0/0) -> {'max_bond': 32, 'max_links': 4, 'total_elems': 5416, 'total_shapes': 210, 'total_links': 30, 'num_tensors': 8}
2026-06-05T23:17:08+0100 [INFO] [139L/172](swap: 0, u: 0 | c_u: 0 | t_u_l: 0/0 | t_u_r: 0/0 | t_u: 0/0) -> {'max_bond': 32, 'max_links': 4, 'total_elems': 5416, 'total_shapes': 210, 'total_links': 30, 'num_tensors': 8}
2026-06-05T23:17:08+0100 [INFO] [140L/172](swap: 1, u: 0 | c_u: 0 | t_u_l: 0/0 | t_u_r: 0/0 | t_u: 0/0) -> {'max_bond': 32, 'max_links': 4, 'total_elems': 5416, 'total_shapes': 210, 'total_links': 30, 'num_tensors': 8}
2026-06-05T23:17:08+0100 [INFO] [141L/172](swap: 1, u: 0 | c_u: 0 | t_u_l: 0/0 | t_u_r: 0/0 | t_u: 0/0) -> {'max_bond': 32, 'max_links': 4, 'total_elems': 5416, 'total_shapes': 210, 'total_links': 30, 'num_tensors': 8}
2026-06-05T23:17:08+0100 [INFO] [142L/172](swap: 0, u: 0 | c_u: 0 | t_u_l: 0/0 | t_u_r: 0/0 | t_u: 0/0) -> {'max_bond': 32, 'max_links': 4, 'total_elems': 5416, 'total_shapes': 210, 'total_links': 30, 'num_tensors': 8}
2026-06-05T23:17:08+0100 [INFO] [143L/172](swap: 0, u: 0 | c_u: 0 | t_u_l: 0/0 | t_u_r: 0/0 | t_u: 0/0) -> {'max_bond': 32, 'max_links': 4, 'total_elems': 5416, 'total_shapes': 210, 'total_links': 30, 'num_tensors': 8}
2026-06-05T23:17:08+0100 [INFO] [144L/172](swap: 1, u: 0 | c_u: 0 | t_u_l: 0/0 | t_u_r: 0/0 | t_u: 0/0) -> {'max_bond': 32, 'max_links': 4, 'total_elems': 5416, 'total_shapes': 210, 'total_links': 30, 'num_tensors': 8}
2026-06-05T23:17:08+0100 [INFO] [145L/172](swap: 1, u: 0 | c_u: 0 | t_u_l: 0/0 | t_u_r: 0/0 | t_u: 0/0) -> {'max_bond': 31, 'max_links': 4, 'total_elems': 5288, 'total_shapes': 208, 'total_links': 30, 'num_tensors': 8}
2026-06-05T23:17:08+0100 [INFO] [146L/172](swap: 0, u: 0 | c_u: 0 | t_u_l: 0/0 | t_u_r: 0/0 | t_u: 0/0) -> {'max_bond': 32, 'max_links': 4, 'total_elems': 7720, 'total_shapes': 238, 'total_links': 30, 'num_tensors': 8}
2026-06-05T23:17:08+0100 [INFO] [147L/172](swap: 0, u: 0 | c_u: 0 | t_u_l: 0/0 | t_u_r: 0/0 | t_u: 0/0) -> {'max_bond': 32, 'max_links': 4, 'total_elems': 7528, 'total_shapes': 236, 'total_links': 30, 'num_tensors': 8}
2026-06-05T23:17:08+0100 [INFO] [148L/172](swap: 1, u: 0 | c_u: 0 | t_u_l: 0/0 | t_u_r: 0/0 | t_u: 0/0) -> {'max_bond': 32, 'max_links': 4, 'total_elems': 7528, 'total_shapes': 236, 'total_links': 30, 'num_tensors': 8}
2026-06-05T23:17:10+0100 [INFO] [149L/172](swap: 2, u: 0 | c_u: 0 | t_u_l: 0/0 | t_u_r: 0/0 | t_u: 0/0) -> {'max_bond': 29, 'max_links': 4, 'total_elems': 5032, 'total_shapes': 204, 'total_links': 30, 'num_tensors': 8}
2026-06-05T23:17:10+0100 [INFO] [150L/172](swap: 0, u: 0 | c_u: 0 | t_u_l: 0/0 | t_u_r: 0/0 | t_u: 0/0) -> {'max_bond': 32, 'max_links': 4, 'total_elems': 5416, 'total_shapes': 210, 'total_links': 30, 'num_tensors': 8}
2026-06-05T23:17:10+0100 [INFO] [151L/172](swap: 0, u: 0 | c_u: 0 | t_u_l: 0/0 | t_u_r: 0/0 | t_u: 0/0) -> {'max_bond': 32, 'max_links': 4, 'total_elems': 5416, 'total_shapes': 210, 'total_links': 30, 'num_tensors': 8}
2026-06-05T23:17:10+0100 [INFO] [152L/172](swap: 0, u: 0 | c_u: 0 | t_u_l: 0/0 | t_u_r: 0/0 | t_u: 0/0) -> {'max_bond': 32, 'max_links': 4, 'total_elems': 5416, 'total_shapes': 210, 'total_links': 30, 'num_tensors': 8}
2026-06-05T23:17:10+0100 [INFO] [153L/172](swap: 0, u: 0 | c_u: 0 | t_u_l: 0/0 | t_u_r: 0/0 | t_u: 0/0) -> {'max_bond': 32, 'max_links': 4, 'total_elems': 5416, 'total_shapes': 210, 'total_links': 30, 'num_tensors': 8}
2026-06-05T23:17:10+0100 [INFO] [154L/172](swap: 0, u: 0 | c_u: 0 | t_u_l: 0/0 | t_u_r: 0/0 | t_u: 0/0) -> {'max_bond': 32, 'max_links': 4, 'total_elems': 5416, 'total_shapes': 210, 'total_links': 30, 'num_tensors': 8}
2026-06-05T23:17:10+0100 [INFO] [155L/172](swap: 0, u: 0 | c_u: 0 | t_u_l: 0/0 | t_u_r: 0/0 | t_u: 0/0) -> {'max_bond': 32, 'max_links': 4, 'total_elems': 5416, 'total_shapes': 210, 'total_links': 30, 'num_tensors': 8}
2026-06-05T23:17:10+0100 [INFO] [156L/172](swap: 0, u: 0 | c_u: 0 | t_u_l: 0/0 | t_u_r: 0/0 | t_u: 0/0) -> {'max_bond': 32, 'max_links': 4, 'total_elems': 5416, 'total_shapes': 210, 'total_links': 30, 'num_tensors': 8}
2026-06-05T23:17:10+0100 [INFO] [157L/172](swap: 1, u: 0 | c_u: 0 | t_u_l: 0/0 | t_u_r: 0/0 | t_u: 0/0) -> {'max_bond': 32, 'max_links': 4, 'total_elems': 5416, 'total_shapes': 210, 'total_links': 30, 'num_tensors': 8}
2026-06-05T23:17:11+0100 [INFO] [158L/172](swap: 1, u: 0 | c_u: 0 | t_u_l: 0/0 | t_u_r: 0/0 | t_u: 0/0) -> {'max_bond': 30, 'max_links': 4, 'total_elems': 5160, 'total_shapes': 206, 'total_links': 30, 'num_tensors': 8}
2026-06-05T23:17:11+0100 [INFO] [159L/172](swap: 1, u: 0 | c_u: 0 | t_u_l: 0/0 | t_u_r: 0/0 | t_u: 0/0) -> {'max_bond': 29, 'max_links': 4, 'total_elems': 5032, 'total_shapes': 204, 'total_links': 30, 'num_tensors': 8}
2026-06-05T23:17:11+0100 [INFO] [160L/172](swap: 1, u: 0 | c_u: 0 | t_u_l: 0/0 | t_u_r: 0/0 | t_u: 0/0) -> {'max_bond': 28, 'max_links': 4, 'total_elems': 4904, 'total_shapes': 202, 'total_links': 30, 'num_tensors': 8}
2026-06-05T23:17:11+0100 [INFO] [161L/172](swap: 0, u: 0 | c_u: 0 | t_u_l: 0/0 | t_u_r: 0/0 | t_u: 0/0) -> {'max_bond': 27, 'max_links': 4, 'total_elems': 5280, 'total_shapes': 218, 'total_links': 30, 'num_tensors': 8}
2026-06-05T23:17:11+0100 [INFO] [162L/172](swap: 1, u: 0 | c_u: 0 | t_u_l: 0/0 | t_u_r: 0/0 | t_u: 0/0) -> {'max_bond': 26, 'max_links': 4, 'total_elems': 5152, 'total_shapes': 216, 'total_links': 30, 'num_tensors': 8}
2026-06-05T23:17:11+0100 [INFO] [163L/172](swap: 0, u: 0 | c_u: 0 | t_u_l: 0/0 | t_u_r: 0/0 | t_u: 0/0) -> {'max_bond': 25, 'max_links': 4, 'total_elems': 5024, 'total_shapes': 214, 'total_links': 30, 'num_tensors': 8}
2026-06-05T23:17:11+0100 [INFO] [164L/172](swap: 0, u: 0 | c_u: 0 | t_u_l: 0/0 | t_u_r: 0/0 | t_u: 0/0) -> {'max_bond': 24, 'max_links': 4, 'total_elems': 4896, 'total_shapes': 212, 'total_links': 30, 'num_tensors': 8}
2026-06-05T23:17:11+0100 [INFO] [165L/172](swap: 0, u: 0 | c_u: 0 | t_u_l: 0/0 | t_u_r: 0/0 | t_u: 0/0) -> {'max_bond': 24, 'max_links': 4, 'total_elems': 4896, 'total_shapes': 212, 'total_links': 30, 'num_tensors': 8}
2026-06-05T23:17:11+0100 [INFO] [166L/172](swap: 0, u: 0 | c_u: 0 | t_u_l: 0/0 | t_u_r: 0/0 | t_u: 0/0) -> {'max_bond': 24, 'max_links': 4, 'total_elems': 4896, 'total_shapes': 212, 'total_links': 30, 'num_tensors': 8}
2026-06-05T23:17:11+0100 [INFO] [167L/172](swap: 0, u: 0 | c_u: 0 | t_u_l: 0/0 | t_u_r: 0/0 | t_u: 0/0) -> {'max_bond': 24, 'max_links': 4, 'total_elems': 4896, 'total_shapes': 212, 'total_links': 30, 'num_tensors': 8}
2026-06-05T23:17:11+0100 [INFO] [168L/172](swap: 0, u: 0 | c_u: 0 | t_u_l: 0/0 | t_u_r: 0/0 | t_u: 0/0) -> {'max_bond': 24, 'max_links': 4, 'total_elems': 4896, 'total_shapes': 212, 'total_links': 30, 'num_tensors': 8}
2026-06-05T23:17:11+0100 [INFO] [169L/172](swap: 0, u: 0 | c_u: 0 | t_u_l: 0/0 | t_u_r: 0/0 | t_u: 0/0) -> {'max_bond': 24, 'max_links': 4, 'total_elems': 4896, 'total_shapes': 212, 'total_links': 30, 'num_tensors': 8}
2026-06-05T23:17:11+0100 [INFO] [170L/172](swap: 0, u: 0 | c_u: 0 | t_u_l: 0/0 | t_u_r: 0/0 | t_u: 0/0) -> {'max_bond': 24, 'max_links': 4, 'total_elems': 4896, 'total_shapes': 212, 'total_links': 30, 'num_tensors': 8}
2026-06-05T23:17:11+0100 [INFO] [171L/172](swap: 0, u: 0 | c_u: 0 | t_u_l: 0/0 | t_u_r: 0/0 | t_u: 0/0) -> {'max_bond': 24, 'max_links': 4, 'total_elems': 4896, 'total_shapes': 212, 'total_links': 30, 'num_tensors': 8}
2026-06-05T23:17:11+0100 [INFO] [172L/172](swap: 0, u: 0 | c_u: 0 | t_u_l: 0/0 | t_u_r: 0/0 | t_u: 0/0) -> {'max_bond': 24, 'max_links': 4, 'total_elems': 4896, 'total_shapes': 212, 'total_links': 30, 'num_tensors': 8}
2026-06-05T23:17:11+0100 [INFO] [end compressing](left: 2, right: 2) -> {'max_bond': 24, 'max_links': 4, 'total_elems': 4896, 'total_shapes': 212, 'total_links': 30, 'num_tensors': 8}
